#
# A fatal error has been detected by the Java Runtime Environment:
#
#  SIGSEGV (0xb) at pc=0x00007fff6e1a881d, pid=3136, tid=0x0000000000000307
#
# JRE version: Java(TM) SE Runtime Environment (8.0_161-b12) (build 1.8.0_161-b12)
# Java VM: Java HotSpot(TM) 64-Bit Server VM (25.161-b12 mixed mode bsd-amd64 compressed oops)
# Problematic frame:
# C  [libobjc.A.dylib+0x681d]  objc_msgSend+0x1d
#
# Failed to write core dump. Core dumps have been disabled. To enable core dumping, try "ulimit -c unlimited" before starting Java again
#
# If you would like to submit a bug report, please visit:
#   http://bugreport.java.com/bugreport/crash.jsp
# The crash happened outside the Java Virtual Machine in native code.
# See problematic frame for where to report the bug.
#

---------------  T H R E A D  ---------------

Current thread (0x00007ff60e974800):  JavaThread "AWT-AppKit" daemon [_thread_in_native, id=775, stack(0x00007ffee305e000,0x00007ffee385e000)]

siginfo: si_signo: 11 (SIGSEGV), si_code: 1 (SEGV_MAPERR), si_addr: 0x000007ff60e4b288

Registers:
RAX=0x00007ff612a62dd0, RBX=0x000000019ac44450, RCX=0x0000000000000001, RDX=0x0000000000000000
RSP=0x00007ffee3858a08, RBP=0x00007ffee3858ac0, RSI=0x00007fff795f628e, RDI=0x00007ff6129e5970
R8 =0x000000000000013e, R9 =0x000000000000013f, R10=0x000007ff60e4b270, R11=0x00007fff795f628e
R12=0x0000000000000000, R13=0x000000019f066198, R14=0x000000019ac44440, R15=0x00007ff60e974800
RIP=0x00007fff6e1a881d, EFLAGS=0x0000000000010202, ERR=0x0000000000000004
  TRAPNO=0x000000000000000e

Top of Stack: (sp=0x00007ffee3858a08)
0x00007ffee3858a08:   000000019ac42157 00007ffee3858a60
0x00007ffee3858a18:   0000000000000003 00007ffee3858a40
0x00007ffee3858a28:   000000010cd43e3e 000000019f066198
0x00007ffee3858a38:   000000019f066198 00007ff612a62dd0
0x00007ffee3858a48:   000000019ac446a0 000000019ac44710
0x00007ffee3858a58:   00007fff8cbade98 00007fff8e499148
0x00007ffee3858a68:   000000019ac44450 000000019ac44690
0x00007ffee3858a78:   00007ff612a62dd0 00007ff6129e5970
0x00007ffee3858a88:   00007ff60e5b7790 00007ff612a62dd0
0x00007ffee3858a98:   00007ff6129e5970 00007ffee3858b48
0x00007ffee3858aa8:   00007ff60e9749f8 000000019f066198
0x00007ffee3858ab8:   00007ffee3858b70 00007ffee3858b38
0x00007ffee3858ac8:   00000001117d6667 000000019f066198
0x00007ffee3858ad8:   00007ffee3858b70 00007ffee3858b38
0x00007ffee3858ae8:   00000001117d63c7 00000001117d6382
0x00007ffee3858af8:   00007ffee3858af8 000000019f066198
0x00007ffee3858b08:   00007ffee3858b70 000000019ef665b0
0x00007ffee3858b18:   0000000000000000 000000019f066198
0x00007ffee3858b28:   0000000000000000 00007ffee3858b58
0x00007ffee3858b38:   00007ffee3858bb8 00000001117c62bd
0x00007ffee3858b48:   00000006c12b8748 00000001117cfd18
0x00007ffee3858b58:   00007ff612a62dd0 00007ffee3858bb8
0x00007ffee3858b68:   00007ff6129e5970 00000001117d1782
0x00007ffee3858b78:   00007ffee3858b78 000000019f066362
0x00007ffee3858b88:   00007ffee3858be0 000000019ef665b0
0x00007ffee3858b98:   0000000000000000 000000019f066370
0x00007ffee3858ba8:   00007ffee3858b58 00007ffee3858bc8
0x00007ffee3858bb8:   00007ffee3858c28 00000001117c62bd
0x00007ffee3858bc8:   00007ff612a62dd0 00000006c0e31b58
0x00007ffee3858bd8:   00007ff6129e5970 00000006c0e31b58
0x00007ffee3858be8:   00007ffee3858be8 00000001a2b81086
0x00007ffee3858bf8:   00007ffee3858c38 00000001a2b81140 

Instructions: (pc=0x00007fff6e1a881d)
0x00007fff6e1a87fd:   44 00 00 48 85 ff 2e 74 72 40 f6 c7 01 2e 75 76
0x00007fff6e1a880d:   49 ba f8 ff ff ff ff 7f 00 00 4c 23 17 49 89 f3
0x00007fff6e1a881d:   45 23 5a 18 49 c1 e3 04 4d 03 5a 10 49 3b 33 75
0x00007fff6e1a882d:   0a 4d 8b 5b 08 4d 31 d3 41 ff e3 49 83 3b 01 76 

Register to memory mapping:

RAX=0x00007ff612a62dd0 is an unknown value
RBX=0x000000019ac44450: Java_jogamp_nativewindow_macosx_OSXUtil_GetScreenRefreshRate0+0x1cf0 in /private/var/folders/j1/0vsbplgs3730b8p3dwn2dx7h0000gn/T/jogamp_0000/file_cache/jln4660583025758900233/jln768689101190800855/libnativewindow_macosx.jnilib at 0x000000019ac3d000
RCX=0x0000000000000001 is an unknown value
RDX=0x0000000000000000 is an unknown value
RSP=0x00007ffee3858a08 is pointing into the stack for thread: 0x00007ff60e974800
RBP=0x00007ffee3858ac0 is pointing into the stack for thread: 0x00007ff60e974800
RSI=0x00007fff795f628e: GCC_except_table740+0xb4243be in /usr/lib/libobjc.A.dylib at 0x00007fff6e1a2000
RDI=0x00007ff6129e5970 is an unknown value
R8 =0x000000000000013e is an unknown value
R9 =0x000000000000013f is an unknown value
R10=0x000007ff60e4b270 is an unknown value
R11=0x00007fff795f628e: GCC_except_table740+0xb4243be in /usr/lib/libobjc.A.dylib at 0x00007fff6e1a2000
R12=0x0000000000000000 is an unknown value
R13={method} {0x000000019f066198} 'UnsetJAWTRootSurfaceLayer0' '(JJ)V' in 'jogamp/nativewindow/jawt/macosx/MacOSXJAWTWindow'
R14=0x000000019ac44440: Java_jogamp_nativewindow_macosx_OSXUtil_GetScreenRefreshRate0+0x1ce0 in /private/var/folders/j1/0vsbplgs3730b8p3dwn2dx7h0000gn/T/jogamp_0000/file_cache/jln4660583025758900233/jln768689101190800855/libnativewindow_macosx.jnilib at 0x000000019ac3d000
R15=0x00007ff60e974800 is a thread


Stack: [0x00007ffee305e000,0x00007ffee385e000],  sp=0x00007ffee3858a08,  free space=8170k
Native frames: (J=compiled Java code, j=interpreted, Vv=VM code, C=native code)
C  [libobjc.A.dylib+0x681d]  objc_msgSend+0x1d
j  jogamp.nativewindow.jawt.macosx.MacOSXJAWTWindow.UnsetJAWTRootSurfaceLayer0(JJ)V+0
j  jogamp.nativewindow.jawt.macosx.MacOSXJAWTWindow.access$200(JJ)V+2
j  jogamp.nativewindow.jawt.macosx.MacOSXJAWTWindow$1.run()V+38
J 3124 C1 com.jogamp.common.util.RunnableTask.run()V (345 bytes) @ 0x00000001120c4ab4 [0x00000001120c4920+0x194]
v  ~StubRoutines::call_stub
V  [libjvm.dylib+0x2ef9aa]
V  [libjvm.dylib+0x326bd8]
V  [libjvm.dylib+0x3193bb]
C  [libnativewindow_macosx.jnilib+0x5326]  Java_jogamp_nativewindow_jawt_macosx_MacOSXJAWTWindow_UnsetJAWTRootSurfaceLayer0+0x2b6
C  [Foundation+0x9b0dd]  __NSThreadPerformPerform+0xcc
C  [CoreFoundation+0x83de2]  __CFRUNLOOP_IS_CALLING_OUT_TO_A_SOURCE0_PERFORM_FUNCTION__+0x11
C  [CoreFoundation+0x83d81]  __CFRunLoopDoSource0+0x67
C  [CoreFoundation+0x83bf7]  __CFRunLoopDoSources0+0x12d
C  [CoreFoundation+0x828ca]  __CFRunLoopRun+0x39f
C  [CoreFoundation+0x81ece]  CFRunLoopRunSpecific+0x1ce
C  [HIToolbox+0x2fabd]  RunCurrentEventLoopInMode+0x124
C  [HIToolbox+0x2f6f4]  ReceiveNextEventCommon+0x167
C  [HIToolbox+0x2f579]  _BlockUntilNextEventMatchingListInModeWithFilter+0x40
C  [AppKit+0x41829]  _DPSNextEvent+0x373
C  [AppKit+0x40070]  -[NSApplication(NSEvent) _nextEventMatchingEventMask:untilDate:inMode:dequeue:]+0x548
C  [libosxapp.dylib+0x23aa]  -[NSApplicationAWT nextEventMatchingMask:untilDate:inMode:dequeue:]+0x7c
C  [AppKit+0x31d7e]  -[NSApplication run]+0x292
C  [libosxapp.dylib+0x214d]  +[NSApplicationAWT runAWTLoopWithApp:]+0x9c
C  [libawt_lwawt.dylib+0x47397]  -[AWTStarter starter:]+0x389
C  [Foundation+0x9b0dd]  __NSThreadPerformPerform+0xcc
C  [CoreFoundation+0x83de2]  __CFRUNLOOP_IS_CALLING_OUT_TO_A_SOURCE0_PERFORM_FUNCTION__+0x11
C  [CoreFoundation+0x83d81]  __CFRunLoopDoSource0+0x67
C  [CoreFoundation+0x83b9b]  __CFRunLoopDoSources0+0xd1
C  [CoreFoundation+0x828ca]  __CFRunLoopRun+0x39f
C  [CoreFoundation+0x81ece]  CFRunLoopRunSpecific+0x1ce
C  [java+0x647a]  CreateExecutionEnvironment+0x367
C  [java+0x212c]  JLI_Launch+0x7a0
C  [java+0x84d7]  main+0x65
C  [java+0x1984]  start+0x34
C  0x0000000000000007

Java frames: (J=compiled Java code, j=interpreted, Vv=VM code)
j  jogamp.nativewindow.jawt.macosx.MacOSXJAWTWindow.UnsetJAWTRootSurfaceLayer0(JJ)V+0
j  jogamp.nativewindow.jawt.macosx.MacOSXJAWTWindow.access$200(JJ)V+2
j  jogamp.nativewindow.jawt.macosx.MacOSXJAWTWindow$1.run()V+38
J 3124 C1 com.jogamp.common.util.RunnableTask.run()V (345 bytes) @ 0x00000001120c4ab4 [0x00000001120c4920+0x194]
v  ~StubRoutines::call_stub

---------------  P R O C E S S  ---------------

Java Threads: ( => current thread )
  0x00007ff60e9a5000 JavaThread "Thread-19" [_thread_blocked, id=28707, stack(0x000070000b189000,0x000070000b289000)]
  0x00007ff60ecc7000 JavaThread "Animation Thread" [_thread_blocked, id=54075, stack(0x000070000af83000,0x000070000b083000)]
  0x00007ff60f398800 JavaThread "AWT-EventQueue-1" [_thread_blocked, id=55083, stack(0x000070000b086000,0x000070000b186000)]
  0x00007ff6119c7000 JavaThread "DestroyJavaVM" [_thread_blocked, id=4355, stack(0x00007000098b5000,0x00007000099b5000)]
  0x00007ff60f2b5800 JavaThread "AWT-EventQueue-0" [_thread_blocked, id=72963, stack(0x000070000ae80000,0x000070000af80000)]
  0x00007ff60ea03000 JavaThread "Java2D Disposer" daemon [_thread_blocked, id=49171, stack(0x000070000abf7000,0x000070000acf7000)]
  0x00007ff60e9f1000 JavaThread "Java2D Queue Flusher" daemon [_thread_blocked, id=48135, stack(0x000070000aaf4000,0x000070000abf4000)]
  0x00007ff60f168000 JavaThread "AWT-Shutdown" [_thread_blocked, id=40731, stack(0x000070000a868000,0x000070000a968000)]
=>0x00007ff60e974800 JavaThread "AWT-AppKit" daemon [_thread_in_native, id=775, stack(0x00007ffee305e000,0x00007ffee385e000)]
  0x00007ff60f0af000 JavaThread "Service Thread" daemon [_thread_blocked, id=14595, stack(0x000070000a5df000,0x000070000a6df000)]
  0x00007ff60e80d800 JavaThread "C1 CompilerThread2" daemon [_thread_blocked, id=18179, stack(0x000070000a4dc000,0x000070000a5dc000)]
  0x00007ff60f0ac000 JavaThread "C2 CompilerThread1" daemon [_thread_blocked, id=18435, stack(0x000070000a3d9000,0x000070000a4d9000)]
  0x00007ff60f060000 JavaThread "C2 CompilerThread0" daemon [_thread_blocked, id=18947, stack(0x000070000a2d6000,0x000070000a3d6000)]
  0x00007ff60f05f800 JavaThread "Signal Dispatcher" daemon [_thread_blocked, id=19459, stack(0x000070000a1d3000,0x000070000a2d3000)]
  0x00007ff60e83b800 JavaThread "Finalizer" daemon [_thread_blocked, id=20995, stack(0x0000700009fca000,0x000070000a0ca000)]
  0x00007ff610010800 JavaThread "Reference Handler" daemon [_thread_blocked, id=21507, stack(0x0000700009ec7000,0x0000700009fc7000)]

Other Threads:
  0x00007ff60f02e000 VMThread [stack: 0x0000700009dc4000,0x0000700009ec4000] [id=11267]
  0x00007ff611809800 WatcherThread [stack: 0x000070000a6e2000,0x000070000a7e2000] [id=14851]

VM state:not at safepoint (normal execution)

VM Mutex/Monitor currently owned by a thread: None

Heap:
 PSYoungGen      total 288768K, used 288416K [0x000000076ab00000, 0x0000000781f00000, 0x00000007c0000000)
  eden space 283648K, 100% used [0x000000076ab00000,0x000000077c000000,0x000000077c000000)
  from space 5120K, 93% used [0x0000000780280000,0x0000000780728100,0x0000000780780000)
  to   space 15872K, 0% used [0x0000000780f80000,0x0000000780f80000,0x0000000781f00000)
 ParOldGen       total 120320K, used 21737K [0x00000006c0000000, 0x00000006c7580000, 0x000000076ab00000)
  object space 120320K, 18% used [0x00000006c0000000,0x00000006c153a6b8,0x00000006c7580000)
 Metaspace       used 22021K, capacity 22421K, committed 22784K, reserved 1069056K
  class space    used 2145K, capacity 2265K, committed 2304K, reserved 1048576K

Card table byte_map: [0x000000010dfe4000,0x000000010e7e5000] byte_map_base: 0x000000010a9e4000

Marking Bits: (ParMarkBitMap*) 0x000000010d4f76c0
 Begin Bits: [0x00000001207be000, 0x00000001247be000)
 End Bits:   [0x00000001247be000, 0x00000001287be000)

Polling page: 0x000000010c3db000

CodeCache: size=245760Kb used=10922Kb max_used=11095Kb free=234837Kb
 bounds [0x00000001117be000, 0x00000001122ae000, 0x00000001207be000]
 total_blobs=4090 nmethods=3172 adapters=830
 compilation: enabled

Compilation events (10 events):
Event: 43.017 Thread 0x00007ff60f0ac000 nmethod 3662 0x0000000111f8bd50 code [0x0000000111f8bec0, 0x0000000111f8c0f8]
Event: 43.431 Thread 0x00007ff60e80d800 3663       3       sun.java2d.pipe.RenderBuffer::putInt (26 bytes)
Event: 43.431 Thread 0x00007ff60e80d800 nmethod 3663 0x00000001118fea50 code [0x00000001118febc0, 0x00000001118fed30]
Event: 43.432 Thread 0x00007ff60e80d800 3664       3       sun.java2d.SunGraphics2D::setColor (108 bytes)
Event: 43.432 Thread 0x00007ff60e80d800 nmethod 3664 0x0000000111e23a10 code [0x0000000111e23ba0, 0x0000000111e240d8]
Event: 43.435 Thread 0x00007ff60e80d800 3665       1       sun.java2d.SurfaceData::isValid (5 bytes)
Event: 43.435 Thread 0x00007ff60e80d800 nmethod 3665 0x0000000111f8ba90 code [0x0000000111f8bbe0, 0x0000000111f8bcf0]
Event: 43.448 Thread 0x00007ff60e80d800 3666       3       sun.java2d.pipe.RenderBuffer::putFloat (26 bytes)
Event: 43.449 Thread 0x00007ff60e80d800 nmethod 3666 0x0000000111e8f310 code [0x0000000111e8f480, 0x0000000111e8f610]
Event: 43.465 Thread 0x00007ff60f0ac000 3668  s    4       java.util.Vector::removeElement (29 bytes)

GC Heap History (10 events):
Event: 17.453 GC heap before
{Heap before GC invocations=10 (full 1):
 PSYoungGen      total 261120K, used 257650K [0x000000076ab00000, 0x000000077ca00000, 0x00000007c0000000)
  eden space 252928K, 100% used [0x000000076ab00000,0x000000077a200000,0x000000077a200000)
  from space 8192K, 57% used [0x000000077c200000,0x000000077c69ca08,0x000000077ca00000)
  to   space 20480K, 0% used [0x000000077a200000,0x000000077a200000,0x000000077b600000)
 ParOldGen       total 120320K, used 21697K [0x00000006c0000000, 0x00000006c7580000, 0x000000076ab00000)
  object space 120320K, 18% used [0x00000006c0000000,0x00000006c15306b8,0x00000006c7580000)
 Metaspace       used 21618K, capacity 22033K, committed 22272K, reserved 1069056K
  class space    used 2132K, capacity 2263K, committed 2304K, reserved 1048576K
Event: 17.455 GC heap after
Heap after GC invocations=10 (full 1):
 PSYoungGen      total 273408K, used 4672K [0x000000076ab00000, 0x0000000780500000, 0x00000007c0000000)
  eden space 252928K, 0% used [0x000000076ab00000,0x000000076ab00000,0x000000077a200000)
  from space 20480K, 22% used [0x000000077a200000,0x000000077a690100,0x000000077b600000)
  to   space 19456K, 0% used [0x000000077f200000,0x000000077f200000,0x0000000780500000)
 ParOldGen       total 120320K, used 21705K [0x00000006c0000000, 0x00000006c7580000, 0x000000076ab00000)
  object space 120320K, 18% used [0x00000006c0000000,0x00000006c15326b8,0x00000006c7580000)
 Metaspace       used 21618K, capacity 22033K, committed 22272K, reserved 1069056K
  class space    used 2132K, capacity 2263K, committed 2304K, reserved 1048576K
}
Event: 21.631 GC heap before
{Heap before GC invocations=11 (full 1):
 PSYoungGen      total 273408K, used 257600K [0x000000076ab00000, 0x0000000780500000, 0x00000007c0000000)
  eden space 252928K, 100% used [0x000000076ab00000,0x000000077a200000,0x000000077a200000)
  from space 20480K, 22% used [0x000000077a200000,0x000000077a690100,0x000000077b600000)
  to   space 19456K, 0% used [0x000000077f200000,0x000000077f200000,0x0000000780500000)
 ParOldGen       total 120320K, used 21705K [0x00000006c0000000, 0x00000006c7580000, 0x000000076ab00000)
  object space 120320K, 18% used [0x00000006c0000000,0x00000006c15326b8,0x00000006c7580000)
 Metaspace       used 21838K, capacity 22225K, committed 22528K, reserved 1069056K
  class space    used 2133K, capacity 2263K, committed 2304K, reserved 1048576K
Event: 21.633 GC heap after
Heap after GC invocations=11 (full 1):
 PSYoungGen      total 315392K, used 4736K [0x000000076ab00000, 0x000000077fa80000, 0x00000007c0000000)
  eden space 306688K, 0% used [0x000000076ab00000,0x000000076ab00000,0x000000077d680000)
  from space 8704K, 54% used [0x000000077f200000,0x000000077f6a0100,0x000000077fa80000)
  to   space 18432K, 0% used [0x000000077d680000,0x000000077d680000,0x000000077e880000)
 ParOldGen       total 120320K, used 21713K [0x00000006c0000000, 0x00000006c7580000, 0x000000076ab00000)
  object space 120320K, 18% used [0x00000006c0000000,0x00000006c15346b8,0x00000006c7580000)
 Metaspace       used 21838K, capacity 22225K, committed 22528K, reserved 1069056K
  class space    used 2133K, capacity 2263K, committed 2304K, reserved 1048576K
}
Event: 26.018 GC heap before
{Heap before GC invocations=12 (full 1):
 PSYoungGen      total 315392K, used 311424K [0x000000076ab00000, 0x000000077fa80000, 0x00000007c0000000)
  eden space 306688K, 100% used [0x000000076ab00000,0x000000077d680000,0x000000077d680000)
  from space 8704K, 54% used [0x000000077f200000,0x000000077f6a0100,0x000000077fa80000)
  to   space 18432K, 0% used [0x000000077d680000,0x000000077d680000,0x000000077e880000)
 ParOldGen       total 120320K, used 21713K [0x00000006c0000000, 0x00000006c7580000, 0x000000076ab00000)
  object space 120320K, 18% used [0x00000006c0000000,0x00000006c15346b8,0x00000006c7580000)
 Metaspace       used 21890K, capacity 22289K, committed 22528K, reserved 1069056K
  class space    used 2133K, capacity 2263K, committed 2304K, reserved 1048576K
Event: 26.023 GC heap after
Heap after GC invocations=12 (full 1):
 PSYoungGen      total 325120K, used 4768K [0x000000076ab00000, 0x0000000782f80000, 0x00000007c0000000)
  eden space 306688K, 0% used [0x000000076ab00000,0x000000076ab00000,0x000000077d680000)
  from space 18432K, 25% used [0x000000077d680000,0x000000077db28100,0x000000077e880000)
  to   space 17408K, 0% used [0x0000000781e80000,0x0000000781e80000,0x0000000782f80000)
 ParOldGen       total 120320K, used 21721K [0x00000006c0000000, 0x00000006c7580000, 0x000000076ab00000)
  object space 120320K, 18% used [0x00000006c0000000,0x00000006c15366b8,0x00000006c7580000)
 Metaspace       used 21890K, capacity 22289K, committed 22528K, reserved 1069056K
  class space    used 2133K, capacity 2263K, committed 2304K, reserved 1048576K
}
Event: 32.320 GC heap before
{Heap before GC invocations=13 (full 1):
 PSYoungGen      total 325120K, used 311456K [0x000000076ab00000, 0x0000000782f80000, 0x00000007c0000000)
  eden space 306688K, 100% used [0x000000076ab00000,0x000000077d680000,0x000000077d680000)
  from space 18432K, 25% used [0x000000077d680000,0x000000077db28100,0x000000077e880000)
  to   space 17408K, 0% used [0x0000000781e80000,0x0000000781e80000,0x0000000782f80000)
 ParOldGen       total 120320K, used 21721K [0x00000006c0000000, 0x00000006c7580000, 0x000000076ab00000)
  object space 120320K, 18% used [0x00000006c0000000,0x00000006c15366b8,0x00000006c7580000)
 Metaspace       used 21957K, capacity 22353K, committed 22784K, reserved 1069056K
  class space    used 2133K, capacity 2263K, committed 2304K, reserved 1048576K
Event: 32.323 GC heap after
Heap after GC invocations=13 (full 1):
 PSYoungGen      total 300032K, used 4768K [0x000000076ab00000, 0x0000000782380000, 0x00000007c0000000)
  eden space 294912K, 0% used [0x000000076ab00000,0x000000076ab00000,0x000000077cb00000)
  from space 5120K, 93% used [0x0000000781e80000,0x0000000782328100,0x0000000782380000)
  to   space 16896K, 0% used [0x0000000780280000,0x0000000780280000,0x0000000781300000)
 ParOldGen       total 120320K, used 21729K [0x00000006c0000000, 0x00000006c7580000, 0x000000076ab00000)
  object space 120320K, 18% used [0x00000006c0000000,0x00000006c15386b8,0x00000006c7580000)
 Metaspace       used 21957K, capacity 22353K, committed 22784K, reserved 1069056K
  class space    used 2133K, capacity 2263K, committed 2304K, reserved 1048576K
}
Event: 38.685 GC heap before
{Heap before GC invocations=14 (full 1):
 PSYoungGen      total 300032K, used 299680K [0x000000076ab00000, 0x0000000782380000, 0x00000007c0000000)
  eden space 294912K, 100% used [0x000000076ab00000,0x000000077cb00000,0x000000077cb00000)
  from space 5120K, 93% used [0x0000000781e80000,0x0000000782328100,0x0000000782380000)
  to   space 16896K, 0% used [0x0000000780280000,0x0000000780280000,0x0000000781300000)
 ParOldGen       total 120320K, used 21729K [0x00000006c0000000, 0x00000006c7580000, 0x000000076ab00000)
  object space 120320K, 18% used [0x00000006c0000000,0x00000006c15386b8,0x00000006c7580000)
 Metaspace       used 21957K, capacity 22353K, committed 22784K, reserved 1069056K
  class space    used 2133K, capacity 2263K, committed 2304K, reserved 1048576K
Event: 38.689 GC heap after
Heap after GC invocations=14 (full 1):
 PSYoungGen      total 288768K, used 4768K [0x000000076ab00000, 0x0000000781f00000, 0x00000007c0000000)
  eden space 283648K, 0% used [0x000000076ab00000,0x000000076ab00000,0x000000077c000000)
  from space 5120K, 93% used [0x0000000780280000,0x0000000780728100,0x0000000780780000)
  to   space 15872K, 0% used [0x0000000780f80000,0x0000000780f80000,0x0000000781f00000)
 ParOldGen       total 120320K, used 21737K [0x00000006c0000000, 0x00000006c7580000, 0x000000076ab00000)
  object space 120320K, 18% used [0x00000006c0000000,0x00000006c153a6b8,0x00000006c7580000)
 Metaspace       used 21957K, capacity 22353K, committed 22784K, reserved 1069056K
  class space    used 2133K, capacity 2263K, committed 2304K, reserved 1048576K
}

Deoptimization events (10 events):
Event: 18.634 Thread 0x00007ff60f398800 Uncommon trap: reason=unstable_if action=reinterpret pc=0x00000001120a54c4 method=module6.CommonMarker.draw(Lprocessing/core/PGraphics;FF)V @ 4
Event: 27.019 Thread 0x00007ff60f398800 Uncommon trap: reason=unstable_if action=reinterpret pc=0x00000001121053ec method=sun.awt.SunToolkit.getAppContext(Ljava/lang/Object;)Lsun/awt/AppContext; @ 4
Event: 43.431 Thread 0x00007ff60f398800 Uncommon trap: reason=unstable_if action=reinterpret pc=0x0000000111d31ee8 method=com.jogamp.common.util.VersionNumber.compareTo(Lcom/jogamp/common/util/VersionNumber;)I @ 21
Event: 43.434 Thread 0x00007ff60f2b5800 Uncommon trap: reason=unstable_if action=reinterpret pc=0x0000000111fe3654 method=java.awt.Font.equals(Ljava/lang/Object;)Z @ 2
Event: 43.446 Thread 0x00007ff60ea48000 Uncommon trap: reason=class_check action=maybe_recompile pc=0x0000000111ce934c method=java.util.HashMap.putVal(ILjava/lang/Object;Ljava/lang/Object;ZZ)Ljava/lang/Object; @ 91
Event: 43.446 Thread 0x00007ff60ea48000 Uncommon trap: reason=class_check action=maybe_recompile pc=0x0000000111ce934c method=java.util.HashMap.putVal(ILjava/lang/Object;Ljava/lang/Object;ZZ)Ljava/lang/Object; @ 91
Event: 43.446 Thread 0x00007ff60ea48000 Uncommon trap: reason=class_check action=maybe_recompile pc=0x0000000111ce934c method=java.util.HashMap.putVal(ILjava/lang/Object;Ljava/lang/Object;ZZ)Ljava/lang/Object; @ 91
Event: 43.447 Thread 0x00007ff60ea48000 Uncommon trap: reason=class_check action=maybe_recompile pc=0x0000000111ce934c method=java.util.HashMap.putVal(ILjava/lang/Object;Ljava/lang/Object;ZZ)Ljava/lang/Object; @ 91
Event: 43.447 Thread 0x00007ff60ea48000 Uncommon trap: reason=class_check action=maybe_recompile pc=0x0000000111c45ccc method=java.util.HashMap.putVal(ILjava/lang/Object;Ljava/lang/Object;ZZ)Ljava/lang/Object; @ 91
Event: 43.465 Thread 0x00007ff60e9a5000 Uncommon trap: reason=predicate action=maybe_recompile pc=0x000000011204b8d0 method=java.util.Vector.indexOf(Ljava/lang/Object;I)I @ 44

Classes redefined (0 events):
No events

Internal exceptions (10 events):
Event: 0.234 Thread 0x00007ff60e80d000 Exception <a 'java/lang/NoSuchFieldError': method resolution failed> (0x000000076ae185f0) thrown at [/Users/java_re/workspace/8-2-build-macosx-x86_64/jdk8u161/10277/hotspot/src/share/vm/prims/methodHandles.cpp, line 1167]
Event: 0.464 Thread 0x00007ff60e80d000 Exception <a 'java/io/FileNotFoundException'> (0x000000076ae93c70) thrown at [/Users/java_re/workspace/8-2-build-macosx-x86_64/jdk8u161/10277/hotspot/src/share/vm/prims/jni.cpp, line 709]
Event: 0.464 Thread 0x00007ff60e80d000 Exception <a 'java/io/FileNotFoundException'> (0x000000076ae94810) thrown at [/Users/java_re/workspace/8-2-build-macosx-x86_64/jdk8u161/10277/hotspot/src/share/vm/prims/jni.cpp, line 709]
Event: 0.684 Thread 0x00007ff60e80d000 Exception <a 'java/io/FileNotFoundException'> (0x000000076b0628e8) thrown at [/Users/java_re/workspace/8-2-build-macosx-x86_64/jdk8u161/10277/hotspot/src/share/vm/prims/jni.cpp, line 709]
Event: 3.982 Thread 0x00007ff60ecc7000 Exception <a 'java/lang/UnsatisfiedLinkError': com.jogamp.common.util.JarUtil.fixNativeLibAttribs(Ljava/lang/String;)Z> (0x000000076c9d9e68) thrown at [/Users/java_re/workspace/8-2-build-macosx-x86_64/jdk8u161/10277/hotspot/src/share/vm/prims/nativeLookup
Event: 6.374 Thread 0x00007ff60f398800 Exception <a 'java/io/FileNotFoundException'> (0x000000076dd512a0) thrown at [/Users/java_re/workspace/8-2-build-macosx-x86_64/jdk8u161/10277/hotspot/src/share/vm/prims/jni.cpp, line 709]
Event: 6.375 Thread 0x00007ff60f398800 Exception <a 'java/io/FileNotFoundException'> (0x000000076dd5ce28) thrown at [/Users/java_re/workspace/8-2-build-macosx-x86_64/jdk8u161/10277/hotspot/src/share/vm/prims/jni.cpp, line 709]
Event: 6.375 Thread 0x00007ff60f398800 Implicit null exception at 0x00000001119b7336 to 0x00000001119b76f9
Event: 6.518 Thread 0x00007ff60e83b800 Exception <a 'java/lang/NullPointerException'> (0x000000076ad155a0) thrown at [/Users/java_re/workspace/8-2-build-macosx-x86_64/jdk8u161/10277/hotspot/src/share/vm/interpreter/linkResolver.cpp, line 1185]
Event: 7.575 Thread 0x00007ff60f398800 Implicit null exception at 0x0000000111c34dc6 to 0x0000000111c3500d

Events (10 events):
Event: 43.463 Executing VM operation: Deoptimize
Event: 43.464 Executing VM operation: Deoptimize done
Event: 43.464 loading class java/awt/Toolkit$ToolkitEventMulticaster
Event: 43.464 loading class java/awt/Toolkit$ToolkitEventMulticaster done
Event: 43.465 Thread 0x00007ff60ea48000 Thread exited: 0x00007ff60ea48000
Event: 43.465 Thread 0x00007ff60e9a5000 Uncommon trap: trap_request=0xffffff86 fr.pc=0x000000011204b8d0
Event: 43.465 Thread 0x00007ff60e9a5000 DEOPT PACKING pc=0x000000011204b8d0 sp=0x000070000b2888b0
Event: 43.465 Thread 0x00007ff60e9a5000 DEOPT UNPACKING pc=0x000000011180373a sp=0x000070000b288860 mode 2
Event: 43.465 loading class java/awt/Window$1DisposeAction
Event: 43.465 loading class java/awt/Window$1DisposeAction done


Dynamic libraries:
0x0000000008213000 	/System/Library/Frameworks/Cocoa.framework/Versions/A/Cocoa
0x0000000008213000 	/System/Library/Frameworks/Security.framework/Versions/A/Security
0x0000000008213000 	/System/Library/Frameworks/ApplicationServices.framework/Versions/A/ApplicationServices
0x0000000008213000 	/usr/lib/libz.1.dylib
0x0000000008213000 	/usr/lib/libSystem.B.dylib
0x0000000008213000 	/usr/lib/libobjc.A.dylib
0x0000000008213000 	/System/Library/Frameworks/CoreFoundation.framework/Versions/A/CoreFoundation
0x0000000008213000 	/System/Library/Frameworks/Foundation.framework/Versions/C/Foundation
0x0000000008213000 	/System/Library/Frameworks/AppKit.framework/Versions/C/AppKit
0x0000000008213000 	/System/Library/Frameworks/CoreData.framework/Versions/A/CoreData
0x0000000008213000 	/System/Library/PrivateFrameworks/UIFoundation.framework/Versions/A/UIFoundation
0x0000000008213000 	/System/Library/PrivateFrameworks/RemoteViewServices.framework/Versions/A/RemoteViewServices
0x0000000008213000 	/System/Library/PrivateFrameworks/XCTTargetBootstrap.framework/Versions/A/XCTTargetBootstrap
0x0000000008213000 	/System/Library/Frameworks/CoreDisplay.framework/Versions/A/CoreDisplay
0x0000000008213000 	/System/Library/Frameworks/Metal.framework/Versions/A/Metal
0x0000000008213000 	/System/Library/PrivateFrameworks/DesktopServicesPriv.framework/Versions/A/DesktopServicesPriv
0x0000000008213000 	/usr/lib/liblangid.dylib
0x0000000008213000 	/System/Library/PrivateFrameworks/CoreSVG.framework/Versions/A/CoreSVG
0x0000000008213000 	/System/Library/PrivateFrameworks/SkyLight.framework/Versions/A/SkyLight
0x0000000008213000 	/System/Library/Frameworks/CoreGraphics.framework/Versions/A/CoreGraphics
0x0000000008213000 	/System/Library/Frameworks/Accelerate.framework/Versions/A/Accelerate
0x0000000008213000 	/usr/lib/libxml2.2.dylib
0x0000000008213000 	/System/Library/PrivateFrameworks/IconServices.framework/Versions/A/IconServices
0x0000000008213000 	/System/Library/Frameworks/IOSurface.framework/Versions/A/IOSurface
0x0000000008213000 	/usr/lib/libDiagnosticMessagesClient.dylib
0x0000000008213000 	/System/Library/PrivateFrameworks/DFRFoundation.framework/Versions/A/DFRFoundation
0x0000000008213000 	/usr/lib/libicucore.A.dylib
0x0000000008213000 	/System/Library/Frameworks/AudioToolbox.framework/Versions/A/AudioToolbox
0x0000000008213000 	/System/Library/Frameworks/AudioUnit.framework/Versions/A/AudioUnit
0x0000000008213000 	/usr/lib/libauto.dylib
0x0000000008213000 	/System/Library/PrivateFrameworks/DataDetectorsCore.framework/Versions/A/DataDetectorsCore
0x0000000008213000 	/System/Library/Frameworks/Carbon.framework/Versions/A/Frameworks/HIToolbox.framework/Versions/A/HIToolbox
0x0000000008213000 	/System/Library/Frameworks/QuartzCore.framework/Versions/A/QuartzCore
0x0000000008213000 	/System/Library/Frameworks/Carbon.framework/Versions/A/Frameworks/SpeechRecognition.framework/Versions/A/SpeechRecognition
0x0000000008213000 	/System/Library/PrivateFrameworks/CoreUI.framework/Versions/A/CoreUI
0x0000000008213000 	/System/Library/Frameworks/CoreAudio.framework/Versions/A/CoreAudio
0x0000000008213000 	/System/Library/Frameworks/DiskArbitration.framework/Versions/A/DiskArbitration
0x0000000008213000 	/System/Library/PrivateFrameworks/MultitouchSupport.framework/Versions/A/MultitouchSupport
0x0000000008213000 	/usr/lib/libenergytrace.dylib
0x0000000008213000 	/System/Library/Frameworks/IOKit.framework/Versions/A/IOKit
0x0000000008213000 	/System/Library/Frameworks/CoreServices.framework/Versions/A/CoreServices
0x0000000008213000 	/System/Library/PrivateFrameworks/PerformanceAnalysis.framework/Versions/A/PerformanceAnalysis
0x0000000008213000 	/System/Library/Frameworks/OpenGL.framework/Versions/A/OpenGL
0x0000000008213000 	/System/Library/Frameworks/ColorSync.framework/Versions/A/ColorSync
0x0000000008213000 	/System/Library/Frameworks/CoreImage.framework/Versions/A/CoreImage
0x0000000008213000 	/System/Library/Frameworks/CoreText.framework/Versions/A/CoreText
0x0000000008213000 	/System/Library/Frameworks/ImageIO.framework/Versions/A/ImageIO
0x0000000008213000 	/usr/lib/libc++.1.dylib
0x0000000008213000 	/usr/lib/libcompression.dylib
0x0000000008213000 	/usr/lib/libMobileGestalt.dylib
0x0000000008213000 	/System/Library/PrivateFrameworks/TextureIO.framework/Versions/A/TextureIO
0x0000000008213000 	/usr/lib/libate.dylib
0x0000000008213000 	/System/Library/PrivateFrameworks/InternationalSupport.framework/Versions/A/InternationalSupport
0x0000000008213000 	/usr/lib/system/libcache.dylib
0x0000000008213000 	/usr/lib/system/libcommonCrypto.dylib
0x0000000008213000 	/usr/lib/system/libcompiler_rt.dylib
0x0000000008213000 	/usr/lib/system/libcopyfile.dylib
0x0000000008213000 	/usr/lib/system/libcorecrypto.dylib
0x0000000008213000 	/usr/lib/system/libdispatch.dylib
0x0000000008213000 	/usr/lib/system/libdyld.dylib
0x0000000008213000 	/usr/lib/system/libkeymgr.dylib
0x0000000008213000 	/usr/lib/system/liblaunch.dylib
0x0000000008213000 	/usr/lib/system/libmacho.dylib
0x0000000008213000 	/usr/lib/system/libquarantine.dylib
0x0000000008213000 	/usr/lib/system/libremovefile.dylib
0x0000000008213000 	/usr/lib/system/libsystem_asl.dylib
0x0000000008213000 	/usr/lib/system/libsystem_blocks.dylib
0x0000000008213000 	/usr/lib/system/libsystem_c.dylib
0x0000000008213000 	/usr/lib/system/libsystem_configuration.dylib
0x0000000008213000 	/usr/lib/system/libsystem_coreservices.dylib
0x0000000008213000 	/usr/lib/system/libsystem_darwin.dylib
0x0000000008213000 	/usr/lib/system/libsystem_dnssd.dylib
0x0000000008213000 	/usr/lib/system/libsystem_featureflags.dylib
0x0000000008213000 	/usr/lib/system/libsystem_info.dylib
0x0000000008213000 	/usr/lib/system/libsystem_m.dylib
0x0000000008213000 	/usr/lib/system/libsystem_malloc.dylib
0x0000000008213000 	/usr/lib/system/libsystem_networkextension.dylib
0x0000000008213000 	/usr/lib/system/libsystem_notify.dylib
0x0000000008213000 	/usr/lib/system/libsystem_sandbox.dylib
0x0000000008213000 	/usr/lib/system/libsystem_secinit.dylib
0x0000000008213000 	/usr/lib/system/libsystem_kernel.dylib
0x0000000008213000 	/usr/lib/system/libsystem_platform.dylib
0x0000000008213000 	/usr/lib/system/libsystem_pthread.dylib
0x0000000008213000 	/usr/lib/system/libsystem_symptoms.dylib
0x0000000008213000 	/usr/lib/system/libsystem_trace.dylib
0x0000000008213000 	/usr/lib/system/libunwind.dylib
0x0000000008213000 	/usr/lib/system/libxpc.dylib
0x0000000008213000 	/usr/lib/libc++abi.dylib
0x0000000008213000 	/usr/lib/liblzma.5.dylib
0x0000000008213000 	/usr/lib/libfakelink.dylib
0x0000000008213000 	/usr/lib/libarchive.2.dylib
0x0000000008213000 	/System/Library/Frameworks/SystemConfiguration.framework/Versions/A/SystemConfiguration
0x0000000008213000 	/usr/lib/libCRFSuite.dylib
0x0000000008213000 	/System/Library/Frameworks/CFNetwork.framework/Versions/A/CFNetwork
0x0000000008213000 	/usr/lib/libbsm.0.dylib
0x0000000008213000 	/usr/lib/system/libkxld.dylib
0x0000000008213000 	/System/Library/PrivateFrameworks/AppleFSCompression.framework/Versions/A/AppleFSCompression
0x0000000008213000 	/usr/lib/libcoretls.dylib
0x0000000008213000 	/usr/lib/libcoretls_cfhelpers.dylib
0x0000000008213000 	/usr/lib/libpam.2.dylib
0x0000000008213000 	/usr/lib/libsqlite3.dylib
0x0000000008213000 	/usr/lib/libxar.1.dylib
0x0000000008213000 	/usr/lib/libbz2.1.0.dylib
0x0000000008213000 	/usr/lib/libiconv.2.dylib
0x0000000008213000 	/usr/lib/libcharset.1.dylib
0x0000000008213000 	/usr/lib/libnetwork.dylib
0x0000000008213000 	/usr/lib/libpcap.A.dylib
0x0000000008213000 	/usr/lib/libapple_nghttp2.dylib
0x0000000008213000 	/System/Library/Frameworks/CoreServices.framework/Versions/A/Frameworks/FSEvents.framework/Versions/A/FSEvents
0x0000000008213000 	/System/Library/Frameworks/CoreServices.framework/Versions/A/Frameworks/CarbonCore.framework/Versions/A/CarbonCore
0x0000000008213000 	/System/Library/Frameworks/CoreServices.framework/Versions/A/Frameworks/Metadata.framework/Versions/A/Metadata
0x0000000008213000 	/System/Library/Frameworks/CoreServices.framework/Versions/A/Frameworks/OSServices.framework/Versions/A/OSServices
0x0000000008213000 	/System/Library/Frameworks/CoreServices.framework/Versions/A/Frameworks/SearchKit.framework/Versions/A/SearchKit
0x0000000008213000 	/System/Library/Frameworks/CoreServices.framework/Versions/A/Frameworks/AE.framework/Versions/A/AE
0x0000000008213000 	/System/Library/Frameworks/CoreServices.framework/Versions/A/Frameworks/LaunchServices.framework/Versions/A/LaunchServices
0x0000000008213000 	/System/Library/Frameworks/CoreServices.framework/Versions/A/Frameworks/DictionaryServices.framework/Versions/A/DictionaryServices
0x0000000008213000 	/System/Library/Frameworks/CoreServices.framework/Versions/A/Frameworks/SharedFileList.framework/Versions/A/SharedFileList
0x0000000008213000 	/System/Library/Frameworks/NetFS.framework/Versions/A/NetFS
0x0000000008213000 	/System/Library/PrivateFrameworks/NetAuth.framework/Versions/A/NetAuth
0x0000000008213000 	/System/Library/PrivateFrameworks/login.framework/Versions/A/Frameworks/loginsupport.framework/Versions/A/loginsupport
0x0000000008213000 	/System/Library/PrivateFrameworks/TCC.framework/Versions/A/TCC
0x0000000008213000 	/System/Library/PrivateFrameworks/CoreNLP.framework/Versions/A/CoreNLP
0x0000000008213000 	/System/Library/PrivateFrameworks/MetadataUtilities.framework/Versions/A/MetadataUtilities
0x0000000008213000 	/usr/lib/libmecabra.dylib
0x0000000008213000 	/usr/lib/libmecab.dylib
0x0000000008213000 	/usr/lib/libgermantok.dylib
0x0000000008213000 	/usr/lib/libThaiTokenizer.dylib
0x0000000008213000 	/usr/lib/libChineseTokenizer.dylib
0x0000000008213000 	/System/Library/Frameworks/Accelerate.framework/Versions/A/Frameworks/vImage.framework/Versions/A/vImage
0x0000000008213000 	/System/Library/Frameworks/Accelerate.framework/Versions/A/Frameworks/vecLib.framework/Versions/A/vecLib
0x0000000008213000 	/System/Library/Frameworks/Accelerate.framework/Versions/A/Frameworks/vecLib.framework/Versions/A/libvMisc.dylib
0x0000000008213000 	/System/Library/Frameworks/Accelerate.framework/Versions/A/Frameworks/vecLib.framework/Versions/A/libvDSP.dylib
0x0000000008213000 	/System/Library/Frameworks/Accelerate.framework/Versions/A/Frameworks/vecLib.framework/Versions/A/libBLAS.dylib
0x0000000008213000 	/System/Library/Frameworks/Accelerate.framework/Versions/A/Frameworks/vecLib.framework/Versions/A/libLAPACK.dylib
0x0000000008213000 	/System/Library/Frameworks/Accelerate.framework/Versions/A/Frameworks/vecLib.framework/Versions/A/libLinearAlgebra.dylib
0x0000000008213000 	/System/Library/Frameworks/Accelerate.framework/Versions/A/Frameworks/vecLib.framework/Versions/A/libSparseBLAS.dylib
0x0000000008213000 	/System/Library/Frameworks/Accelerate.framework/Versions/A/Frameworks/vecLib.framework/Versions/A/libQuadrature.dylib
0x0000000008213000 	/System/Library/Frameworks/Accelerate.framework/Versions/A/Frameworks/vecLib.framework/Versions/A/libBNNS.dylib
0x0000000008213000 	/System/Library/Frameworks/Accelerate.framework/Versions/A/Frameworks/vecLib.framework/Versions/A/libSparse.dylib
0x0000000008213000 	/System/Library/PrivateFrameworks/LanguageModeling.framework/Versions/A/LanguageModeling
0x0000000008213000 	/System/Library/PrivateFrameworks/CoreEmoji.framework/Versions/A/CoreEmoji
0x0000000008213000 	/System/Library/PrivateFrameworks/LinguisticData.framework/Versions/A/LinguisticData
0x0000000008213000 	/System/Library/PrivateFrameworks/Lexicon.framework/Versions/A/Lexicon
0x0000000008213000 	/usr/lib/libcmph.dylib
0x0000000008213000 	/System/Library/Frameworks/OpenDirectory.framework/Versions/A/Frameworks/CFOpenDirectory.framework/Versions/A/CFOpenDirectory
0x0000000008213000 	/System/Library/Frameworks/OpenDirectory.framework/Versions/A/OpenDirectory
0x0000000008213000 	/System/Library/PrivateFrameworks/APFS.framework/Versions/A/APFS
0x0000000008213000 	/System/Library/Frameworks/SecurityFoundation.framework/Versions/A/SecurityFoundation
0x0000000008213000 	/usr/lib/libutil.dylib
0x0000000008213000 	/System/Library/PrivateFrameworks/CoreServicesStore.framework/Versions/A/CoreServicesStore
0x0000000008213000 	/System/Library/Frameworks/ServiceManagement.framework/Versions/A/ServiceManagement
0x0000000008213000 	/System/Library/PrivateFrameworks/BackgroundTaskManagement.framework/Versions/A/BackgroundTaskManagement
0x0000000008213000 	/usr/lib/libxslt.1.dylib
0x0000000008213000 	/System/Library/PrivateFrameworks/AppleSystemInfo.framework/Versions/A/AppleSystemInfo
0x0000000008213000 	/System/Library/Frameworks/ImageIO.framework/Versions/A/Resources/libJPEG.dylib
0x0000000008213000 	/System/Library/Frameworks/ImageIO.framework/Versions/A/Resources/libTIFF.dylib
0x0000000008213000 	/System/Library/Frameworks/ImageIO.framework/Versions/A/Resources/libPng.dylib
0x0000000008213000 	/System/Library/Frameworks/ImageIO.framework/Versions/A/Resources/libGIF.dylib
0x0000000008213000 	/System/Library/Frameworks/ImageIO.framework/Versions/A/Resources/libJP2.dylib
0x0000000008213000 	/System/Library/Frameworks/ImageIO.framework/Versions/A/Resources/libRadiance.dylib
0x0000000008213000 	/usr/lib/libexpat.1.dylib
0x0000000008213000 	/System/Library/PrivateFrameworks/AppleJPEG.framework/Versions/A/AppleJPEG
0x0000000008213000 	/System/Library/PrivateFrameworks/FontServices.framework/libFontParser.dylib
0x0000000008213000 	/System/Library/PrivateFrameworks/WatchdogClient.framework/Versions/A/WatchdogClient
0x0000000008213000 	/System/Library/PrivateFrameworks/IOAccelerator.framework/Versions/A/IOAccelerator
0x0000000008213000 	/System/Library/Frameworks/MetalPerformanceShaders.framework/Versions/A/MetalPerformanceShaders
0x0000000008213000 	/System/Library/PrivateFrameworks/GPUWrangler.framework/Versions/A/GPUWrangler
0x0000000008213000 	/System/Library/PrivateFrameworks/IOPresentment.framework/Versions/A/IOPresentment
0x0000000008213000 	/System/Library/PrivateFrameworks/DSExternalDisplay.framework/Versions/A/DSExternalDisplay
0x0000000008213000 	/System/Library/Frameworks/OpenGL.framework/Versions/A/Libraries/libCoreFSCache.dylib
0x0000000008213000 	/System/Library/Frameworks/MetalPerformanceShaders.framework/Frameworks/MPSCore.framework/Versions/A/MPSCore
0x0000000008213000 	/System/Library/Frameworks/MetalPerformanceShaders.framework/Frameworks/MPSImage.framework/Versions/A/MPSImage
0x0000000008213000 	/System/Library/Frameworks/MetalPerformanceShaders.framework/Frameworks/MPSNeuralNetwork.framework/Versions/A/MPSNeuralNetwork
0x0000000008213000 	/System/Library/Frameworks/MetalPerformanceShaders.framework/Frameworks/MPSMatrix.framework/Versions/A/MPSMatrix
0x0000000008213000 	/System/Library/Frameworks/MetalPerformanceShaders.framework/Frameworks/MPSRayIntersector.framework/Versions/A/MPSRayIntersector
0x0000000008213000 	/System/Library/Frameworks/MetalPerformanceShaders.framework/Frameworks/MPSNDArray.framework/Versions/A/MPSNDArray
0x0000000008213000 	/System/Library/PrivateFrameworks/MetalTools.framework/Versions/A/MetalTools
0x0000000008213000 	/System/Library/PrivateFrameworks/AggregateDictionary.framework/Versions/A/AggregateDictionary
0x0000000008213000 	/System/Library/PrivateFrameworks/CoreAnalytics.framework/Versions/A/CoreAnalytics
0x0000000008213000 	/System/Library/PrivateFrameworks/AppleSauce.framework/Versions/A/AppleSauce
0x0000000008213000 	/usr/lib/libIOReport.dylib
0x0000000008213000 	/System/Library/Frameworks/CoreVideo.framework/Versions/A/CoreVideo
0x0000000008213000 	/System/Library/PrivateFrameworks/GraphVisualizer.framework/Versions/A/GraphVisualizer
0x0000000008213000 	/System/Library/PrivateFrameworks/FaceCore.framework/Versions/A/FaceCore
0x0000000008213000 	/System/Library/Frameworks/OpenCL.framework/Versions/A/OpenCL
0x0000000008213000 	/usr/lib/libFosl_dynamic.dylib
0x0000000008213000 	/System/Library/PrivateFrameworks/OTSVG.framework/Versions/A/OTSVG
0x0000000008213000 	/System/Library/Frameworks/ApplicationServices.framework/Versions/A/Frameworks/ATS.framework/Versions/A/Resources/libFontRegistry.dylib
0x0000000008213000 	/System/Library/PrivateFrameworks/FontServices.framework/libhvf.dylib
0x0000000008213000 	/System/Library/Frameworks/OpenGL.framework/Versions/A/Libraries/libGFXShared.dylib
0x0000000008213000 	/System/Library/Frameworks/OpenGL.framework/Versions/A/Libraries/libGLU.dylib
0x0000000008213000 	/System/Library/Frameworks/OpenGL.framework/Versions/A/Libraries/libGL.dylib
0x0000000008213000 	/System/Library/Frameworks/OpenGL.framework/Versions/A/Libraries/libGLImage.dylib
0x0000000008213000 	/System/Library/Frameworks/OpenGL.framework/Versions/A/Libraries/libCVMSPluginSupport.dylib
0x0000000008213000 	/System/Library/Frameworks/OpenGL.framework/Versions/A/Libraries/libCoreVMClient.dylib
0x0000000008213000 	/usr/lib/libncurses.5.4.dylib
0x0000000008213000 	/System/Library/Frameworks/ApplicationServices.framework/Versions/A/Frameworks/ATS.framework/Versions/A/ATS
0x0000000008213000 	/System/Library/Frameworks/ApplicationServices.framework/Versions/A/Frameworks/ColorSyncLegacy.framework/Versions/A/ColorSyncLegacy
0x0000000008213000 	/System/Library/Frameworks/ApplicationServices.framework/Versions/A/Frameworks/HIServices.framework/Versions/A/HIServices
0x0000000008213000 	/System/Library/Frameworks/ApplicationServices.framework/Versions/A/Frameworks/LangAnalysis.framework/Versions/A/LangAnalysis
0x0000000008213000 	/System/Library/Frameworks/ApplicationServices.framework/Versions/A/Frameworks/PrintCore.framework/Versions/A/PrintCore
0x0000000008213000 	/System/Library/Frameworks/ApplicationServices.framework/Versions/A/Frameworks/QD.framework/Versions/A/QD
0x0000000008213000 	/System/Library/Frameworks/ApplicationServices.framework/Versions/A/Frameworks/SpeechSynthesis.framework/Versions/A/SpeechSynthesis
0x0000000008213000 	/System/Library/Frameworks/ApplicationServices.framework/Versions/A/Frameworks/ATSUI.framework/Versions/A/ATSUI
0x0000000008213000 	/usr/lib/libcups.2.dylib
0x0000000008213000 	/System/Library/Frameworks/Kerberos.framework/Versions/A/Kerberos
0x0000000008213000 	/System/Library/Frameworks/GSS.framework/Versions/A/GSS
0x0000000008213000 	/usr/lib/libresolv.9.dylib
0x0000000008213000 	/System/Library/PrivateFrameworks/Heimdal.framework/Versions/A/Heimdal
0x0000000008213000 	/System/Library/Frameworks/Kerberos.framework/Versions/A/Libraries/libHeimdalProxy.dylib
0x0000000008213000 	/usr/lib/libheimdal-asn1.dylib
0x0000000008213000 	/System/Library/PrivateFrameworks/CommonAuth.framework/Versions/A/CommonAuth
0x0000000008213000 	/System/Library/PrivateFrameworks/AssertionServices.framework/Versions/A/AssertionServices
0x0000000008213000 	/System/Library/PrivateFrameworks/AudioToolboxCore.framework/Versions/A/AudioToolboxCore
0x0000000008213000 	/System/Library/PrivateFrameworks/caulk.framework/Versions/A/caulk
0x0000000008213000 	/System/Library/PrivateFrameworks/BaseBoard.framework/Versions/A/BaseBoard
0x0000000008213000 	/System/Library/PrivateFrameworks/RunningBoardServices.framework/Versions/A/RunningBoardServices
0x0000000008213000 	/System/Library/PrivateFrameworks/PersistentConnection.framework/Versions/A/PersistentConnection
0x0000000008213000 	/System/Library/PrivateFrameworks/ProtocolBuffer.framework/Versions/A/ProtocolBuffer
0x0000000008213000 	/System/Library/PrivateFrameworks/CommonUtilities.framework/Versions/A/CommonUtilities
0x0000000008213000 	/System/Library/PrivateFrameworks/Bom.framework/Versions/A/Bom
0x0000000008213000 	/usr/lib/libAudioToolboxUtility.dylib
0x0000000008213000 	/System/Library/PrivateFrameworks/Backup.framework/Versions/A/Backup
0x0000000008213000 	/System/Library/PrivateFrameworks/CrashReporterSupport.framework/Versions/A/CrashReporterSupport
0x0000000008213000 	/System/Library/PrivateFrameworks/Sharing.framework/Versions/A/Sharing
0x0000000008213000 	/System/Library/PrivateFrameworks/Apple80211.framework/Versions/A/Apple80211
0x0000000008213000 	/System/Library/PrivateFrameworks/AuthKit.framework/Versions/A/AuthKit
0x0000000008213000 	/System/Library/PrivateFrameworks/CoreUtils.framework/Versions/A/CoreUtils
0x0000000008213000 	/System/Library/Frameworks/CoreWLAN.framework/Versions/A/CoreWLAN
0x0000000008213000 	/System/Library/Frameworks/IOBluetooth.framework/Versions/A/IOBluetooth
0x0000000008213000 	/System/Library/PrivateFrameworks/MobileKeyBag.framework/Versions/A/MobileKeyBag
0x0000000008213000 	/System/Library/PrivateFrameworks/CorePhoneNumbers.framework/Versions/A/CorePhoneNumbers
0x0000000008213000 	/System/Library/PrivateFrameworks/AppleIDAuthSupport.framework/Versions/A/AppleIDAuthSupport
0x0000000008213000 	/System/Library/Frameworks/Network.framework/Versions/A/Network
0x0000000008213000 	/System/Library/PrivateFrameworks/KeychainCircle.framework/Versions/A/KeychainCircle
0x0000000008213000 	/System/Library/Frameworks/CoreBluetooth.framework/Versions/A/CoreBluetooth
0x0000000008213000 	/System/Library/PrivateFrameworks/SpeechRecognitionCore.framework/Versions/A/SpeechRecognitionCore
0x000000010cc00000 	/Library/Java/JavaVirtualMachines/jdk1.8.0_161.jdk/Contents/Home/jre/lib/server/libjvm.dylib
0x0000000008213000 	/usr/lib/libstdc++.6.dylib
0x000000010c3cd000 	/Library/Java/JavaVirtualMachines/jdk1.8.0_161.jdk/Contents/Home/jre/lib/libverify.dylib
0x000000010dbae000 	/Library/Java/JavaVirtualMachines/jdk1.8.0_161.jdk/Contents/Home/jre/lib/libjava.dylib
0x000000010c3e5000 	/Library/Java/JavaVirtualMachines/jdk1.8.0_161.jdk/Contents/Home/jre/lib/libzip.dylib
0x000000011004d000 	/Library/Java/JavaVirtualMachines/jdk1.8.0_161.jdk/Contents/Home/jre/lib/libawt.dylib
0x00000001100f7000 	/Library/Java/JavaVirtualMachines/jdk1.8.0_161.jdk/Contents/Home/jre/lib/libmlib_image.dylib
0x0000000008213000 	/System/Library/Frameworks/JavaVM.framework/Versions/A/Frameworks/JavaNativeFoundation.framework/Versions/A/JavaNativeFoundation
0x0000000008213000 	/System/Library/Frameworks/JavaVM.framework/Versions/A/Frameworks/JavaRuntimeSupport.framework/Versions/A/JavaRuntimeSupport
0x0000000008213000 	/System/Library/Frameworks/JavaVM.framework/Versions/A/JavaVM
0x0000000008213000 	/System/Library/PrivateFrameworks/JavaLaunching.framework/Versions/A/JavaLaunching
0x0000000008213000 	/System/Library/Frameworks/Carbon.framework/Versions/A/Carbon
0x0000000008213000 	/System/Library/PrivateFrameworks/CoreSymbolication.framework/Versions/A/CoreSymbolication
0x0000000008213000 	/System/Library/Frameworks/Carbon.framework/Versions/A/Frameworks/CommonPanels.framework/Versions/A/CommonPanels
0x0000000008213000 	/System/Library/Frameworks/Carbon.framework/Versions/A/Frameworks/Help.framework/Versions/A/Help
0x0000000008213000 	/System/Library/Frameworks/Carbon.framework/Versions/A/Frameworks/ImageCapture.framework/Versions/A/ImageCapture
0x0000000008213000 	/System/Library/Frameworks/Carbon.framework/Versions/A/Frameworks/OpenScripting.framework/Versions/A/OpenScripting
0x0000000008213000 	/System/Library/Frameworks/Carbon.framework/Versions/A/Frameworks/Ink.framework/Versions/A/Ink
0x0000000008213000 	/System/Library/Frameworks/Carbon.framework/Versions/A/Frameworks/Print.framework/Versions/A/Print
0x0000000008213000 	/System/Library/Frameworks/Carbon.framework/Versions/A/Frameworks/SecurityHI.framework/Versions/A/SecurityHI
0x0000000008213000 	/System/Library/PrivateFrameworks/DebugSymbols.framework/Versions/A/DebugSymbols
0x00000001101c3000 	/Library/Java/JavaVirtualMachines/jdk1.8.0_161.jdk/Contents/Home/jre/lib/libawt_lwawt.dylib
0x000000011027d000 	/Library/Java/JavaVirtualMachines/jdk1.8.0_161.jdk/Contents/Home/jre/lib/libosxapp.dylib
0x0000000008213000 	/System/Library/Frameworks/ExceptionHandling.framework/Versions/A/ExceptionHandling
0x0000000008213000 	/System/Library/PrivateFrameworks/CoreServicesInternal.framework/Versions/A/CoreServicesInternal
0x0000000008213000 	/System/Library/Frameworks/FileProvider.framework/Versions/A/FileProvider
0x0000000008213000 	/System/Library/Frameworks/Accounts.framework/Versions/A/Accounts
0x0000000008213000 	/System/Library/PrivateFrameworks/GenerationalStorage.framework/Versions/A/GenerationalStorage
0x0000000008213000 	/System/Library/PrivateFrameworks/SymptomDiagnosticReporter.framework/Versions/A/SymptomDiagnosticReporter
0x0000000008213000 	/System/Library/PrivateFrameworks/AppContainer.framework/Versions/A/AppContainer
0x0000000008213000 	/usr/lib/libsandbox.1.dylib
0x0000000008213000 	/System/Library/PrivateFrameworks/UserManagement.framework/Versions/A/UserManagement
0x0000000008213000 	/System/Library/PrivateFrameworks/ChunkingLibrary.framework/Versions/A/ChunkingLibrary
0x0000000008213000 	/System/Library/PrivateFrameworks/AppSandbox.framework/Versions/A/AppSandbox
0x0000000008213000 	/System/Library/PrivateFrameworks/SecCodeWrapper.framework/Versions/A/SecCodeWrapper
0x0000000008213000 	/usr/lib/libMatch.1.dylib
0x0000000008213000 	/System/Library/CoreServices/RawCamera.bundle/Contents/MacOS/RawCamera
0x0000000008213000 	/System/Library/PrivateFrameworks/MobileAsset.framework/Versions/A/MobileAsset
0x0000000008213000 	/System/Library/PrivateFrameworks/StreamingZip.framework/Versions/A/StreamingZip
0x0000000008213000 	/System/Library/Frameworks/MediaToolbox.framework/Versions/A/MediaToolbox
0x0000000008213000 	/System/Library/PrivateFrameworks/CoreAVCHD.framework/Versions/A/CoreAVCHD
0x0000000008213000 	/System/Library/Frameworks/MediaAccessibility.framework/Versions/A/MediaAccessibility
0x0000000008213000 	/System/Library/PrivateFrameworks/Mangrove.framework/Versions/A/Mangrove
0x0000000008213000 	/System/Library/Frameworks/CoreMedia.framework/Versions/A/CoreMedia
0x0000000008213000 	/System/Library/PrivateFrameworks/MediaExperience.framework/Versions/A/MediaExperience
0x0000000008213000 	/System/Library/Frameworks/VideoToolbox.framework/Versions/A/VideoToolbox
0x0000000008213000 	/System/Library/PrivateFrameworks/CoreAUC.framework/Versions/A/CoreAUC
0x0000000008213000 	/usr/lib/libspindump.dylib
0x0000000008213000 	/System/Library/PrivateFrameworks/AudioResourceArbitration.framework/Versions/A/AudioResourceArbitration
0x0000000008213000 	/System/Library/PrivateFrameworks/AppleVA.framework/Versions/A/AppleVA
0x0000000008213000 	/System/Library/Frameworks/Accelerate.framework/Versions/A/Frameworks/vImage.framework/Versions/A/Libraries/libCGInterfaces.dylib
0x0000000111544000 	/usr/lib/libobjc-trampolines.dylib
0x0000000008213000 	/System/Library/PrivateFrameworks/FontServices.framework/libTrueTypeScaler.dylib
0x0000000008213000 	/System/Library/Extensions/AppleIntelKBLGraphicsMTLDriver.bundle/Contents/MacOS/AppleIntelKBLGraphicsMTLDriver
0x0000000008213000 	/System/Library/PrivateFrameworks/GPUCompiler.framework/Versions/3902/Libraries/libmetal_timestamp.dylib
0x0000000008213000 	/System/Library/PrivateFrameworks/FamilyControls.framework/Versions/A/FamilyControls
0x0000000008213000 	/System/Library/PrivateFrameworks/CommerceKit.framework/Versions/A/Frameworks/CommerceCore.framework/Versions/A/CommerceCore
0x0000000008213000 	/System/Library/PrivateFrameworks/SystemAdministration.framework/Versions/A/SystemAdministration
0x0000000008213000 	/System/Library/PrivateFrameworks/DiskManagement.framework/Versions/A/DiskManagement
0x0000000008213000 	/System/Library/Frameworks/DirectoryService.framework/Versions/A/DirectoryService
0x0000000008213000 	/System/Library/PrivateFrameworks/DiskImages.framework/Versions/A/DiskImages
0x0000000008213000 	/System/Library/PrivateFrameworks/LoginUIKit.framework/Versions/A/Frameworks/LoginUICore.framework/Versions/A/LoginUICore
0x0000000008213000 	/usr/lib/libCoreStorage.dylib
0x0000000008213000 	/usr/lib/libcsfde.dylib
0x0000000008213000 	/usr/lib/libodfde.dylib
0x0000000008213000 	/System/Library/PrivateFrameworks/MediaKit.framework/Versions/A/MediaKit
0x0000000008213000 	/System/Library/Frameworks/DiscRecording.framework/Versions/A/DiscRecording
0x0000000008213000 	/System/Library/PrivateFrameworks/EFILogin.framework/Versions/A/EFILogin
0x0000000008213000 	/System/Library/PrivateFrameworks/ProtectedCloudStorage.framework/Versions/A/ProtectedCloudStorage
0x0000000008213000 	/usr/lib/libcurl.4.dylib
0x0000000008213000 	/usr/lib/libcrypto.44.dylib
0x0000000008213000 	/usr/lib/libssl.46.dylib
0x0000000008213000 	/System/Library/Frameworks/LDAP.framework/Versions/A/LDAP
0x0000000008213000 	/System/Library/PrivateFrameworks/TrustEvaluationAgent.framework/Versions/A/TrustEvaluationAgent
0x0000000008213000 	/usr/lib/libsasl2.2.dylib
0x0000000008213000 	/System/Library/PrivateFrameworks/CoreDaemon.framework/Versions/B/CoreDaemon
0x0000000008213000 	/System/Library/PrivateFrameworks/AppleSRP.framework/Versions/A/AppleSRP
0x0000000008213000 	/System/Library/PrivateFrameworks/ViewBridge.framework/Versions/A/ViewBridge
0x0000000008213000 	/System/Library/Frameworks/OpenGL.framework/Versions/A/Resources/GLEngine.bundle/GLEngine
0x0000000008213000 	/System/Library/Frameworks/OpenGL.framework/Versions/A/Libraries/libGLProgrammability.dylib
0x0000000008213000 	/System/Library/Extensions/AppleIntelKBLGraphicsGLDriver.bundle/Contents/MacOS/AppleIntelKBLGraphicsGLDriver
0x0000000008213000 	/System/Library/PrivateFrameworks/GPUSupport.framework/Versions/A/Libraries/libGPUSupportMercury.dylib
0x0000000008213000 	/System/Library/Frameworks/OpenGL.framework/Versions/A/Resources/GLRendererFloat.bundle/GLRendererFloat
0x0000000008213000 	/System/Library/Frameworks/OpenCL.framework/Versions/A/Libraries/libcldcpuengine.dylib
0x0000000008213000 	/System/Library/PrivateFrameworks/login.framework/Versions/A/login
0x000000012b9a9000 	/Library/Java/JavaVirtualMachines/jdk1.8.0_161.jdk/Contents/Home/jre/lib/libfontmanager.dylib
0x0000000008213000 	/System/Library/PrivateFrameworks/HDRProcessing.framework/Versions/A/HDRProcessing
0x000000012cd46000 	/Library/Java/JavaVirtualMachines/jdk1.8.0_161.jdk/Contents/Home/jre/lib/libosxui.dylib
0x000000012cfef000 	/Library/Java/JavaVirtualMachines/jdk1.8.0_161.jdk/Contents/Home/jre/lib/libnet.dylib
0x000000012d006000 	/Library/Java/JavaVirtualMachines/jdk1.8.0_161.jdk/Contents/Home/jre/lib/libnio.dylib
0x000000012cd3d000 	/private/var/folders/j1/0vsbplgs3730b8p3dwn2dx7h0000gn/T/jogamp_0000/file_cache/jln4660583025758900233/jln768689101190800855/libgluegen-rt.jnilib
0x000000012ca21000 	/private/var/folders/j1/0vsbplgs3730b8p3dwn2dx7h0000gn/T/jogamp_0000/file_cache/jln4660583025758900233/jln768689101190800855/libnativewindow_awt.jnilib
0x000000012cd41000 	/Library/Java/JavaVirtualMachines/jdk1.8.0_161.jdk/Contents/Home/jre/lib/libjawt.dylib
0x000000019ac3d000 	/private/var/folders/j1/0vsbplgs3730b8p3dwn2dx7h0000gn/T/jogamp_0000/file_cache/jln4660583025758900233/jln768689101190800855/libnativewindow_macosx.jnilib
0x000000019ac47000 	/private/var/folders/j1/0vsbplgs3730b8p3dwn2dx7h0000gn/T/jogamp_0000/file_cache/jln4660583025758900233/jln768689101190800855/libjogl_desktop.jnilib
0x00000001a467b000 	/Library/Java/JavaVirtualMachines/jdk1.8.0_161.jdk/Contents/Home/jre/lib/libt2k.dylib
0x0000000008213000 	/System/Library/PrivateFrameworks/Shortcut.framework/Versions/A/Shortcut
0x0000000008213000 	/System/Library/PrivateFrameworks/HelpData.framework/Versions/A/HelpData

VM Arguments:
jvm_args: -Djava.security.policy=java.policy.applet -Dfile.encoding=UTF-8 
java_command: sun.applet.AppletViewer module6.EarthquakeCityMap1593941748371.html
java_class_path (initial): /Library/Java/JavaVirtualMachines/jdk1.8.0_161.jdk/Contents/Home/jre/lib/resources.jar:/Library/Java/JavaVirtualMachines/jdk1.8.0_161.jdk/Contents/Home/jre/lib/rt.jar:/Library/Java/JavaVirtualMachines/jdk1.8.0_161.jdk/Contents/Home/jre/lib/jsse.jar:/Library/Java/JavaVirtualMachines/jdk1.8.0_161.jdk/Contents/Home/jre/lib/jce.jar:/Library/Java/JavaVirtualMachines/jdk1.8.0_161.jdk/Contents/Home/jre/lib/charsets.jar:/Library/Java/JavaVirtualMachines/jdk1.8.0_161.jdk/Contents/Home/jre/lib/jfr.jar:/Library/Java/JavaVirtualMachines/jdk1.8.0_161.jdk/Contents/Home/jre/lib/ext/sunec.jar:/Library/Java/JavaVirtualMachines/jdk1.8.0_161.jdk/Contents/Home/jre/lib/ext/nashorn.jar:/Library/Java/JavaVirtualMachines/jdk1.8.0_161.jdk/Contents/Home/jre/lib/ext/cldrdata.jar:/Library/Java/JavaVirtualMachines/jdk1.8.0_161.jdk/Contents/Home/jre/lib/ext/jfxrt.jar:/Library/Java/JavaVirtualMachines/jdk1.8.0_161.jdk/Contents/Home/jre/lib/ext/dnsns.jar:/Library/Java/JavaVirtualMachines/jdk1.8.0_161.jdk/Contents/Home/jre/lib/ext/localedata.jar:/Library/Java/JavaVirtualMachines/jdk1.8.0_161.jdk/Contents/Home/jre/lib/ext/sunjce_provider.jar:/Library/Java/JavaVirtualMachines/jdk1.8.0_161.jdk/Contents/Home/jre/lib/ext/sunpkcs11.jar:/Library/Java/JavaVirtualMachines/jdk1.8.0_161.jdk/Contents/Home/jre/lib/ext/jaccess.jar:/Library/Java/JavaVirtualMachines/jdk1.8.0_161.jdk/Contents/Home/jre/lib/ext/zipfs.jar:/System/Library/Java/Extensions/MRJToolkit.jar:/Users/kilingcheung/iCloud Drive (Archive)/Desktop/Desktop/Coursera/Java-Data-Structure/Object-Oriented-Programming/UCSDUnfoldingMaps/build:/Users/kilingcheung/iCloud Drive (Archive)/Desktop/Desktop/Coursera/Java-Data-Structure/Object-Oriented-Programming/UCSDUnfoldingMaps/lib/core.jar:/Users/kilingcheung/iCloud Drive (Archive)/Desktop/Desktop/Coursera/Java-Data-Structure/Object-Oriented-Programming/UCSDUnfoldingMaps/lib/gluegen-rt.jar:/Users/kilingcheung/iCloud Drive (Archive)/Desktop/Desktop/Coursera/Java-Data-Structure/Obj
Launcher Type: SUN_STANDARD

Environment Variables:
PATH=/usr/bin:/bin:/usr/sbin:/sbin
SHELL=/bin/bash

Signal Handlers:
SIGSEGV: [libjvm.dylib+0x5b5439], sa_mask[0]=11111111011111110111111111111111, sa_flags=SA_ONSTACK|SA_RESTART|SA_SIGINFO
SIGBUS: [libjvm.dylib+0x5b5439], sa_mask[0]=11111111011111110111111111111111, sa_flags=SA_RESTART|SA_SIGINFO
SIGFPE: [libjvm.dylib+0x48ae24], sa_mask[0]=11111111011111110111111111111111, sa_flags=SA_RESTART|SA_SIGINFO
SIGPIPE: [libjvm.dylib+0x48ae24], sa_mask[0]=11111111011111110111111111111111, sa_flags=SA_RESTART|SA_SIGINFO
SIGXFSZ: [libjvm.dylib+0x48ae24], sa_mask[0]=11111111011111110111111111111111, sa_flags=SA_RESTART|SA_SIGINFO
SIGILL: [libjvm.dylib+0x48ae24], sa_mask[0]=11111111011111110111111111111111, sa_flags=SA_RESTART|SA_SIGINFO
SIGUSR1: SIG_DFL, sa_mask[0]=00000000000000000000000000000000, sa_flags=none
SIGUSR2: [libjvm.dylib+0x48a942], sa_mask[0]=00100000000000000000000000000000, sa_flags=SA_RESTART|SA_SIGINFO
SIGHUP: [libjvm.dylib+0x488f0d], sa_mask[0]=11111111011111110111111111111111, sa_flags=SA_RESTART|SA_SIGINFO
SIGINT: [libjvm.dylib+0x488f0d], sa_mask[0]=11111111011111110111111111111111, sa_flags=SA_RESTART|SA_SIGINFO
SIGTERM: [libjvm.dylib+0x488f0d], sa_mask[0]=11111111011111110111111111111111, sa_flags=SA_RESTART|SA_SIGINFO
SIGQUIT: [libjvm.dylib+0x488f0d], sa_mask[0]=11111111011111110111111111111111, sa_flags=SA_RESTART|SA_SIGINFO


---------------  S Y S T E M  ---------------

OS:Bsduname:Darwin 19.5.0 Darwin Kernel Version 19.5.0: Thu Apr 30 18:25:59 PDT 2020; root:xnu-6153.121.1~7/RELEASE_X86_64 x86_64
rlimit: STACK 8192k, CORE 0k, NPROC 2784, NOFILE 10240, AS infinity
load average:2.03 1.67 1.59

CPU:total 4 (initial active 4) (2 cores per cpu, 2 threads per core) family 6 model 142 stepping 9, cmov, cx8, fxsr, mmx, sse, sse2, sse3, ssse3, sse4.1, sse4.2, popcnt, avx, avx2, aes, clmul, erms, rtm, 3dnowpref, lzcnt, ht, tsc, tscinvbit, bmi1, bmi2, adx

Memory: 4k page, physical 16777216k(3487204k free)

/proc/meminfo:


vm_info: Java HotSpot(TM) 64-Bit Server VM (25.161-b12) for bsd-amd64 JRE (1.8.0_161-b12), built on Dec 19 2017 16:22:20 by "java_re" with gcc 4.2.1 (Based on Apple Inc. build 5658) (LLVM build 2336.11.00)

time: Sun Jul  5 17:36:31 2020
elapsed time: 43 seconds (0d 0h 0m 43s)

