#
# A fatal error has been detected by the Java Runtime Environment:
#
#  SIGSEGV (0xb) at pc=0x00007fff7004781d, pid=3867, tid=0x0000000000000307
#
# JRE version: Java(TM) SE Runtime Environment (8.0_161-b12) (build 1.8.0_161-b12)
# Java VM: Java HotSpot(TM) 64-Bit Server VM (25.161-b12 mixed mode bsd-amd64 compressed oops)
# Problematic frame:
# C  [libobjc.A.dylib+0x681d]  objc_msgSend+0x1d
#
# Failed to write core dump. Core dumps have been disabled. To enable core dumping, try "ulimit -c unlimited" before starting Java again
#
# If you would like to submit a bug report, please visit:
#   http://bugreport.java.com/bugreport/crash.jsp
# The crash happened outside the Java Virtual Machine in native code.
# See problematic frame for where to report the bug.
#

---------------  T H R E A D  ---------------

Current thread (0x00007fd2cb186800):  JavaThread "AWT-AppKit" daemon [_thread_in_native, id=775, stack(0x00007ffeedcdd000,0x00007ffeee4dd000)]

siginfo: si_signo: 11 (SIGSEGV), si_code: 1 (SEGV_MAPERR), si_addr: 0x000007fd2d0061c8

Registers:
RAX=0x00007fd2cfad5a70, RBX=0x000000018feef450, RCX=0x8bf4593c38940001, RDX=0x0000000000000001
RSP=0x00007ffeee4d7a08, RBP=0x00007ffeee4d7ac0, RSI=0x00007fff7b49528e, RDI=0x00007fd2d004d110
R8 =0x0000000000000000, R9 =0x0000000000000031, R10=0x000007fd2d0061b0, R11=0x00007fff7b49528e
R12=0x0000000000000000, R13=0x0000000194708ee8, R14=0x000000018feef440, R15=0x00007fd2cb186800
RIP=0x00007fff7004781d, EFLAGS=0x0000000000010202, ERR=0x0000000000000004
  TRAPNO=0x000000000000000e

Top of Stack: (sp=0x00007ffeee4d7a08)
0x00007ffeee4d7a08:   000000018feed157 00007ffeee4d7a60
0x00007ffeee4d7a18:   0000000000000003 00007ffeee4d7a40
0x00007ffeee4d7a28:   0000000102143e3e 0000000194708ee8
0x00007ffeee4d7a38:   0000000194708ee8 00007fd2cfad5a70
0x00007ffeee4d7a48:   000000018feef6a0 000000018feef710
0x00007ffeee4d7a58:   00007fff8ea4ce98 00007fff90338148
0x00007ffeee4d7a68:   000000018feef450 000000018feef690
0x00007ffeee4d7a78:   00007fd2cfad5a70 00007fd2d004d110
0x00007ffeee4d7a88:   00007fd2ca58eaf0 00007fd2cfad5a70
0x00007ffeee4d7a98:   00007fd2d004d110 00007ffeee4d7b48
0x00007ffeee4d7aa8:   00007fd2cb1869f8 0000000194708ee8
0x00007ffeee4d7ab8:   00007ffeee4d7b70 00007ffeee4d7b38
0x00007ffeee4d7ac8:   0000000108e26667 0000000194708ee8
0x00007ffeee4d7ad8:   00007ffeee4d7b70 00007ffeee4d7b38
0x00007ffeee4d7ae8:   0000000108e263c7 0000000108e26382
0x00007ffeee4d7af8:   00007ffeee4d7af8 0000000194708ee8
0x00007ffeee4d7b08:   00007ffeee4d7b70 000000019470bb20
0x00007ffeee4d7b18:   0000000000000000 0000000194708ee8
0x00007ffeee4d7b28:   0000000000000000 00007ffeee4d7b58
0x00007ffeee4d7b38:   00007ffeee4d7bb8 0000000108e162bd
0x00007ffeee4d7b48:   00000006c178fc20 0000000108e1fd18
0x00007ffeee4d7b58:   00007fd2cfad5a70 00007ffeee4d7bb8
0x00007ffeee4d7b68:   00007fd2d004d110 0000000108e21782
0x00007ffeee4d7b78:   00007ffeee4d7b78 00000001947090b2
0x00007ffeee4d7b88:   00007ffeee4d7be0 000000019470bb20
0x00007ffeee4d7b98:   0000000000000000 00000001947090c0
0x00007ffeee4d7ba8:   00007ffeee4d7b58 00007ffeee4d7bc8
0x00007ffeee4d7bb8:   00007ffeee4d7c28 0000000108e162bd
0x00007ffeee4d7bc8:   00007fd2cfad5a70 00000006c08bdb00
0x00007ffeee4d7bd8:   00007fd2d004d110 00000006c08bdb00
0x00007ffeee4d7be8:   00007ffeee4d7be8 00000001959bc1ae
0x00007ffeee4d7bf8:   00007ffeee4d7c38 00000001959bc268 

Instructions: (pc=0x00007fff7004781d)
0x00007fff700477fd:   44 00 00 48 85 ff 2e 74 72 40 f6 c7 01 2e 75 76
0x00007fff7004780d:   49 ba f8 ff ff ff ff 7f 00 00 4c 23 17 49 89 f3
0x00007fff7004781d:   45 23 5a 18 49 c1 e3 04 4d 03 5a 10 49 3b 33 75
0x00007fff7004782d:   0a 4d 8b 5b 08 4d 31 d3 41 ff e3 49 83 3b 01 76 

Register to memory mapping:

RAX=0x00007fd2cfad5a70 is an unknown value
RBX=0x000000018feef450: Java_jogamp_nativewindow_macosx_OSXUtil_GetScreenRefreshRate0+0x1cf0 in /private/var/folders/j1/0vsbplgs3730b8p3dwn2dx7h0000gn/T/jogamp_0000/file_cache/jln3273234493754896493/jln658772120694593738/libnativewindow_macosx.jnilib at 0x000000018fee8000
RCX=0x8bf4593c38940001 is an unknown value
RDX=0x0000000000000001 is an unknown value
RSP=0x00007ffeee4d7a08 is pointing into the stack for thread: 0x00007fd2cb186800
RBP=0x00007ffeee4d7ac0 is pointing into the stack for thread: 0x00007fd2cb186800
RSI=0x00007fff7b49528e: GCC_except_table740+0xb4243be in /usr/lib/libobjc.A.dylib at 0x00007fff70041000
RDI=0x00007fd2d004d110 is an unknown value
R8 =0x0000000000000000 is an unknown value
R9 =0x0000000000000031 is an unknown value
R10=0x000007fd2d0061b0 is an unknown value
R11=0x00007fff7b49528e: GCC_except_table740+0xb4243be in /usr/lib/libobjc.A.dylib at 0x00007fff70041000
R12=0x0000000000000000 is an unknown value
R13={method} {0x0000000194708ee8} 'UnsetJAWTRootSurfaceLayer0' '(JJ)V' in 'jogamp/nativewindow/jawt/macosx/MacOSXJAWTWindow'
R14=0x000000018feef440: Java_jogamp_nativewindow_macosx_OSXUtil_GetScreenRefreshRate0+0x1ce0 in /private/var/folders/j1/0vsbplgs3730b8p3dwn2dx7h0000gn/T/jogamp_0000/file_cache/jln3273234493754896493/jln658772120694593738/libnativewindow_macosx.jnilib at 0x000000018fee8000
R15=0x00007fd2cb186800 is a thread


Stack: [0x00007ffeedcdd000,0x00007ffeee4dd000],  sp=0x00007ffeee4d7a08,  free space=8170k
Native frames: (J=compiled Java code, j=interpreted, Vv=VM code, C=native code)
C  [libobjc.A.dylib+0x681d]  objc_msgSend+0x1d
j  jogamp.nativewindow.jawt.macosx.MacOSXJAWTWindow.UnsetJAWTRootSurfaceLayer0(JJ)V+0
j  jogamp.nativewindow.jawt.macosx.MacOSXJAWTWindow.access$200(JJ)V+2
j  jogamp.nativewindow.jawt.macosx.MacOSXJAWTWindow$1.run()V+38
J 2012 C1 com.jogamp.common.util.RunnableTask.run()V (345 bytes) @ 0x00000001094854b4 [0x0000000109485320+0x194]
v  ~StubRoutines::call_stub
V  [libjvm.dylib+0x2ef9aa]
V  [libjvm.dylib+0x326bd8]
V  [libjvm.dylib+0x3193bb]
C  [libnativewindow_macosx.jnilib+0x5326]  Java_jogamp_nativewindow_jawt_macosx_MacOSXJAWTWindow_UnsetJAWTRootSurfaceLayer0+0x2b6
C  [Foundation+0x9b0dd]  __NSThreadPerformPerform+0xcc
C  [CoreFoundation+0x83de2]  __CFRUNLOOP_IS_CALLING_OUT_TO_A_SOURCE0_PERFORM_FUNCTION__+0x11
C  [CoreFoundation+0x83d81]  __CFRunLoopDoSource0+0x67
C  [CoreFoundation+0x83b9b]  __CFRunLoopDoSources0+0xd1
C  [CoreFoundation+0x828ca]  __CFRunLoopRun+0x39f
C  [CoreFoundation+0x81ece]  CFRunLoopRunSpecific+0x1ce
C  [HIToolbox+0x2fabd]  RunCurrentEventLoopInMode+0x124
C  [HIToolbox+0x2f6f4]  ReceiveNextEventCommon+0x167
C  [HIToolbox+0x2f579]  _BlockUntilNextEventMatchingListInModeWithFilter+0x40
C  [AppKit+0x41829]  _DPSNextEvent+0x373
C  [AppKit+0x40070]  -[NSApplication(NSEvent) _nextEventMatchingEventMask:untilDate:inMode:dequeue:]+0x548
C  [libosxapp.dylib+0x23aa]  -[NSApplicationAWT nextEventMatchingMask:untilDate:inMode:dequeue:]+0x7c
C  [AppKit+0x31d7e]  -[NSApplication run]+0x292
C  [libosxapp.dylib+0x214d]  +[NSApplicationAWT runAWTLoopWithApp:]+0x9c
C  [libawt_lwawt.dylib+0x47397]  -[AWTStarter starter:]+0x389
C  [Foundation+0x9b0dd]  __NSThreadPerformPerform+0xcc
C  [CoreFoundation+0x83de2]  __CFRUNLOOP_IS_CALLING_OUT_TO_A_SOURCE0_PERFORM_FUNCTION__+0x11
C  [CoreFoundation+0x83d81]  __CFRunLoopDoSource0+0x67
C  [CoreFoundation+0x83b9b]  __CFRunLoopDoSources0+0xd1
C  [CoreFoundation+0x828ca]  __CFRunLoopRun+0x39f
C  [CoreFoundation+0x81ece]  CFRunLoopRunSpecific+0x1ce
C  [java+0x647a]  CreateExecutionEnvironment+0x367
C  [java+0x212c]  JLI_Launch+0x7a0
C  [java+0x84d7]  main+0x65
C  [java+0x1984]  start+0x34
C  0x0000000000000007

Java frames: (J=compiled Java code, j=interpreted, Vv=VM code)
j  jogamp.nativewindow.jawt.macosx.MacOSXJAWTWindow.UnsetJAWTRootSurfaceLayer0(JJ)V+0
j  jogamp.nativewindow.jawt.macosx.MacOSXJAWTWindow.access$200(JJ)V+2
j  jogamp.nativewindow.jawt.macosx.MacOSXJAWTWindow$1.run()V+38
J 2012 C1 com.jogamp.common.util.RunnableTask.run()V (345 bytes) @ 0x00000001094854b4 [0x0000000109485320+0x194]
v  ~StubRoutines::call_stub

---------------  P R O C E S S  ---------------

Java Threads: ( => current thread )
  0x00007fd2ca9e2000 JavaThread "Thread-225" [_thread_blocked, id=33283, stack(0x000070000fe5f000,0x000070000ff5f000)]
  0x00007fd2cbb86800 JavaThread "Thread-224" [_thread_in_native, id=27251, stack(0x000070000f5be000,0x000070000f6be000)]
  0x00007fd2cc486000 JavaThread "Image Fetcher 3" daemon [_thread_blocked, id=58115, stack(0x0000700010677000,0x0000700010777000)]
  0x00007fd2cab40000 JavaThread "Image Fetcher 2" daemon [_thread_blocked, id=69903, stack(0x0000700010574000,0x0000700010674000)]
  0x00007fd2cc433000 JavaThread "Image Fetcher 1" daemon [_thread_blocked, id=57603, stack(0x0000700010471000,0x0000700010571000)]
  0x00007fd2cab35000 JavaThread "Image Fetcher 0" daemon [_thread_blocked, id=69123, stack(0x000070001036e000,0x000070001046e000)]
  0x00007fd2cab32800 JavaThread "Keep-Alive-Timer" daemon [_thread_blocked, id=69635, stack(0x000070001026b000,0x000070001036b000)]
  0x00007fd2cb8e9000 JavaThread "AWT-EventQueue-1" [_thread_blocked, id=72211, stack(0x000070000fcd9000,0x000070000fdd9000)]
  0x00007fd2cc256000 JavaThread "DestroyJavaVM" [_thread_blocked, id=4099, stack(0x000070000e58b000,0x000070000e68b000)]
  0x00007fd2cb99a800 JavaThread "AWT-EventQueue-0" [_thread_blocked, id=76039, stack(0x000070000fad3000,0x000070000fbd3000)]
  0x00007fd2cc1de800 JavaThread "Java2D Disposer" daemon [_thread_blocked, id=51219, stack(0x000070000f84a000,0x000070000f94a000)]
  0x00007fd2cc192800 JavaThread "Java2D Queue Flusher" daemon [_thread_blocked, id=80903, stack(0x000070000f747000,0x000070000f847000)]
  0x00007fd2ca91b000 JavaThread "AWT-Shutdown" [_thread_blocked, id=25627, stack(0x000070000f4bb000,0x000070000f5bb000)]
=>0x00007fd2cb186800 JavaThread "AWT-AppKit" daemon [_thread_in_native, id=775, stack(0x00007ffeedcdd000,0x00007ffeee4dd000)]
  0x00007fd2ca881800 JavaThread "Service Thread" daemon [_thread_blocked, id=17667, stack(0x000070000f2b5000,0x000070000f3b5000)]
  0x00007fd2ca861800 JavaThread "C1 CompilerThread2" daemon [_thread_blocked, id=13827, stack(0x000070000f1b2000,0x000070000f2b2000)]
  0x00007fd2cb01c000 JavaThread "C2 CompilerThread1" daemon [_thread_blocked, id=18179, stack(0x000070000f0af000,0x000070000f1af000)]
  0x00007fd2cb033000 JavaThread "C2 CompilerThread0" daemon [_thread_blocked, id=18435, stack(0x000070000efac000,0x000070000f0ac000)]
  0x00007fd2cb032800 JavaThread "Signal Dispatcher" daemon [_thread_blocked, id=13315, stack(0x000070000eea9000,0x000070000efa9000)]
  0x00007fd2ca85f000 JavaThread "Finalizer" daemon [_thread_blocked, id=20739, stack(0x000070000eca0000,0x000070000eda0000)]
  0x00007fd2ca85c800 JavaThread "Reference Handler" daemon [_thread_blocked, id=11267, stack(0x000070000eb9d000,0x000070000ec9d000)]

Other Threads:
  0x00007fd2cb00d800 VMThread [stack: 0x000070000ea9a000,0x000070000eb9a000] [id=21507]
  0x00007fd2cb032000 WatcherThread [stack: 0x000070000f3b8000,0x000070000f4b8000] [id=14339]

VM state:not at safepoint (normal execution)

VM Mutex/Monitor currently owned by a thread: None

Heap:
 PSYoungGen      total 76800K, used 9384K [0x000000076ab00000, 0x0000000770c00000, 0x00000007c0000000)
  eden space 57344K, 5% used [0x000000076ab00000,0x000000076ae36210,0x000000076e300000)
  from space 19456K, 31% used [0x000000076e400000,0x000000076e9f4180,0x000000076f700000)
  to   space 20992K, 0% used [0x000000076f780000,0x000000076f780000,0x0000000770c00000)
 ParOldGen       total 175104K, used 65369K [0x00000006c0000000, 0x00000006cab00000, 0x000000076ab00000)
  object space 175104K, 37% used [0x00000006c0000000,0x00000006c3fd66b8,0x00000006cab00000)
 Metaspace       used 20041K, capacity 20377K, committed 20864K, reserved 1069056K
  class space    used 1949K, capacity 2061K, committed 2176K, reserved 1048576K

Card table byte_map: [0x000000010336e000,0x0000000103b6f000] byte_map_base: 0x00000000ffd6e000

Marking Bits: (ParMarkBitMap*) 0x00000001028f76c0
 Begin Bits: [0x0000000117e0e000, 0x000000011be0e000)
 End Bits:   [0x000000011be0e000, 0x000000011fe0e000)

Polling page: 0x0000000101792000

CodeCache: size=245760Kb used=9307Kb max_used=9334Kb free=236452Kb
 bounds [0x0000000108e0e000, 0x000000010973e000, 0x0000000117e0e000]
 total_blobs=3483 nmethods=2579 adapters=817
 compilation: enabled

Compilation events (10 events):
Event: 28.257 Thread 0x00007fd2ca861800 nmethod 2832 0x00000001097189d0 code [0x0000000109718b40, 0x0000000109718cd0]
Event: 28.257 Thread 0x00007fd2ca861800 2831       3       sun.lwawt.macosx.CPlatformWindow::getLocationOnScreen (22 bytes)
Event: 28.258 Thread 0x00007fd2ca861800 nmethod 2831 0x0000000109722a10 code [0x0000000109722b80, 0x0000000109722e50]
Event: 28.258 Thread 0x00007fd2ca861800 2833       3       sun.misc.JarIndex::get (49 bytes)
Event: 28.258 Thread 0x00007fd2cb033000 2834  s    4       sun.misc.URLClassPath::getNextLoader (88 bytes)
Event: 28.258 Thread 0x00007fd2ca861800 nmethod 2833 0x000000010972d6d0 code [0x000000010972d8a0, 0x000000010972e118]
Event: 28.264 Thread 0x00007fd2cb033000 nmethod 2834 0x0000000109734f10 code [0x0000000109735080, 0x00000001097357f8]
Event: 28.274 Thread 0x00007fd2ca861800 2835       3       sun.lwawt.LWComponentPeer::getLocationOnScreen (41 bytes)
Event: 28.274 Thread 0x00007fd2ca861800 nmethod 2835 0x0000000109733e10 code [0x0000000109734000, 0x0000000109734988]
Event: 28.275 Thread 0x00007fd2ca861800 2836       3       java.lang.invoke.LambdaForm::uncustomize (58 bytes)

GC Heap History (10 events):
Event: 18.278 GC heap before
{Heap before GC invocations=7 (full 0):
 PSYoungGen      total 79360K, used 79069K [0x000000076ab00000, 0x0000000770a80000, 0x00000007c0000000)
  eden space 62464K, 99% used [0x000000076ab00000,0x000000076e7cb0f8,0x000000076e800000)
  from space 16896K, 99% used [0x000000076fa00000,0x0000000770a6c3e0,0x0000000770a80000)
  to   space 17408K, 0% used [0x000000076e880000,0x000000076e880000,0x000000076f980000)
 ParOldGen       total 175104K, used 22686K [0x00000006c0000000, 0x00000006cab00000, 0x000000076ab00000)
  object space 175104K, 12% used [0x00000006c0000000,0x00000006c1627af0,0x00000006cab00000)
 Metaspace       used 19880K, capacity 20277K, committed 20480K, reserved 1067008K
  class space    used 1936K, capacity 2027K, committed 2048K, reserved 1048576K
Event: 18.287 GC heap after
Heap after GC invocations=7 (full 0):
 PSYoungGen      total 78848K, used 17201K [0x000000076ab00000, 0x0000000770b00000, 0x00000007c0000000)
  eden space 61440K, 0% used [0x000000076ab00000,0x000000076ab00000,0x000000076e700000)
  from space 17408K, 98% used [0x000000076e880000,0x000000076f94c430,0x000000076f980000)
  to   space 17920K, 0% used [0x000000076f980000,0x000000076f980000,0x0000000770b00000)
 ParOldGen       total 175104K, used 29455K [0x00000006c0000000, 0x00000006cab00000, 0x000000076ab00000)
  object space 175104K, 16% used [0x00000006c0000000,0x00000006c1cc3da8,0x00000006cab00000)
 Metaspace       used 19880K, capacity 20277K, committed 20480K, reserved 1067008K
  class space    used 1936K, capacity 2027K, committed 2048K, reserved 1048576K
}
Event: 21.208 GC heap before
{Heap before GC invocations=8 (full 0):
 PSYoungGen      total 78848K, used 78641K [0x000000076ab00000, 0x0000000770b00000, 0x00000007c0000000)
  eden space 61440K, 100% used [0x000000076ab00000,0x000000076e700000,0x000000076e700000)
  from space 17408K, 98% used [0x000000076e880000,0x000000076f94c430,0x000000076f980000)
  to   space 17920K, 0% used [0x000000076f980000,0x000000076f980000,0x0000000770b00000)
 ParOldGen       total 175104K, used 29455K [0x00000006c0000000, 0x00000006cab00000, 0x000000076ab00000)
  object space 175104K, 16% used [0x00000006c0000000,0x00000006c1cc3da8,0x00000006cab00000)
 Metaspace       used 19910K, capacity 20277K, committed 20480K, reserved 1067008K
  class space    used 1936K, capacity 2027K, committed 2048K, reserved 1048576K
Event: 21.213 GC heap after
Heap after GC invocations=8 (full 0):
 PSYoungGen      total 78336K, used 17713K [0x000000076ab00000, 0x0000000770b00000, 0x00000007c0000000)
  eden space 60416K, 0% used [0x000000076ab00000,0x000000076ab00000,0x000000076e600000)
  from space 17920K, 98% used [0x000000076f980000,0x0000000770acc450,0x0000000770b00000)
  to   space 18944K, 0% used [0x000000076e600000,0x000000076e600000,0x000000076f880000)
 ParOldGen       total 175104K, used 36151K [0x00000006c0000000, 0x00000006cab00000, 0x000000076ab00000)
  object space 175104K, 20% used [0x00000006c0000000,0x00000006c234df48,0x00000006cab00000)
 Metaspace       used 19910K, capacity 20277K, committed 20480K, reserved 1067008K
  class space    used 1936K, capacity 2027K, committed 2048K, reserved 1048576K
}
Event: 23.810 GC heap before
{Heap before GC invocations=9 (full 0):
 PSYoungGen      total 78336K, used 78102K [0x000000076ab00000, 0x0000000770b00000, 0x00000007c0000000)
  eden space 60416K, 99% used [0x000000076ab00000,0x000000076e5f97a8,0x000000076e600000)
  from space 17920K, 98% used [0x000000076f980000,0x0000000770acc450,0x0000000770b00000)
  to   space 18944K, 0% used [0x000000076e600000,0x000000076e600000,0x000000076f880000)
 ParOldGen       total 175104K, used 36151K [0x00000006c0000000, 0x00000006cab00000, 0x000000076ab00000)
  object space 175104K, 20% used [0x00000006c0000000,0x00000006c234df48,0x00000006cab00000)
 Metaspace       used 19920K, capacity 20277K, committed 20480K, reserved 1067008K
  class space    used 1936K, capacity 2027K, committed 2048K, reserved 1048576K
Event: 23.816 GC heap after
Heap after GC invocations=9 (full 0):
 PSYoungGen      total 77824K, used 18193K [0x000000076ab00000, 0x0000000770b00000, 0x00000007c0000000)
  eden space 59392K, 0% used [0x000000076ab00000,0x000000076ab00000,0x000000076e500000)
  from space 18432K, 98% used [0x000000076e600000,0x000000076f7c4470,0x000000076f800000)
  to   space 19456K, 0% used [0x000000076f800000,0x000000076f800000,0x0000000770b00000)
 ParOldGen       total 175104K, used 42912K [0x00000006c0000000, 0x00000006cab00000, 0x000000076ab00000)
  object space 175104K, 24% used [0x00000006c0000000,0x00000006c29e8118,0x00000006cab00000)
 Metaspace       used 19920K, capacity 20277K, committed 20480K, reserved 1067008K
  class space    used 1936K, capacity 2027K, committed 2048K, reserved 1048576K
}
Event: 26.677 GC heap before
{Heap before GC invocations=10 (full 0):
 PSYoungGen      total 77824K, used 77585K [0x000000076ab00000, 0x0000000770b00000, 0x00000007c0000000)
  eden space 59392K, 100% used [0x000000076ab00000,0x000000076e500000,0x000000076e500000)
  from space 18432K, 98% used [0x000000076e600000,0x000000076f7c4470,0x000000076f800000)
  to   space 19456K, 0% used [0x000000076f800000,0x000000076f800000,0x0000000770b00000)
 ParOldGen       total 175104K, used 42912K [0x00000006c0000000, 0x00000006cab00000, 0x000000076ab00000)
  object space 175104K, 24% used [0x00000006c0000000,0x00000006c29e8118,0x00000006cab00000)
 Metaspace       used 19953K, capacity 20341K, committed 20736K, reserved 1069056K
  class space    used 1936K, capacity 2027K, committed 2048K, reserved 1048576K
Event: 26.684 GC heap after
Heap after GC invocations=10 (full 0):
 PSYoungGen      total 76800K, used 13968K [0x000000076ab00000, 0x0000000770a00000, 0x00000007c0000000)
  eden space 58368K, 0% used [0x000000076ab00000,0x000000076ab00000,0x000000076e400000)
  from space 18432K, 75% used [0x000000076f800000,0x00000007705a43a0,0x0000000770a00000)
  to   space 19456K, 0% used [0x000000076e400000,0x000000076e400000,0x000000076f700000)
 ParOldGen       total 175104K, used 52712K [0x00000006c0000000, 0x00000006cab00000, 0x000000076ab00000)
  object space 175104K, 30% used [0x00000006c0000000,0x00000006c337a378,0x00000006cab00000)
 Metaspace       used 19953K, capacity 20341K, committed 20736K, reserved 1069056K
  class space    used 1936K, capacity 2027K, committed 2048K, reserved 1048576K
}
Event: 28.030 GC heap before
{Heap before GC invocations=11 (full 0):
 PSYoungGen      total 76800K, used 72331K [0x000000076ab00000, 0x0000000770a00000, 0x00000007c0000000)
  eden space 58368K, 99% used [0x000000076ab00000,0x000000076e3fe8a8,0x000000076e400000)
  from space 18432K, 75% used [0x000000076f800000,0x00000007705a43a0,0x0000000770a00000)
  to   space 19456K, 0% used [0x000000076e400000,0x000000076e400000,0x000000076f700000)
 ParOldGen       total 175104K, used 52712K [0x00000006c0000000, 0x00000006cab00000, 0x000000076ab00000)
  object space 175104K, 30% used [0x00000006c0000000,0x00000006c337a378,0x00000006cab00000)
 Metaspace       used 19978K, capacity 20341K, committed 20736K, reserved 1069056K
  class space    used 1936K, capacity 2027K, committed 2048K, reserved 1048576K
Event: 28.036 GC heap after
Heap after GC invocations=11 (full 0):
 PSYoungGen      total 76800K, used 6096K [0x000000076ab00000, 0x0000000770c00000, 0x00000007c0000000)
  eden space 57344K, 0% used [0x000000076ab00000,0x000000076ab00000,0x000000076e300000)
  from space 19456K, 31% used [0x000000076e400000,0x000000076e9f4180,0x000000076f700000)
  to   space 20992K, 0% used [0x000000076f780000,0x000000076f780000,0x0000000770c00000)
 ParOldGen       total 175104K, used 65369K [0x00000006c0000000, 0x00000006cab00000, 0x000000076ab00000)
  object space 175104K, 37% used [0x00000006c0000000,0x00000006c3fd66b8,0x00000006cab00000)
 Metaspace       used 19978K, capacity 20341K, committed 20736K, reserved 1069056K
  class space    used 1936K, capacity 2027K, committed 2048K, reserved 1048576K
}

Deoptimization events (10 events):
Event: 14.324 Thread 0x00007fd2cb8e9000 Uncommon trap: reason=unstable_if action=reinterpret pc=0x000000010950cf24 method=de.fhpotsdam.unfolding.mapdisplay.Java2DMapDisplay.getVisibleKeys(Lprocessing/core/PGraphics;)Ljava/util/Vector; @ 669
Event: 14.341 Thread 0x00007fd2cb8e9000 Uncommon trap: reason=unstable_if action=reinterpret pc=0x0000000109229b00 method=de.fhpotsdam.unfolding.core.Coordinate.equals(Ljava/lang/Object;)Z @ 38
Event: 28.206 Thread 0x00007fd2cb8e9000 Uncommon trap: reason=class_check action=maybe_recompile pc=0x00000001096dba88 method=java.awt.EventQueue.coalesceEvent(Ljava/awt/AWTEvent;I)Z @ 32
Event: 28.225 Thread 0x00007fd2cb99a800 Uncommon trap: reason=unstable_if action=reinterpret pc=0x00000001096db464 method=java.awt.EventQueue.getPriority(Ljava/awt/AWTEvent;)I @ 71
Event: 28.225 Thread 0x00007fd2cb8e9000 Uncommon trap: reason=unstable_if action=reinterpret pc=0x0000000109279d28 method=com.jogamp.common.util.VersionNumber.compareTo(Lcom/jogamp/common/util/VersionNumber;)I @ 21
Event: 28.256 Thread 0x00007fd2cb25a800 Uncommon trap: reason=class_check action=maybe_recompile pc=0x0000000109554eb4 method=java.util.HashMap.putVal(ILjava/lang/Object;Ljava/lang/Object;ZZ)Ljava/lang/Object; @ 91
Event: 28.256 Thread 0x00007fd2cb25a800 Uncommon trap: reason=class_check action=maybe_recompile pc=0x0000000109554eb4 method=java.util.HashMap.putVal(ILjava/lang/Object;Ljava/lang/Object;ZZ)Ljava/lang/Object; @ 91
Event: 28.256 Thread 0x00007fd2cb25a800 Uncommon trap: reason=class_check action=maybe_recompile pc=0x0000000109554eb4 method=java.util.HashMap.putVal(ILjava/lang/Object;Ljava/lang/Object;ZZ)Ljava/lang/Object; @ 91
Event: 28.256 Thread 0x00007fd2cb25a800 Uncommon trap: reason=class_check action=maybe_recompile pc=0x0000000109554eb4 method=java.util.HashMap.putVal(ILjava/lang/Object;Ljava/lang/Object;ZZ)Ljava/lang/Object; @ 91
Event: 28.271 Thread 0x00007fd2cb8e9000 Uncommon trap: reason=unstable_if action=reinterpret pc=0x00000001094fb8e4 method=java.security.AccessControlContext.optimize()Ljava/security/AccessControlContext; @ 233

Classes redefined (0 events):
No events

Internal exceptions (10 events):
Event: 0.307 Thread 0x00007fd2ca811800 Exception <a 'java/io/FileNotFoundException'> (0x000000076ae93c70) thrown at [/Users/java_re/workspace/8-2-build-macosx-x86_64/jdk8u161/10277/hotspot/src/share/vm/prims/jni.cpp, line 709]
Event: 0.308 Thread 0x00007fd2ca811800 Exception <a 'java/io/FileNotFoundException'> (0x000000076ae94810) thrown at [/Users/java_re/workspace/8-2-build-macosx-x86_64/jdk8u161/10277/hotspot/src/share/vm/prims/jni.cpp, line 709]
Event: 0.387 Thread 0x00007fd2ca811800 Exception <a 'java/io/FileNotFoundException'> (0x000000076b062820) thrown at [/Users/java_re/workspace/8-2-build-macosx-x86_64/jdk8u161/10277/hotspot/src/share/vm/prims/jni.cpp, line 709]
Event: 1.742 Thread 0x00007fd2cb2d4800 Exception <a 'java/lang/UnsatisfiedLinkError': com.jogamp.common.util.JarUtil.fixNativeLibAttribs(Ljava/lang/String;)Z> (0x000000076c9d43a0) thrown at [/Users/java_re/workspace/8-2-build-macosx-x86_64/jdk8u161/10277/hotspot/src/share/vm/prims/nativeLookup
Event: 4.275 Thread 0x00007fd2cb8e9000 Exception <a 'java/io/FileNotFoundException'> (0x000000076dc748b8) thrown at [/Users/java_re/workspace/8-2-build-macosx-x86_64/jdk8u161/10277/hotspot/src/share/vm/prims/jni.cpp, line 709]
Event: 4.275 Thread 0x00007fd2cb8e9000 Exception <a 'java/io/FileNotFoundException'> (0x000000076dc80480) thrown at [/Users/java_re/workspace/8-2-build-macosx-x86_64/jdk8u161/10277/hotspot/src/share/vm/prims/jni.cpp, line 709]
Event: 4.275 Thread 0x00007fd2cb8e9000 Implicit null exception at 0x0000000109009d36 to 0x000000010900a0f9
Event: 4.364 Thread 0x00007fd2cb8e9000 Implicit null exception at 0x0000000109200dc6 to 0x000000010920100d
Event: 4.566 Thread 0x00007fd2ca85f000 Exception <a 'java/lang/NullPointerException'> (0x000000076abc0788) thrown at [/Users/java_re/workspace/8-2-build-macosx-x86_64/jdk8u161/10277/hotspot/src/share/vm/interpreter/linkResolver.cpp, line 1185]
Event: 14.686 Thread 0x00007fd2d213e800 Exception <a 'java/security/PrivilegedActionException'> (0x000000076c8dec90) thrown at [/Users/java_re/workspace/8-2-build-macosx-x86_64/jdk8u161/10277/hotspot/src/share/vm/prims/jvm.cpp, line 1390]

Events (10 events):
Event: 28.272 loading class java/awt/event/AWTEventListenerProxy done
Event: 28.272 Executing VM operation: Deoptimize
Event: 28.272 Executing VM operation: Deoptimize done
Event: 28.273 loading class java/awt/Toolkit$ToolkitEventMulticaster
Event: 28.273 loading class java/awt/Toolkit$ToolkitEventMulticaster done
Event: 28.274 Thread 0x00007fd2cb25a800 Thread exited: 0x00007fd2cb25a800
Event: 28.274 loading class java/awt/Window$1DisposeAction
Event: 28.274 loading class java/awt/Window$1DisposeAction done
Event: 28.274 Thread 0x00007fd2ca861800 flushing nmethod 0x0000000108f17510
Event: 28.274 Thread 0x00007fd2ca861800 flushing nmethod 0x0000000108f1e0d0


Dynamic libraries:
0x000000000a0b2000 	/System/Library/Frameworks/Cocoa.framework/Versions/A/Cocoa
0x000000000a0b2000 	/System/Library/Frameworks/Security.framework/Versions/A/Security
0x000000000a0b2000 	/System/Library/Frameworks/ApplicationServices.framework/Versions/A/ApplicationServices
0x000000000a0b2000 	/usr/lib/libz.1.dylib
0x000000000a0b2000 	/usr/lib/libSystem.B.dylib
0x000000000a0b2000 	/usr/lib/libobjc.A.dylib
0x000000000a0b2000 	/System/Library/Frameworks/CoreFoundation.framework/Versions/A/CoreFoundation
0x000000000a0b2000 	/System/Library/Frameworks/Foundation.framework/Versions/C/Foundation
0x000000000a0b2000 	/System/Library/Frameworks/AppKit.framework/Versions/C/AppKit
0x000000000a0b2000 	/System/Library/Frameworks/CoreData.framework/Versions/A/CoreData
0x000000000a0b2000 	/System/Library/PrivateFrameworks/UIFoundation.framework/Versions/A/UIFoundation
0x000000000a0b2000 	/System/Library/PrivateFrameworks/RemoteViewServices.framework/Versions/A/RemoteViewServices
0x000000000a0b2000 	/System/Library/PrivateFrameworks/XCTTargetBootstrap.framework/Versions/A/XCTTargetBootstrap
0x000000000a0b2000 	/System/Library/Frameworks/CoreDisplay.framework/Versions/A/CoreDisplay
0x000000000a0b2000 	/System/Library/Frameworks/Metal.framework/Versions/A/Metal
0x000000000a0b2000 	/System/Library/PrivateFrameworks/DesktopServicesPriv.framework/Versions/A/DesktopServicesPriv
0x000000000a0b2000 	/usr/lib/liblangid.dylib
0x000000000a0b2000 	/System/Library/PrivateFrameworks/CoreSVG.framework/Versions/A/CoreSVG
0x000000000a0b2000 	/System/Library/PrivateFrameworks/SkyLight.framework/Versions/A/SkyLight
0x000000000a0b2000 	/System/Library/Frameworks/CoreGraphics.framework/Versions/A/CoreGraphics
0x000000000a0b2000 	/System/Library/Frameworks/Accelerate.framework/Versions/A/Accelerate
0x000000000a0b2000 	/usr/lib/libxml2.2.dylib
0x000000000a0b2000 	/System/Library/PrivateFrameworks/IconServices.framework/Versions/A/IconServices
0x000000000a0b2000 	/System/Library/Frameworks/IOSurface.framework/Versions/A/IOSurface
0x000000000a0b2000 	/usr/lib/libDiagnosticMessagesClient.dylib
0x000000000a0b2000 	/System/Library/PrivateFrameworks/DFRFoundation.framework/Versions/A/DFRFoundation
0x000000000a0b2000 	/usr/lib/libicucore.A.dylib
0x000000000a0b2000 	/System/Library/Frameworks/AudioToolbox.framework/Versions/A/AudioToolbox
0x000000000a0b2000 	/System/Library/Frameworks/AudioUnit.framework/Versions/A/AudioUnit
0x000000000a0b2000 	/usr/lib/libauto.dylib
0x000000000a0b2000 	/System/Library/PrivateFrameworks/DataDetectorsCore.framework/Versions/A/DataDetectorsCore
0x000000000a0b2000 	/System/Library/Frameworks/Carbon.framework/Versions/A/Frameworks/HIToolbox.framework/Versions/A/HIToolbox
0x000000000a0b2000 	/System/Library/Frameworks/QuartzCore.framework/Versions/A/QuartzCore
0x000000000a0b2000 	/System/Library/Frameworks/Carbon.framework/Versions/A/Frameworks/SpeechRecognition.framework/Versions/A/SpeechRecognition
0x000000000a0b2000 	/System/Library/PrivateFrameworks/CoreUI.framework/Versions/A/CoreUI
0x000000000a0b2000 	/System/Library/Frameworks/CoreAudio.framework/Versions/A/CoreAudio
0x000000000a0b2000 	/System/Library/Frameworks/DiskArbitration.framework/Versions/A/DiskArbitration
0x000000000a0b2000 	/System/Library/PrivateFrameworks/MultitouchSupport.framework/Versions/A/MultitouchSupport
0x000000000a0b2000 	/usr/lib/libenergytrace.dylib
0x000000000a0b2000 	/System/Library/Frameworks/IOKit.framework/Versions/A/IOKit
0x000000000a0b2000 	/System/Library/Frameworks/CoreServices.framework/Versions/A/CoreServices
0x000000000a0b2000 	/System/Library/PrivateFrameworks/PerformanceAnalysis.framework/Versions/A/PerformanceAnalysis
0x000000000a0b2000 	/System/Library/Frameworks/OpenGL.framework/Versions/A/OpenGL
0x000000000a0b2000 	/System/Library/Frameworks/ColorSync.framework/Versions/A/ColorSync
0x000000000a0b2000 	/System/Library/Frameworks/CoreImage.framework/Versions/A/CoreImage
0x000000000a0b2000 	/System/Library/Frameworks/CoreText.framework/Versions/A/CoreText
0x000000000a0b2000 	/System/Library/Frameworks/ImageIO.framework/Versions/A/ImageIO
0x000000000a0b2000 	/usr/lib/libc++.1.dylib
0x000000000a0b2000 	/usr/lib/libcompression.dylib
0x000000000a0b2000 	/usr/lib/libMobileGestalt.dylib
0x000000000a0b2000 	/System/Library/PrivateFrameworks/TextureIO.framework/Versions/A/TextureIO
0x000000000a0b2000 	/usr/lib/libate.dylib
0x000000000a0b2000 	/System/Library/PrivateFrameworks/InternationalSupport.framework/Versions/A/InternationalSupport
0x000000000a0b2000 	/usr/lib/system/libcache.dylib
0x000000000a0b2000 	/usr/lib/system/libcommonCrypto.dylib
0x000000000a0b2000 	/usr/lib/system/libcompiler_rt.dylib
0x000000000a0b2000 	/usr/lib/system/libcopyfile.dylib
0x000000000a0b2000 	/usr/lib/system/libcorecrypto.dylib
0x000000000a0b2000 	/usr/lib/system/libdispatch.dylib
0x000000000a0b2000 	/usr/lib/system/libdyld.dylib
0x000000000a0b2000 	/usr/lib/system/libkeymgr.dylib
0x000000000a0b2000 	/usr/lib/system/liblaunch.dylib
0x000000000a0b2000 	/usr/lib/system/libmacho.dylib
0x000000000a0b2000 	/usr/lib/system/libquarantine.dylib
0x000000000a0b2000 	/usr/lib/system/libremovefile.dylib
0x000000000a0b2000 	/usr/lib/system/libsystem_asl.dylib
0x000000000a0b2000 	/usr/lib/system/libsystem_blocks.dylib
0x000000000a0b2000 	/usr/lib/system/libsystem_c.dylib
0x000000000a0b2000 	/usr/lib/system/libsystem_configuration.dylib
0x000000000a0b2000 	/usr/lib/system/libsystem_coreservices.dylib
0x000000000a0b2000 	/usr/lib/system/libsystem_darwin.dylib
0x000000000a0b2000 	/usr/lib/system/libsystem_dnssd.dylib
0x000000000a0b2000 	/usr/lib/system/libsystem_featureflags.dylib
0x000000000a0b2000 	/usr/lib/system/libsystem_info.dylib
0x000000000a0b2000 	/usr/lib/system/libsystem_m.dylib
0x000000000a0b2000 	/usr/lib/system/libsystem_malloc.dylib
0x000000000a0b2000 	/usr/lib/system/libsystem_networkextension.dylib
0x000000000a0b2000 	/usr/lib/system/libsystem_notify.dylib
0x000000000a0b2000 	/usr/lib/system/libsystem_sandbox.dylib
0x000000000a0b2000 	/usr/lib/system/libsystem_secinit.dylib
0x000000000a0b2000 	/usr/lib/system/libsystem_kernel.dylib
0x000000000a0b2000 	/usr/lib/system/libsystem_platform.dylib
0x000000000a0b2000 	/usr/lib/system/libsystem_pthread.dylib
0x000000000a0b2000 	/usr/lib/system/libsystem_symptoms.dylib
0x000000000a0b2000 	/usr/lib/system/libsystem_trace.dylib
0x000000000a0b2000 	/usr/lib/system/libunwind.dylib
0x000000000a0b2000 	/usr/lib/system/libxpc.dylib
0x000000000a0b2000 	/usr/lib/libc++abi.dylib
0x000000000a0b2000 	/usr/lib/liblzma.5.dylib
0x000000000a0b2000 	/usr/lib/libfakelink.dylib
0x000000000a0b2000 	/usr/lib/libarchive.2.dylib
0x000000000a0b2000 	/System/Library/Frameworks/SystemConfiguration.framework/Versions/A/SystemConfiguration
0x000000000a0b2000 	/usr/lib/libCRFSuite.dylib
0x000000000a0b2000 	/System/Library/Frameworks/CFNetwork.framework/Versions/A/CFNetwork
0x000000000a0b2000 	/usr/lib/libbsm.0.dylib
0x000000000a0b2000 	/usr/lib/system/libkxld.dylib
0x000000000a0b2000 	/System/Library/PrivateFrameworks/AppleFSCompression.framework/Versions/A/AppleFSCompression
0x000000000a0b2000 	/usr/lib/libcoretls.dylib
0x000000000a0b2000 	/usr/lib/libcoretls_cfhelpers.dylib
0x000000000a0b2000 	/usr/lib/libpam.2.dylib
0x000000000a0b2000 	/usr/lib/libsqlite3.dylib
0x000000000a0b2000 	/usr/lib/libxar.1.dylib
0x000000000a0b2000 	/usr/lib/libbz2.1.0.dylib
0x000000000a0b2000 	/usr/lib/libiconv.2.dylib
0x000000000a0b2000 	/usr/lib/libcharset.1.dylib
0x000000000a0b2000 	/usr/lib/libnetwork.dylib
0x000000000a0b2000 	/usr/lib/libpcap.A.dylib
0x000000000a0b2000 	/usr/lib/libapple_nghttp2.dylib
0x000000000a0b2000 	/System/Library/Frameworks/CoreServices.framework/Versions/A/Frameworks/FSEvents.framework/Versions/A/FSEvents
0x000000000a0b2000 	/System/Library/Frameworks/CoreServices.framework/Versions/A/Frameworks/CarbonCore.framework/Versions/A/CarbonCore
0x000000000a0b2000 	/System/Library/Frameworks/CoreServices.framework/Versions/A/Frameworks/Metadata.framework/Versions/A/Metadata
0x000000000a0b2000 	/System/Library/Frameworks/CoreServices.framework/Versions/A/Frameworks/OSServices.framework/Versions/A/OSServices
0x000000000a0b2000 	/System/Library/Frameworks/CoreServices.framework/Versions/A/Frameworks/SearchKit.framework/Versions/A/SearchKit
0x000000000a0b2000 	/System/Library/Frameworks/CoreServices.framework/Versions/A/Frameworks/AE.framework/Versions/A/AE
0x000000000a0b2000 	/System/Library/Frameworks/CoreServices.framework/Versions/A/Frameworks/LaunchServices.framework/Versions/A/LaunchServices
0x000000000a0b2000 	/System/Library/Frameworks/CoreServices.framework/Versions/A/Frameworks/DictionaryServices.framework/Versions/A/DictionaryServices
0x000000000a0b2000 	/System/Library/Frameworks/CoreServices.framework/Versions/A/Frameworks/SharedFileList.framework/Versions/A/SharedFileList
0x000000000a0b2000 	/System/Library/Frameworks/NetFS.framework/Versions/A/NetFS
0x000000000a0b2000 	/System/Library/PrivateFrameworks/NetAuth.framework/Versions/A/NetAuth
0x000000000a0b2000 	/System/Library/PrivateFrameworks/login.framework/Versions/A/Frameworks/loginsupport.framework/Versions/A/loginsupport
0x000000000a0b2000 	/System/Library/PrivateFrameworks/TCC.framework/Versions/A/TCC
0x000000000a0b2000 	/System/Library/PrivateFrameworks/CoreNLP.framework/Versions/A/CoreNLP
0x000000000a0b2000 	/System/Library/PrivateFrameworks/MetadataUtilities.framework/Versions/A/MetadataUtilities
0x000000000a0b2000 	/usr/lib/libmecabra.dylib
0x000000000a0b2000 	/usr/lib/libmecab.dylib
0x000000000a0b2000 	/usr/lib/libgermantok.dylib
0x000000000a0b2000 	/usr/lib/libThaiTokenizer.dylib
0x000000000a0b2000 	/usr/lib/libChineseTokenizer.dylib
0x000000000a0b2000 	/System/Library/Frameworks/Accelerate.framework/Versions/A/Frameworks/vImage.framework/Versions/A/vImage
0x000000000a0b2000 	/System/Library/Frameworks/Accelerate.framework/Versions/A/Frameworks/vecLib.framework/Versions/A/vecLib
0x000000000a0b2000 	/System/Library/Frameworks/Accelerate.framework/Versions/A/Frameworks/vecLib.framework/Versions/A/libvMisc.dylib
0x000000000a0b2000 	/System/Library/Frameworks/Accelerate.framework/Versions/A/Frameworks/vecLib.framework/Versions/A/libvDSP.dylib
0x000000000a0b2000 	/System/Library/Frameworks/Accelerate.framework/Versions/A/Frameworks/vecLib.framework/Versions/A/libBLAS.dylib
0x000000000a0b2000 	/System/Library/Frameworks/Accelerate.framework/Versions/A/Frameworks/vecLib.framework/Versions/A/libLAPACK.dylib
0x000000000a0b2000 	/System/Library/Frameworks/Accelerate.framework/Versions/A/Frameworks/vecLib.framework/Versions/A/libLinearAlgebra.dylib
0x000000000a0b2000 	/System/Library/Frameworks/Accelerate.framework/Versions/A/Frameworks/vecLib.framework/Versions/A/libSparseBLAS.dylib
0x000000000a0b2000 	/System/Library/Frameworks/Accelerate.framework/Versions/A/Frameworks/vecLib.framework/Versions/A/libQuadrature.dylib
0x000000000a0b2000 	/System/Library/Frameworks/Accelerate.framework/Versions/A/Frameworks/vecLib.framework/Versions/A/libBNNS.dylib
0x000000000a0b2000 	/System/Library/Frameworks/Accelerate.framework/Versions/A/Frameworks/vecLib.framework/Versions/A/libSparse.dylib
0x000000000a0b2000 	/System/Library/PrivateFrameworks/LanguageModeling.framework/Versions/A/LanguageModeling
0x000000000a0b2000 	/System/Library/PrivateFrameworks/CoreEmoji.framework/Versions/A/CoreEmoji
0x000000000a0b2000 	/System/Library/PrivateFrameworks/LinguisticData.framework/Versions/A/LinguisticData
0x000000000a0b2000 	/System/Library/PrivateFrameworks/Lexicon.framework/Versions/A/Lexicon
0x000000000a0b2000 	/usr/lib/libcmph.dylib
0x000000000a0b2000 	/System/Library/Frameworks/OpenDirectory.framework/Versions/A/Frameworks/CFOpenDirectory.framework/Versions/A/CFOpenDirectory
0x000000000a0b2000 	/System/Library/Frameworks/OpenDirectory.framework/Versions/A/OpenDirectory
0x000000000a0b2000 	/System/Library/PrivateFrameworks/APFS.framework/Versions/A/APFS
0x000000000a0b2000 	/System/Library/Frameworks/SecurityFoundation.framework/Versions/A/SecurityFoundation
0x000000000a0b2000 	/usr/lib/libutil.dylib
0x000000000a0b2000 	/System/Library/PrivateFrameworks/CoreServicesStore.framework/Versions/A/CoreServicesStore
0x000000000a0b2000 	/System/Library/Frameworks/ServiceManagement.framework/Versions/A/ServiceManagement
0x000000000a0b2000 	/System/Library/PrivateFrameworks/BackgroundTaskManagement.framework/Versions/A/BackgroundTaskManagement
0x000000000a0b2000 	/usr/lib/libxslt.1.dylib
0x000000000a0b2000 	/System/Library/PrivateFrameworks/AppleSystemInfo.framework/Versions/A/AppleSystemInfo
0x000000000a0b2000 	/System/Library/Frameworks/ImageIO.framework/Versions/A/Resources/libJPEG.dylib
0x000000000a0b2000 	/System/Library/Frameworks/ImageIO.framework/Versions/A/Resources/libTIFF.dylib
0x000000000a0b2000 	/System/Library/Frameworks/ImageIO.framework/Versions/A/Resources/libPng.dylib
0x000000000a0b2000 	/System/Library/Frameworks/ImageIO.framework/Versions/A/Resources/libGIF.dylib
0x000000000a0b2000 	/System/Library/Frameworks/ImageIO.framework/Versions/A/Resources/libJP2.dylib
0x000000000a0b2000 	/System/Library/Frameworks/ImageIO.framework/Versions/A/Resources/libRadiance.dylib
0x000000000a0b2000 	/usr/lib/libexpat.1.dylib
0x000000000a0b2000 	/System/Library/PrivateFrameworks/AppleJPEG.framework/Versions/A/AppleJPEG
0x000000000a0b2000 	/System/Library/PrivateFrameworks/FontServices.framework/libFontParser.dylib
0x000000000a0b2000 	/System/Library/PrivateFrameworks/WatchdogClient.framework/Versions/A/WatchdogClient
0x000000000a0b2000 	/System/Library/PrivateFrameworks/IOAccelerator.framework/Versions/A/IOAccelerator
0x000000000a0b2000 	/System/Library/Frameworks/MetalPerformanceShaders.framework/Versions/A/MetalPerformanceShaders
0x000000000a0b2000 	/System/Library/PrivateFrameworks/GPUWrangler.framework/Versions/A/GPUWrangler
0x000000000a0b2000 	/System/Library/PrivateFrameworks/IOPresentment.framework/Versions/A/IOPresentment
0x000000000a0b2000 	/System/Library/PrivateFrameworks/DSExternalDisplay.framework/Versions/A/DSExternalDisplay
0x000000000a0b2000 	/System/Library/Frameworks/OpenGL.framework/Versions/A/Libraries/libCoreFSCache.dylib
0x000000000a0b2000 	/System/Library/Frameworks/MetalPerformanceShaders.framework/Frameworks/MPSCore.framework/Versions/A/MPSCore
0x000000000a0b2000 	/System/Library/Frameworks/MetalPerformanceShaders.framework/Frameworks/MPSImage.framework/Versions/A/MPSImage
0x000000000a0b2000 	/System/Library/Frameworks/MetalPerformanceShaders.framework/Frameworks/MPSNeuralNetwork.framework/Versions/A/MPSNeuralNetwork
0x000000000a0b2000 	/System/Library/Frameworks/MetalPerformanceShaders.framework/Frameworks/MPSMatrix.framework/Versions/A/MPSMatrix
0x000000000a0b2000 	/System/Library/Frameworks/MetalPerformanceShaders.framework/Frameworks/MPSRayIntersector.framework/Versions/A/MPSRayIntersector
0x000000000a0b2000 	/System/Library/Frameworks/MetalPerformanceShaders.framework/Frameworks/MPSNDArray.framework/Versions/A/MPSNDArray
0x000000000a0b2000 	/System/Library/PrivateFrameworks/MetalTools.framework/Versions/A/MetalTools
0x000000000a0b2000 	/System/Library/PrivateFrameworks/AggregateDictionary.framework/Versions/A/AggregateDictionary
0x000000000a0b2000 	/System/Library/PrivateFrameworks/CoreAnalytics.framework/Versions/A/CoreAnalytics
0x000000000a0b2000 	/System/Library/PrivateFrameworks/AppleSauce.framework/Versions/A/AppleSauce
0x000000000a0b2000 	/usr/lib/libIOReport.dylib
0x000000000a0b2000 	/System/Library/Frameworks/CoreVideo.framework/Versions/A/CoreVideo
0x000000000a0b2000 	/System/Library/PrivateFrameworks/GraphVisualizer.framework/Versions/A/GraphVisualizer
0x000000000a0b2000 	/System/Library/PrivateFrameworks/FaceCore.framework/Versions/A/FaceCore
0x000000000a0b2000 	/System/Library/Frameworks/OpenCL.framework/Versions/A/OpenCL
0x000000000a0b2000 	/usr/lib/libFosl_dynamic.dylib
0x000000000a0b2000 	/System/Library/PrivateFrameworks/OTSVG.framework/Versions/A/OTSVG
0x000000000a0b2000 	/System/Library/Frameworks/ApplicationServices.framework/Versions/A/Frameworks/ATS.framework/Versions/A/Resources/libFontRegistry.dylib
0x000000000a0b2000 	/System/Library/PrivateFrameworks/FontServices.framework/libhvf.dylib
0x000000000a0b2000 	/System/Library/Frameworks/OpenGL.framework/Versions/A/Libraries/libGFXShared.dylib
0x000000000a0b2000 	/System/Library/Frameworks/OpenGL.framework/Versions/A/Libraries/libGLU.dylib
0x000000000a0b2000 	/System/Library/Frameworks/OpenGL.framework/Versions/A/Libraries/libGL.dylib
0x000000000a0b2000 	/System/Library/Frameworks/OpenGL.framework/Versions/A/Libraries/libGLImage.dylib
0x000000000a0b2000 	/System/Library/Frameworks/OpenGL.framework/Versions/A/Libraries/libCVMSPluginSupport.dylib
0x000000000a0b2000 	/System/Library/Frameworks/OpenGL.framework/Versions/A/Libraries/libCoreVMClient.dylib
0x000000000a0b2000 	/usr/lib/libncurses.5.4.dylib
0x000000000a0b2000 	/System/Library/Frameworks/ApplicationServices.framework/Versions/A/Frameworks/ATS.framework/Versions/A/ATS
0x000000000a0b2000 	/System/Library/Frameworks/ApplicationServices.framework/Versions/A/Frameworks/ColorSyncLegacy.framework/Versions/A/ColorSyncLegacy
0x000000000a0b2000 	/System/Library/Frameworks/ApplicationServices.framework/Versions/A/Frameworks/HIServices.framework/Versions/A/HIServices
0x000000000a0b2000 	/System/Library/Frameworks/ApplicationServices.framework/Versions/A/Frameworks/LangAnalysis.framework/Versions/A/LangAnalysis
0x000000000a0b2000 	/System/Library/Frameworks/ApplicationServices.framework/Versions/A/Frameworks/PrintCore.framework/Versions/A/PrintCore
0x000000000a0b2000 	/System/Library/Frameworks/ApplicationServices.framework/Versions/A/Frameworks/QD.framework/Versions/A/QD
0x000000000a0b2000 	/System/Library/Frameworks/ApplicationServices.framework/Versions/A/Frameworks/SpeechSynthesis.framework/Versions/A/SpeechSynthesis
0x000000000a0b2000 	/System/Library/Frameworks/ApplicationServices.framework/Versions/A/Frameworks/ATSUI.framework/Versions/A/ATSUI
0x000000000a0b2000 	/usr/lib/libcups.2.dylib
0x000000000a0b2000 	/System/Library/Frameworks/Kerberos.framework/Versions/A/Kerberos
0x000000000a0b2000 	/System/Library/Frameworks/GSS.framework/Versions/A/GSS
0x000000000a0b2000 	/usr/lib/libresolv.9.dylib
0x000000000a0b2000 	/System/Library/PrivateFrameworks/Heimdal.framework/Versions/A/Heimdal
0x000000000a0b2000 	/System/Library/Frameworks/Kerberos.framework/Versions/A/Libraries/libHeimdalProxy.dylib
0x000000000a0b2000 	/usr/lib/libheimdal-asn1.dylib
0x000000000a0b2000 	/System/Library/PrivateFrameworks/CommonAuth.framework/Versions/A/CommonAuth
0x000000000a0b2000 	/System/Library/PrivateFrameworks/AssertionServices.framework/Versions/A/AssertionServices
0x000000000a0b2000 	/System/Library/PrivateFrameworks/AudioToolboxCore.framework/Versions/A/AudioToolboxCore
0x000000000a0b2000 	/System/Library/PrivateFrameworks/caulk.framework/Versions/A/caulk
0x000000000a0b2000 	/System/Library/PrivateFrameworks/BaseBoard.framework/Versions/A/BaseBoard
0x000000000a0b2000 	/System/Library/PrivateFrameworks/RunningBoardServices.framework/Versions/A/RunningBoardServices
0x000000000a0b2000 	/System/Library/PrivateFrameworks/PersistentConnection.framework/Versions/A/PersistentConnection
0x000000000a0b2000 	/System/Library/PrivateFrameworks/ProtocolBuffer.framework/Versions/A/ProtocolBuffer
0x000000000a0b2000 	/System/Library/PrivateFrameworks/CommonUtilities.framework/Versions/A/CommonUtilities
0x000000000a0b2000 	/System/Library/PrivateFrameworks/Bom.framework/Versions/A/Bom
0x000000000a0b2000 	/usr/lib/libAudioToolboxUtility.dylib
0x000000000a0b2000 	/System/Library/PrivateFrameworks/Backup.framework/Versions/A/Backup
0x000000000a0b2000 	/System/Library/PrivateFrameworks/CrashReporterSupport.framework/Versions/A/CrashReporterSupport
0x000000000a0b2000 	/System/Library/PrivateFrameworks/Sharing.framework/Versions/A/Sharing
0x000000000a0b2000 	/System/Library/PrivateFrameworks/Apple80211.framework/Versions/A/Apple80211
0x000000000a0b2000 	/System/Library/PrivateFrameworks/AuthKit.framework/Versions/A/AuthKit
0x000000000a0b2000 	/System/Library/PrivateFrameworks/CoreUtils.framework/Versions/A/CoreUtils
0x000000000a0b2000 	/System/Library/Frameworks/CoreWLAN.framework/Versions/A/CoreWLAN
0x000000000a0b2000 	/System/Library/Frameworks/IOBluetooth.framework/Versions/A/IOBluetooth
0x000000000a0b2000 	/System/Library/PrivateFrameworks/MobileKeyBag.framework/Versions/A/MobileKeyBag
0x000000000a0b2000 	/System/Library/PrivateFrameworks/CorePhoneNumbers.framework/Versions/A/CorePhoneNumbers
0x000000000a0b2000 	/System/Library/PrivateFrameworks/AppleIDAuthSupport.framework/Versions/A/AppleIDAuthSupport
0x000000000a0b2000 	/System/Library/Frameworks/Network.framework/Versions/A/Network
0x000000000a0b2000 	/System/Library/PrivateFrameworks/KeychainCircle.framework/Versions/A/KeychainCircle
0x000000000a0b2000 	/System/Library/Frameworks/CoreBluetooth.framework/Versions/A/CoreBluetooth
0x000000000a0b2000 	/System/Library/PrivateFrameworks/SpeechRecognitionCore.framework/Versions/A/SpeechRecognitionCore
0x0000000102000000 	/Library/Java/JavaVirtualMachines/jdk1.8.0_161.jdk/Contents/Home/jre/lib/server/libjvm.dylib
0x000000000a0b2000 	/usr/lib/libstdc++.6.dylib
0x000000010174e000 	/Library/Java/JavaVirtualMachines/jdk1.8.0_161.jdk/Contents/Home/jre/lib/libverify.dylib
0x000000010175c000 	/Library/Java/JavaVirtualMachines/jdk1.8.0_161.jdk/Contents/Home/jre/lib/libjava.dylib
0x00000001017dc000 	/Library/Java/JavaVirtualMachines/jdk1.8.0_161.jdk/Contents/Home/jre/lib/libzip.dylib
0x0000000106f02000 	/Library/Java/JavaVirtualMachines/jdk1.8.0_161.jdk/Contents/Home/jre/lib/libawt.dylib
0x0000000106fac000 	/Library/Java/JavaVirtualMachines/jdk1.8.0_161.jdk/Contents/Home/jre/lib/libmlib_image.dylib
0x000000000a0b2000 	/System/Library/Frameworks/JavaVM.framework/Versions/A/Frameworks/JavaNativeFoundation.framework/Versions/A/JavaNativeFoundation
0x000000000a0b2000 	/System/Library/Frameworks/JavaVM.framework/Versions/A/Frameworks/JavaRuntimeSupport.framework/Versions/A/JavaRuntimeSupport
0x000000000a0b2000 	/System/Library/Frameworks/JavaVM.framework/Versions/A/JavaVM
0x000000000a0b2000 	/System/Library/PrivateFrameworks/JavaLaunching.framework/Versions/A/JavaLaunching
0x000000000a0b2000 	/System/Library/Frameworks/Carbon.framework/Versions/A/Carbon
0x000000000a0b2000 	/System/Library/PrivateFrameworks/CoreSymbolication.framework/Versions/A/CoreSymbolication
0x000000000a0b2000 	/System/Library/Frameworks/Carbon.framework/Versions/A/Frameworks/CommonPanels.framework/Versions/A/CommonPanels
0x000000000a0b2000 	/System/Library/Frameworks/Carbon.framework/Versions/A/Frameworks/Help.framework/Versions/A/Help
0x000000000a0b2000 	/System/Library/Frameworks/Carbon.framework/Versions/A/Frameworks/ImageCapture.framework/Versions/A/ImageCapture
0x000000000a0b2000 	/System/Library/Frameworks/Carbon.framework/Versions/A/Frameworks/OpenScripting.framework/Versions/A/OpenScripting
0x000000000a0b2000 	/System/Library/Frameworks/Carbon.framework/Versions/A/Frameworks/Ink.framework/Versions/A/Ink
0x000000000a0b2000 	/System/Library/Frameworks/Carbon.framework/Versions/A/Frameworks/Print.framework/Versions/A/Print
0x000000000a0b2000 	/System/Library/Frameworks/Carbon.framework/Versions/A/Frameworks/SecurityHI.framework/Versions/A/SecurityHI
0x000000000a0b2000 	/System/Library/PrivateFrameworks/DebugSymbols.framework/Versions/A/DebugSymbols
0x0000000107078000 	/Library/Java/JavaVirtualMachines/jdk1.8.0_161.jdk/Contents/Home/jre/lib/libawt_lwawt.dylib
0x0000000107132000 	/Library/Java/JavaVirtualMachines/jdk1.8.0_161.jdk/Contents/Home/jre/lib/libosxapp.dylib
0x000000000a0b2000 	/System/Library/Frameworks/ExceptionHandling.framework/Versions/A/ExceptionHandling
0x000000000a0b2000 	/System/Library/PrivateFrameworks/CoreServicesInternal.framework/Versions/A/CoreServicesInternal
0x000000000a0b2000 	/System/Library/Frameworks/FileProvider.framework/Versions/A/FileProvider
0x000000000a0b2000 	/System/Library/Frameworks/Accounts.framework/Versions/A/Accounts
0x000000000a0b2000 	/System/Library/PrivateFrameworks/GenerationalStorage.framework/Versions/A/GenerationalStorage
0x000000000a0b2000 	/System/Library/PrivateFrameworks/SymptomDiagnosticReporter.framework/Versions/A/SymptomDiagnosticReporter
0x000000000a0b2000 	/System/Library/PrivateFrameworks/AppContainer.framework/Versions/A/AppContainer
0x000000000a0b2000 	/usr/lib/libsandbox.1.dylib
0x000000000a0b2000 	/System/Library/PrivateFrameworks/UserManagement.framework/Versions/A/UserManagement
0x000000000a0b2000 	/System/Library/PrivateFrameworks/ChunkingLibrary.framework/Versions/A/ChunkingLibrary
0x000000000a0b2000 	/System/Library/PrivateFrameworks/AppSandbox.framework/Versions/A/AppSandbox
0x000000000a0b2000 	/System/Library/PrivateFrameworks/SecCodeWrapper.framework/Versions/A/SecCodeWrapper
0x000000000a0b2000 	/usr/lib/libMatch.1.dylib
0x000000000a0b2000 	/System/Library/CoreServices/RawCamera.bundle/Contents/MacOS/RawCamera
0x000000000a0b2000 	/System/Library/PrivateFrameworks/MobileAsset.framework/Versions/A/MobileAsset
0x000000000a0b2000 	/System/Library/PrivateFrameworks/StreamingZip.framework/Versions/A/StreamingZip
0x000000000a0b2000 	/System/Library/Frameworks/MediaToolbox.framework/Versions/A/MediaToolbox
0x000000000a0b2000 	/System/Library/PrivateFrameworks/CoreAVCHD.framework/Versions/A/CoreAVCHD
0x000000000a0b2000 	/System/Library/Frameworks/MediaAccessibility.framework/Versions/A/MediaAccessibility
0x000000000a0b2000 	/System/Library/PrivateFrameworks/Mangrove.framework/Versions/A/Mangrove
0x000000000a0b2000 	/System/Library/Frameworks/CoreMedia.framework/Versions/A/CoreMedia
0x000000000a0b2000 	/System/Library/PrivateFrameworks/MediaExperience.framework/Versions/A/MediaExperience
0x000000000a0b2000 	/System/Library/Frameworks/VideoToolbox.framework/Versions/A/VideoToolbox
0x000000000a0b2000 	/System/Library/PrivateFrameworks/CoreAUC.framework/Versions/A/CoreAUC
0x000000000a0b2000 	/usr/lib/libspindump.dylib
0x000000000a0b2000 	/System/Library/PrivateFrameworks/AudioResourceArbitration.framework/Versions/A/AudioResourceArbitration
0x000000000a0b2000 	/System/Library/PrivateFrameworks/AppleVA.framework/Versions/A/AppleVA
0x000000000a0b2000 	/System/Library/Frameworks/Accelerate.framework/Versions/A/Frameworks/vImage.framework/Versions/A/Libraries/libCGInterfaces.dylib
0x00000001083a6000 	/usr/lib/libobjc-trampolines.dylib
0x000000000a0b2000 	/System/Library/PrivateFrameworks/FontServices.framework/libTrueTypeScaler.dylib
0x000000000a0b2000 	/System/Library/Extensions/AppleIntelKBLGraphicsMTLDriver.bundle/Contents/MacOS/AppleIntelKBLGraphicsMTLDriver
0x000000000a0b2000 	/System/Library/PrivateFrameworks/GPUCompiler.framework/Versions/3902/Libraries/libmetal_timestamp.dylib
0x000000000a0b2000 	/System/Library/PrivateFrameworks/FamilyControls.framework/Versions/A/FamilyControls
0x000000000a0b2000 	/System/Library/PrivateFrameworks/CommerceKit.framework/Versions/A/Frameworks/CommerceCore.framework/Versions/A/CommerceCore
0x000000000a0b2000 	/System/Library/PrivateFrameworks/SystemAdministration.framework/Versions/A/SystemAdministration
0x000000000a0b2000 	/System/Library/PrivateFrameworks/DiskManagement.framework/Versions/A/DiskManagement
0x000000000a0b2000 	/System/Library/Frameworks/DirectoryService.framework/Versions/A/DirectoryService
0x000000000a0b2000 	/System/Library/PrivateFrameworks/DiskImages.framework/Versions/A/DiskImages
0x000000000a0b2000 	/System/Library/PrivateFrameworks/LoginUIKit.framework/Versions/A/Frameworks/LoginUICore.framework/Versions/A/LoginUICore
0x000000000a0b2000 	/usr/lib/libCoreStorage.dylib
0x000000000a0b2000 	/usr/lib/libcsfde.dylib
0x000000000a0b2000 	/usr/lib/libodfde.dylib
0x000000000a0b2000 	/System/Library/PrivateFrameworks/MediaKit.framework/Versions/A/MediaKit
0x000000000a0b2000 	/System/Library/Frameworks/DiscRecording.framework/Versions/A/DiscRecording
0x000000000a0b2000 	/System/Library/PrivateFrameworks/EFILogin.framework/Versions/A/EFILogin
0x000000000a0b2000 	/System/Library/PrivateFrameworks/ProtectedCloudStorage.framework/Versions/A/ProtectedCloudStorage
0x000000000a0b2000 	/usr/lib/libcurl.4.dylib
0x000000000a0b2000 	/usr/lib/libcrypto.44.dylib
0x000000000a0b2000 	/usr/lib/libssl.46.dylib
0x000000000a0b2000 	/System/Library/Frameworks/LDAP.framework/Versions/A/LDAP
0x000000000a0b2000 	/System/Library/PrivateFrameworks/TrustEvaluationAgent.framework/Versions/A/TrustEvaluationAgent
0x000000000a0b2000 	/usr/lib/libsasl2.2.dylib
0x000000000a0b2000 	/System/Library/PrivateFrameworks/CoreDaemon.framework/Versions/B/CoreDaemon
0x000000000a0b2000 	/System/Library/PrivateFrameworks/AppleSRP.framework/Versions/A/AppleSRP
0x000000000a0b2000 	/System/Library/PrivateFrameworks/ViewBridge.framework/Versions/A/ViewBridge
0x000000000a0b2000 	/System/Library/Frameworks/OpenGL.framework/Versions/A/Resources/GLEngine.bundle/GLEngine
0x000000000a0b2000 	/System/Library/Frameworks/OpenGL.framework/Versions/A/Libraries/libGLProgrammability.dylib
0x000000000a0b2000 	/System/Library/Extensions/AppleIntelKBLGraphicsGLDriver.bundle/Contents/MacOS/AppleIntelKBLGraphicsGLDriver
0x000000000a0b2000 	/System/Library/PrivateFrameworks/GPUSupport.framework/Versions/A/Libraries/libGPUSupportMercury.dylib
0x000000000a0b2000 	/System/Library/Frameworks/OpenGL.framework/Versions/A/Resources/GLRendererFloat.bundle/GLRendererFloat
0x000000000a0b2000 	/System/Library/Frameworks/OpenCL.framework/Versions/A/Libraries/libcldcpuengine.dylib
0x000000000a0b2000 	/System/Library/PrivateFrameworks/login.framework/Versions/A/login
0x0000000120cf3000 	/Library/Java/JavaVirtualMachines/jdk1.8.0_161.jdk/Contents/Home/jre/lib/libfontmanager.dylib
0x000000000a0b2000 	/System/Library/PrivateFrameworks/HDRProcessing.framework/Versions/A/HDRProcessing
0x0000000121d6c000 	/Library/Java/JavaVirtualMachines/jdk1.8.0_161.jdk/Contents/Home/jre/lib/libosxui.dylib
0x00000001222ee000 	/Library/Java/JavaVirtualMachines/jdk1.8.0_161.jdk/Contents/Home/jre/lib/libnet.dylib
0x00000001220fd000 	/Library/Java/JavaVirtualMachines/jdk1.8.0_161.jdk/Contents/Home/jre/lib/libnio.dylib
0x0000000121e0c000 	/private/var/folders/j1/0vsbplgs3730b8p3dwn2dx7h0000gn/T/jogamp_0000/file_cache/jln3273234493754896493/jln658772120694593738/libgluegen-rt.jnilib
0x0000000121e10000 	/private/var/folders/j1/0vsbplgs3730b8p3dwn2dx7h0000gn/T/jogamp_0000/file_cache/jln3273234493754896493/jln658772120694593738/libnativewindow_awt.jnilib
0x000000018fee5000 	/Library/Java/JavaVirtualMachines/jdk1.8.0_161.jdk/Contents/Home/jre/lib/libjawt.dylib
0x000000018fee8000 	/private/var/folders/j1/0vsbplgs3730b8p3dwn2dx7h0000gn/T/jogamp_0000/file_cache/jln3273234493754896493/jln658772120694593738/libnativewindow_macosx.jnilib
0x000000018fef2000 	/private/var/folders/j1/0vsbplgs3730b8p3dwn2dx7h0000gn/T/jogamp_0000/file_cache/jln3273234493754896493/jln658772120694593738/libjogl_desktop.jnilib
0x000000000a0b2000 	/usr/lib/libusrtcp.dylib
0x00000001907c9000 	/Library/Java/JavaVirtualMachines/jdk1.8.0_161.jdk/Contents/Home/jre/lib/libjpeg.dylib

VM Arguments:
jvm_args: -Djava.security.policy=java.policy.applet -Dfile.encoding=UTF-8 
java_command: sun.applet.AppletViewer guimodule.Earthquake1592980694616.html
java_class_path (initial): /Library/Java/JavaVirtualMachines/jdk1.8.0_161.jdk/Contents/Home/jre/lib/resources.jar:/Library/Java/JavaVirtualMachines/jdk1.8.0_161.jdk/Contents/Home/jre/lib/rt.jar:/Library/Java/JavaVirtualMachines/jdk1.8.0_161.jdk/Contents/Home/jre/lib/jsse.jar:/Library/Java/JavaVirtualMachines/jdk1.8.0_161.jdk/Contents/Home/jre/lib/jce.jar:/Library/Java/JavaVirtualMachines/jdk1.8.0_161.jdk/Contents/Home/jre/lib/charsets.jar:/Library/Java/JavaVirtualMachines/jdk1.8.0_161.jdk/Contents/Home/jre/lib/jfr.jar:/Library/Java/JavaVirtualMachines/jdk1.8.0_161.jdk/Contents/Home/jre/lib/ext/sunec.jar:/Library/Java/JavaVirtualMachines/jdk1.8.0_161.jdk/Contents/Home/jre/lib/ext/nashorn.jar:/Library/Java/JavaVirtualMachines/jdk1.8.0_161.jdk/Contents/Home/jre/lib/ext/cldrdata.jar:/Library/Java/JavaVirtualMachines/jdk1.8.0_161.jdk/Contents/Home/jre/lib/ext/jfxrt.jar:/Library/Java/JavaVirtualMachines/jdk1.8.0_161.jdk/Contents/Home/jre/lib/ext/dnsns.jar:/Library/Java/JavaVirtualMachines/jdk1.8.0_161.jdk/Contents/Home/jre/lib/ext/localedata.jar:/Library/Java/JavaVirtualMachines/jdk1.8.0_161.jdk/Contents/Home/jre/lib/ext/sunjce_provider.jar:/Library/Java/JavaVirtualMachines/jdk1.8.0_161.jdk/Contents/Home/jre/lib/ext/sunpkcs11.jar:/Library/Java/JavaVirtualMachines/jdk1.8.0_161.jdk/Contents/Home/jre/lib/ext/jaccess.jar:/Library/Java/JavaVirtualMachines/jdk1.8.0_161.jdk/Contents/Home/jre/lib/ext/zipfs.jar:/System/Library/Java/Extensions/MRJToolkit.jar:/Users/kilingcheung/iCloud Drive (Archive)/Desktop/Desktop/Coursera/Java-Data-Structure/Object-Oriented-Programming/UCSDUnfoldingMaps/build:/Users/kilingcheung/iCloud Drive (Archive)/Desktop/Desktop/Coursera/Java-Data-Structure/Object-Oriented-Programming/UCSDUnfoldingMaps/lib/core.jar:/Users/kilingcheung/iCloud Drive (Archive)/Desktop/Desktop/Coursera/Java-Data-Structure/Object-Oriented-Programming/UCSDUnfoldingMaps/lib/gluegen-rt.jar:/Users/kilingcheung/iCloud Drive (Archive)/Desktop/Desktop/Coursera/Java-Data-Structure/Obj
Launcher Type: SUN_STANDARD

Environment Variables:
PATH=/usr/bin:/bin:/usr/sbin:/sbin
SHELL=/bin/bash

Signal Handlers:
SIGSEGV: [libjvm.dylib+0x5b5439], sa_mask[0]=11111111011111110111111111111111, sa_flags=SA_ONSTACK|SA_RESTART|SA_SIGINFO
SIGBUS: [libjvm.dylib+0x5b5439], sa_mask[0]=11111111011111110111111111111111, sa_flags=SA_RESTART|SA_SIGINFO
SIGFPE: [libjvm.dylib+0x48ae24], sa_mask[0]=11111111011111110111111111111111, sa_flags=SA_RESTART|SA_SIGINFO
SIGPIPE: [libjvm.dylib+0x48ae24], sa_mask[0]=11111111011111110111111111111111, sa_flags=SA_RESTART|SA_SIGINFO
SIGXFSZ: [libjvm.dylib+0x48ae24], sa_mask[0]=11111111011111110111111111111111, sa_flags=SA_RESTART|SA_SIGINFO
SIGILL: [libjvm.dylib+0x48ae24], sa_mask[0]=11111111011111110111111111111111, sa_flags=SA_RESTART|SA_SIGINFO
SIGUSR1: SIG_DFL, sa_mask[0]=00000000000000000000000000000000, sa_flags=none
SIGUSR2: [libjvm.dylib+0x48a942], sa_mask[0]=00100000000000000000000000000000, sa_flags=SA_RESTART|SA_SIGINFO
SIGHUP: [libjvm.dylib+0x488f0d], sa_mask[0]=11111111011111110111111111111111, sa_flags=SA_RESTART|SA_SIGINFO
SIGINT: [libjvm.dylib+0x488f0d], sa_mask[0]=11111111011111110111111111111111, sa_flags=SA_RESTART|SA_SIGINFO
SIGTERM: [libjvm.dylib+0x488f0d], sa_mask[0]=11111111011111110111111111111111, sa_flags=SA_RESTART|SA_SIGINFO
SIGQUIT: [libjvm.dylib+0x488f0d], sa_mask[0]=11111111011111110111111111111111, sa_flags=SA_RESTART|SA_SIGINFO


---------------  S Y S T E M  ---------------

OS:Bsduname:Darwin 19.5.0 Darwin Kernel Version 19.5.0: Thu Apr 30 18:25:59 PDT 2020; root:xnu-6153.121.1~7/RELEASE_X86_64 x86_64
rlimit: STACK 8192k, CORE 0k, NPROC 2784, NOFILE 10240, AS infinity
load average:2.04 1.57 1.49

CPU:total 4 (initial active 4) (2 cores per cpu, 2 threads per core) family 6 model 142 stepping 9, cmov, cx8, fxsr, mmx, sse, sse2, sse3, ssse3, sse4.1, sse4.2, popcnt, avx, avx2, aes, clmul, erms, rtm, 3dnowpref, lzcnt, ht, tsc, tscinvbit, bmi1, bmi2, adx

Memory: 4k page, physical 16777216k(2291364k free)

/proc/meminfo:


vm_info: Java HotSpot(TM) 64-Bit Server VM (25.161-b12) for bsd-amd64 JRE (1.8.0_161-b12), built on Dec 19 2017 16:22:20 by "java_re" with gcc 4.2.1 (Based on Apple Inc. build 5658) (LLVM build 2336.11.00)

time: Wed Jun 24 14:38:42 2020
elapsed time: 28 seconds (0d 0h 0m 28s)

