#
# A fatal error has been detected by the Java Runtime Environment:
#
#  SIGSEGV (0xb) at pc=0x00007fff7004781d, pid=3537, tid=0x0000000000000307
#
# JRE version: Java(TM) SE Runtime Environment (8.0_161-b12) (build 1.8.0_161-b12)
# Java VM: Java HotSpot(TM) 64-Bit Server VM (25.161-b12 mixed mode bsd-amd64 compressed oops)
# Problematic frame:
# C  [libobjc.A.dylib+0x681d]  objc_msgSend+0x1d
#
# Failed to write core dump. Core dumps have been disabled. To enable core dumping, try "ulimit -c unlimited" before starting Java again
#
# If you would like to submit a bug report, please visit:
#   http://bugreport.java.com/bugreport/crash.jsp
# The crash happened outside the Java Virtual Machine in native code.
# See problematic frame for where to report the bug.
#

---------------  T H R E A D  ---------------

Current thread (0x00007ff938952800):  JavaThread "AWT-AppKit" daemon [_thread_in_native, id=775, stack(0x00007ffeec474000,0x00007ffeecc74000)]

siginfo: si_signo: 11 (SIGSEGV), si_code: 1 (SEGV_MAPERR), si_addr: 0x000007ff937f61e8

Registers:
RAX=0x00007ff93d2fccf0, RBX=0x0000000191737450, RCX=0x0000000000000001, RDX=0x0000000000000000
RSP=0x00007ffeecc6ea08, RBP=0x00007ffeecc6eac0, RSI=0x00007fff7b49528e, RDI=0x00007ff93d2fa030
R8 =0x00000000000000f1, R9 =0x00000000000000f2, R10=0x000007ff937f61d0, R11=0x00007fff7b49528e
R12=0x0000000000000000, R13=0x000000019605cd18, R14=0x0000000191737440, R15=0x00007ff938952800
RIP=0x00007fff7004781d, EFLAGS=0x0000000000010202, ERR=0x0000000000000004
  TRAPNO=0x000000000000000e

Top of Stack: (sp=0x00007ffeecc6ea08)
0x00007ffeecc6ea08:   0000000191735157 00007ffeecc6ea60
0x00007ffeecc6ea18:   0000000000000003 00007ffeecc6ea40
0x00007ffeecc6ea28:   0000000103943e3e 000000019605cd18
0x00007ffeecc6ea38:   000000019605cd18 00007ff93d2fccf0
0x00007ffeecc6ea48:   00000001917376a0 0000000191737710
0x00007ffeecc6ea58:   00007fff8ea4ce98 00007fff90338148
0x00007ffeecc6ea68:   0000000191737450 0000000191737690
0x00007ffeecc6ea78:   00007ff93d2fccf0 00007ff93d2fa030
0x00007ffeecc6ea88:   00007ff937c39610 00007ff93d2fccf0
0x00007ffeecc6ea98:   00007ff93d2fa030 00007ffeecc6eb48
0x00007ffeecc6eaa8:   00007ff9389529f8 000000019605cd18
0x00007ffeecc6eab8:   00007ffeecc6eb70 00007ffeecc6eb38
0x00007ffeecc6eac8:   0000000112516667 000000019605cd18
0x00007ffeecc6ead8:   00007ffeecc6eb70 00007ffeecc6eb38
0x00007ffeecc6eae8:   00000001125163c7 0000000112516382
0x00007ffeecc6eaf8:   00007ffeecc6eaf8 000000019605cd18
0x00007ffeecc6eb08:   00007ffeecc6eb70 000000019605f950
0x00007ffeecc6eb18:   0000000000000000 000000019605cd18
0x00007ffeecc6eb28:   0000000000000000 00007ffeecc6eb58
0x00007ffeecc6eb38:   00007ffeecc6ebb8 00000001125062bd
0x00007ffeecc6eb48:   00000006c09535e0 000000011250fd18
0x00007ffeecc6eb58:   00007ff93d2fccf0 00007ffeecc6ebb8
0x00007ffeecc6eb68:   00007ff93d2fa030 0000000112511782
0x00007ffeecc6eb78:   00007ffeecc6eb78 000000019605cee2
0x00007ffeecc6eb88:   00007ffeecc6ebe0 000000019605f950
0x00007ffeecc6eb98:   0000000000000000 000000019605cef0
0x00007ffeecc6eba8:   00007ffeecc6eb58 00007ffeecc6ebc8
0x00007ffeecc6ebb8:   00007ffeecc6ec28 00000001125062bd
0x00007ffeecc6ebc8:   00007ff93d2fccf0 00000006c1a14dc0
0x00007ffeecc6ebd8:   00007ff93d2fa030 00000006c1a14dc0
0x00007ffeecc6ebe8:   00007ffeecc6ebe8 0000000197311d16
0x00007ffeecc6ebf8:   00007ffeecc6ec38 0000000197311dd0 

Instructions: (pc=0x00007fff7004781d)
0x00007fff700477fd:   44 00 00 48 85 ff 2e 74 72 40 f6 c7 01 2e 75 76
0x00007fff7004780d:   49 ba f8 ff ff ff ff 7f 00 00 4c 23 17 49 89 f3
0x00007fff7004781d:   45 23 5a 18 49 c1 e3 04 4d 03 5a 10 49 3b 33 75
0x00007fff7004782d:   0a 4d 8b 5b 08 4d 31 d3 41 ff e3 49 83 3b 01 76 

Register to memory mapping:

RAX=0x00007ff93d2fccf0 is an unknown value
RBX=0x0000000191737450: Java_jogamp_nativewindow_macosx_OSXUtil_GetScreenRefreshRate0+0x1cf0 in /private/var/folders/j1/0vsbplgs3730b8p3dwn2dx7h0000gn/T/jogamp_0000/file_cache/jln8471943350731331876/jln6921962371090461821/libnativewindow_macosx.jnilib at 0x0000000191730000
RCX=0x0000000000000001 is an unknown value
RDX=0x0000000000000000 is an unknown value
RSP=0x00007ffeecc6ea08 is pointing into the stack for thread: 0x00007ff938952800
RBP=0x00007ffeecc6eac0 is pointing into the stack for thread: 0x00007ff938952800
RSI=0x00007fff7b49528e: GCC_except_table740+0xb4243be in /usr/lib/libobjc.A.dylib at 0x00007fff70041000
RDI=0x00007ff93d2fa030 is an unknown value
R8 =0x00000000000000f1 is an unknown value
R9 =0x00000000000000f2 is an unknown value
R10=0x000007ff937f61d0 is an unknown value
R11=0x00007fff7b49528e: GCC_except_table740+0xb4243be in /usr/lib/libobjc.A.dylib at 0x00007fff70041000
R12=0x0000000000000000 is an unknown value
R13={method} {0x000000019605cd18} 'UnsetJAWTRootSurfaceLayer0' '(JJ)V' in 'jogamp/nativewindow/jawt/macosx/MacOSXJAWTWindow'
R14=0x0000000191737440: Java_jogamp_nativewindow_macosx_OSXUtil_GetScreenRefreshRate0+0x1ce0 in /private/var/folders/j1/0vsbplgs3730b8p3dwn2dx7h0000gn/T/jogamp_0000/file_cache/jln8471943350731331876/jln6921962371090461821/libnativewindow_macosx.jnilib at 0x0000000191730000
R15=0x00007ff938952800 is a thread


Stack: [0x00007ffeec474000,0x00007ffeecc74000],  sp=0x00007ffeecc6ea08,  free space=8170k
Native frames: (J=compiled Java code, j=interpreted, Vv=VM code, C=native code)
C  [libobjc.A.dylib+0x681d]  objc_msgSend+0x1d
j  jogamp.nativewindow.jawt.macosx.MacOSXJAWTWindow.UnsetJAWTRootSurfaceLayer0(JJ)V+0
j  jogamp.nativewindow.jawt.macosx.MacOSXJAWTWindow.access$200(JJ)V+2
j  jogamp.nativewindow.jawt.macosx.MacOSXJAWTWindow$1.run()V+38
J 2158 C1 com.jogamp.common.util.RunnableTask.run()V (345 bytes) @ 0x00000001126ed3f4 [0x00000001126ed260+0x194]
v  ~StubRoutines::call_stub
V  [libjvm.dylib+0x2ef9aa]  JavaCalls::call_helper(JavaValue*, methodHandle*, JavaCallArguments*, Thread*)+0x6ae
V  [libjvm.dylib+0x326bd8]  jni_invoke_nonstatic(JNIEnv_*, JavaValue*, _jobject*, JNICallType, _jmethodID*, JNI_ArgumentPusher*, Thread*)+0x2ec
V  [libjvm.dylib+0x3193bb]  jni_CallVoidMethod+0x16b
C  [libnativewindow_macosx.jnilib+0x5326]  Java_jogamp_nativewindow_jawt_macosx_MacOSXJAWTWindow_UnsetJAWTRootSurfaceLayer0+0x2b6
C  [Foundation+0x9b0dd]  __NSThreadPerformPerform+0xcc
C  [CoreFoundation+0x83de2]  __CFRUNLOOP_IS_CALLING_OUT_TO_A_SOURCE0_PERFORM_FUNCTION__+0x11
C  [CoreFoundation+0x83d81]  __CFRunLoopDoSource0+0x67
C  [CoreFoundation+0x83b9b]  __CFRunLoopDoSources0+0xd1
C  [CoreFoundation+0x828ca]  __CFRunLoopRun+0x39f
C  [CoreFoundation+0x81ece]  CFRunLoopRunSpecific+0x1ce
C  [HIToolbox+0x2fabd]  RunCurrentEventLoopInMode+0x124
C  [HIToolbox+0x2f6f4]  ReceiveNextEventCommon+0x167
C  [HIToolbox+0x2f579]  _BlockUntilNextEventMatchingListInModeWithFilter+0x40
C  [AppKit+0x41829]  _DPSNextEvent+0x373
C  [AppKit+0x40070]  -[NSApplication(NSEvent) _nextEventMatchingEventMask:untilDate:inMode:dequeue:]+0x548
C  [libosxapp.dylib+0x23aa]  -[NSApplicationAWT nextEventMatchingMask:untilDate:inMode:dequeue:]+0x7c
C  [AppKit+0x31d7e]  -[NSApplication run]+0x292
C  [libosxapp.dylib+0x214d]  +[NSApplicationAWT runAWTLoopWithApp:]+0x9c
C  [libawt_lwawt.dylib+0x47397]  -[AWTStarter starter:]+0x389
C  [Foundation+0x9b0dd]  __NSThreadPerformPerform+0xcc
C  [CoreFoundation+0x83de2]  __CFRUNLOOP_IS_CALLING_OUT_TO_A_SOURCE0_PERFORM_FUNCTION__+0x11
C  [CoreFoundation+0x83d81]  __CFRunLoopDoSource0+0x67
C  [CoreFoundation+0x83b9b]  __CFRunLoopDoSources0+0xd1
C  [CoreFoundation+0x828ca]  __CFRunLoopRun+0x39f
C  [CoreFoundation+0x81ece]  CFRunLoopRunSpecific+0x1ce
C  [java+0x647a]  CreateExecutionEnvironment+0x367
C  [java+0x212c]  JLI_Launch+0x7a0
C  [java+0x84d7]  main+0x65
C  [java+0x1984]  start+0x34
C  0x0000000000000007

Java frames: (J=compiled Java code, j=interpreted, Vv=VM code)
j  jogamp.nativewindow.jawt.macosx.MacOSXJAWTWindow.UnsetJAWTRootSurfaceLayer0(JJ)V+0
j  jogamp.nativewindow.jawt.macosx.MacOSXJAWTWindow.access$200(JJ)V+2
j  jogamp.nativewindow.jawt.macosx.MacOSXJAWTWindow$1.run()V+38
J 2158 C1 com.jogamp.common.util.RunnableTask.run()V (345 bytes) @ 0x00000001126ed3f4 [0x00000001126ed260+0x194]
v  ~StubRoutines::call_stub

---------------  P R O C E S S  ---------------

Java Threads: ( => current thread )
  0x00007ff939432000 JavaThread "Thread-253" [_thread_blocked, id=12559, stack(0x0000700008243000,0x0000700008343000)]
  0x00007ff9392bd000 JavaThread "Image Fetcher 3" daemon [_thread_blocked, id=60271, stack(0x0000700008a5b000,0x0000700008b5b000)]
  0x00007ff939bf0800 JavaThread "Image Fetcher 2" daemon [_thread_blocked, id=59311, stack(0x0000700008958000,0x0000700008a58000)]
  0x00007ff938e2f000 JavaThread "Image Fetcher 1" daemon [_thread_blocked, id=29067, stack(0x0000700008855000,0x0000700008955000)]
  0x00007ff939182000 JavaThread "Image Fetcher 0" daemon [_thread_blocked, id=59435, stack(0x0000700008752000,0x0000700008852000)]
  0x00007ff939098800 JavaThread "Keep-Alive-Timer" daemon [_thread_blocked, id=60423, stack(0x000070000864f000,0x000070000874f000)]
  0x00007ff938c1c800 JavaThread "Animation Thread" [_thread_blocked, id=55499, stack(0x0000700007fba000,0x00007000080ba000)]
  0x00007ff938bf0000 JavaThread "AWT-EventQueue-1" [_thread_blocked, id=56331, stack(0x00007000080bd000,0x00007000081bd000)]
  0x00007ff93899a000 JavaThread "DestroyJavaVM" [_thread_blocked, id=4099, stack(0x000070000696f000,0x0000700006a6f000)]
  0x00007ff93915f000 JavaThread "AWT-EventQueue-0" [_thread_blocked, id=78103, stack(0x0000700007eb7000,0x0000700007fb7000)]
  0x00007ff939110000 JavaThread "Java2D Disposer" daemon [_thread_blocked, id=48927, stack(0x0000700007c2e000,0x0000700007d2e000)]
  0x00007ff9389e6000 JavaThread "Java2D Queue Flusher" daemon [_thread_blocked, id=87095, stack(0x0000700007b2b000,0x0000700007c2b000)]
  0x00007ff939927800 JavaThread "AWT-Shutdown" [_thread_blocked, id=37915, stack(0x0000700007922000,0x0000700007a22000)]
=>0x00007ff938952800 JavaThread "AWT-AppKit" daemon [_thread_in_native, id=775, stack(0x00007ffeec474000,0x00007ffeecc74000)]
  0x00007ff939859800 JavaThread "Service Thread" daemon [_thread_blocked, id=17667, stack(0x0000700007699000,0x0000700007799000)]
  0x00007ff938889800 JavaThread "C1 CompilerThread2" daemon [_thread_blocked, id=14083, stack(0x0000700007596000,0x0000700007696000)]
  0x00007ff939856800 JavaThread "C2 CompilerThread1" daemon [_thread_blocked, id=13827, stack(0x0000700007493000,0x0000700007593000)]
  0x00007ff93883e000 JavaThread "C2 CompilerThread0" daemon [_thread_blocked, id=18435, stack(0x0000700007390000,0x0000700007490000)]
  0x00007ff93883d800 JavaThread "Signal Dispatcher" daemon [_thread_blocked, id=13059, stack(0x000070000728d000,0x000070000738d000)]
  0x00007ff939854000 JavaThread "Finalizer" daemon [_thread_blocked, id=11267, stack(0x0000700007084000,0x0000700007184000)]
  0x00007ff93880b800 JavaThread "Reference Handler" daemon [_thread_blocked, id=20995, stack(0x0000700006f81000,0x0000700007081000)]

Other Threads:
  0x00007ff93984f800 VMThread [stack: 0x0000700006e7e000,0x0000700006f7e000] [id=21507]
  0x00007ff938013800 WatcherThread [stack: 0x000070000779c000,0x000070000789c000] [id=17411]

VM state:not at safepoint (normal execution)

VM Mutex/Monitor currently owned by a thread: None

Heap:
 PSYoungGen      total 78848K, used 64914K [0x000000076ab00000, 0x0000000770f80000, 0x00000007c0000000)
  eden space 56832K, 99% used [0x000000076ab00000,0x000000076e234760,0x000000076e280000)
  from space 22016K, 38% used [0x000000076e380000,0x000000076ebb0200,0x000000076f900000)
  to   space 23040K, 0% used [0x000000076f900000,0x000000076f900000,0x0000000770f80000)
 ParOldGen       total 175104K, used 66479K [0x00000006c0000000, 0x00000006cab00000, 0x000000076ab00000)
  object space 175104K, 37% used [0x00000006c0000000,0x00000006c40ebf10,0x00000006cab00000)
 Metaspace       used 20010K, capacity 20381K, committed 20864K, reserved 1069056K
  class space    used 1947K, capacity 2061K, committed 2176K, reserved 1048576K

Card table byte_map: [0x0000000104bbf000,0x00000001053c0000] byte_map_base: 0x00000001015bf000

Marking Bits: (ParMarkBitMap*) 0x00000001040f76c0
 Begin Bits: [0x0000000105916000, 0x0000000109916000)
 End Bits:   [0x0000000109916000, 0x000000010d916000)

Polling page: 0x0000000102ffb000

CodeCache: size=245760Kb used=9303Kb max_used=9385Kb free=236456Kb
 bounds [0x00000001124fe000, 0x0000000112e3e000, 0x00000001214fe000]
 total_blobs=3469 nmethods=2565 adapters=816
 compilation: enabled

Compilation events (10 events):
Event: 51.796 Thread 0x00007ff938889800 nmethod 2977 0x0000000112cf17d0 code [0x0000000112cf1bc0, 0x0000000112cf3f68]
Event: 51.819 Thread 0x00007ff938889800 2978       3       java.lang.ThreadLocal$ThreadLocalMap::<init> (53 bytes)
Event: 51.820 Thread 0x00007ff938889800 nmethod 2978 0x0000000112a13d50 code [0x0000000112a13f00, 0x0000000112a14548]
Event: 52.047 Thread 0x00007ff939856800 2979       4       com.jogamp.nativewindow.awt.JAWTWindow::getGraphicsConfiguration (8 bytes)
Event: 52.048 Thread 0x00007ff939856800 nmethod 2979 0x0000000112a71210 code [0x0000000112a71360, 0x0000000112a713f8]
Event: 54.798 Thread 0x00007ff938889800 2980       1       sun.java2d.SurfaceData::isValid (5 bytes)
Event: 54.798 Thread 0x00007ff938889800 nmethod 2980 0x0000000112b2d4d0 code [0x0000000112b2d620, 0x0000000112b2d730]
Event: 54.798 Thread 0x00007ff938889800 2981       3       sun.java2d.pipe.RenderBuffer::putFloat (26 bytes)
Event: 54.798 Thread 0x00007ff938889800 nmethod 2981 0x0000000112e1ead0 code [0x0000000112e1ec40, 0x0000000112e1edd0]
Event: 54.830 Thread 0x00007ff93883e000 2983   !   4       sun.lwawt.LWComponentPeer::isVisible (19 bytes)

GC Heap History (10 events):
Event: 39.123 GC heap before
{Heap before GC invocations=7 (full 0):
 PSYoungGen      total 80896K, used 80561K [0x000000076ab00000, 0x0000000770e00000, 0x00000007c0000000)
  eden space 62464K, 99% used [0x000000076ab00000,0x000000076e7dade0,0x000000076e800000)
  from space 18432K, 98% used [0x000000076fb80000,0x0000000770d517e0,0x0000000770d80000)
  to   space 19456K, 0% used [0x000000076e800000,0x000000076e800000,0x000000076fb00000)
 ParOldGen       total 175104K, used 22248K [0x00000006c0000000, 0x00000006cab00000, 0x000000076ab00000)
  object space 175104K, 12% used [0x00000006c0000000,0x00000006c15ba328,0x00000006cab00000)
 Metaspace       used 19814K, capacity 20153K, committed 20480K, reserved 1067008K
  class space    used 1932K, capacity 2027K, committed 2048K, reserved 1048576K
Event: 39.132 GC heap after
Heap after GC invocations=7 (full 0):
 PSYoungGen      total 79360K, used 17697K [0x000000076ab00000, 0x0000000770e00000, 0x00000007c0000000)
  eden space 61440K, 0% used [0x000000076ab00000,0x000000076ab00000,0x000000076e700000)
  from space 17920K, 98% used [0x000000076e800000,0x000000076f948480,0x000000076f980000)
  to   space 19968K, 0% used [0x000000076fa80000,0x000000076fa80000,0x0000000770e00000)
 ParOldGen       total 175104K, used 29680K [0x00000006c0000000, 0x00000006cab00000, 0x000000076ab00000)
  object space 175104K, 16% used [0x00000006c0000000,0x00000006c1cfc298,0x00000006cab00000)
 Metaspace       used 19814K, capacity 20153K, committed 20480K, reserved 1067008K
  class space    used 1932K, capacity 2027K, committed 2048K, reserved 1048576K
}
Event: 41.613 GC heap before
{Heap before GC invocations=8 (full 0):
 PSYoungGen      total 79360K, used 79137K [0x000000076ab00000, 0x0000000770e00000, 0x00000007c0000000)
  eden space 61440K, 100% used [0x000000076ab00000,0x000000076e700000,0x000000076e700000)
  from space 17920K, 98% used [0x000000076e800000,0x000000076f948480,0x000000076f980000)
  to   space 19968K, 0% used [0x000000076fa80000,0x000000076fa80000,0x0000000770e00000)
 ParOldGen       total 175104K, used 29938K [0x00000006c0000000, 0x00000006cab00000, 0x000000076ab00000)
  object space 175104K, 17% used [0x00000006c0000000,0x00000006c1d3cb58,0x00000006cab00000)
 Metaspace       used 19842K, capacity 20217K, committed 20480K, reserved 1067008K
  class space    used 1932K, capacity 2027K, committed 2048K, reserved 1048576K
Event: 41.619 GC heap after
Heap after GC invocations=8 (full 0):
 PSYoungGen      total 79872K, used 19857K [0x000000076ab00000, 0x0000000771000000, 0x00000007c0000000)
  eden space 59904K, 0% used [0x000000076ab00000,0x000000076ab00000,0x000000076e580000)
  from space 19968K, 99% used [0x000000076fa80000,0x0000000770de4520,0x0000000770e00000)
  to   space 21504K, 0% used [0x000000076e580000,0x000000076e580000,0x000000076fa80000)
 ParOldGen       total 175104K, used 34099K [0x00000006c0000000, 0x00000006cab00000, 0x000000076ab00000)
  object space 175104K, 19% used [0x00000006c0000000,0x00000006c214cc58,0x00000006cab00000)
 Metaspace       used 19842K, capacity 20217K, committed 20480K, reserved 1067008K
  class space    used 1932K, capacity 2027K, committed 2048K, reserved 1048576K
}
Event: 43.937 GC heap before
{Heap before GC invocations=9 (full 0):
 PSYoungGen      total 79872K, used 79761K [0x000000076ab00000, 0x0000000771000000, 0x00000007c0000000)
  eden space 59904K, 100% used [0x000000076ab00000,0x000000076e580000,0x000000076e580000)
  from space 19968K, 99% used [0x000000076fa80000,0x0000000770de4520,0x0000000770e00000)
  to   space 21504K, 0% used [0x000000076e580000,0x000000076e580000,0x000000076fa80000)
 ParOldGen       total 175104K, used 34100K [0x00000006c0000000, 0x00000006cab00000, 0x000000076ab00000)
  object space 175104K, 19% used [0x00000006c0000000,0x00000006c214d090,0x00000006cab00000)
 Metaspace       used 19863K, capacity 20217K, committed 20480K, reserved 1067008K
  class space    used 1934K, capacity 2027K, committed 2048K, reserved 1048576K
Event: 43.942 GC heap after
Heap after GC invocations=9 (full 0):
 PSYoungGen      total 78848K, used 19825K [0x000000076ab00000, 0x0000000770f80000, 0x00000007c0000000)
  eden space 58880K, 0% used [0x000000076ab00000,0x000000076ab00000,0x000000076e480000)
  from space 19968K, 99% used [0x000000076e580000,0x000000076f8dc4d0,0x000000076f900000)
  to   space 22016K, 0% used [0x000000076fa00000,0x000000076fa00000,0x0000000770f80000)
 ParOldGen       total 175104K, used 41620K [0x00000006c0000000, 0x00000006cab00000, 0x000000076ab00000)
  object space 175104K, 23% used [0x00000006c0000000,0x00000006c28a53d0,0x00000006cab00000)
 Metaspace       used 19863K, capacity 20217K, committed 20480K, reserved 1067008K
  class space    used 1934K, capacity 2027K, committed 2048K, reserved 1048576K
}
Event: 47.713 GC heap before
{Heap before GC invocations=10 (full 0):
 PSYoungGen      total 78848K, used 78705K [0x000000076ab00000, 0x0000000770f80000, 0x00000007c0000000)
  eden space 58880K, 100% used [0x000000076ab00000,0x000000076e480000,0x000000076e480000)
  from space 19968K, 99% used [0x000000076e580000,0x000000076f8dc4d0,0x000000076f900000)
  to   space 22016K, 0% used [0x000000076fa00000,0x000000076fa00000,0x0000000770f80000)
 ParOldGen       total 175104K, used 41878K [0x00000006c0000000, 0x00000006cab00000, 0x000000076ab00000)
  object space 175104K, 23% used [0x00000006c0000000,0x00000006c28e5be0,0x00000006cab00000)
 Metaspace       used 19906K, capacity 20281K, committed 20480K, reserved 1067008K
  class space    used 1935K, capacity 2027K, committed 2048K, reserved 1048576K
Event: 47.722 GC heap after
Heap after GC invocations=10 (full 0):
 PSYoungGen      total 78848K, used 14064K [0x000000076ab00000, 0x0000000770e80000, 0x00000007c0000000)
  eden space 57856K, 0% used [0x000000076ab00000,0x000000076ab00000,0x000000076e380000)
  from space 20992K, 67% used [0x000000076fa00000,0x00000007707bc370,0x0000000770e80000)
  to   space 22016K, 0% used [0x000000076e380000,0x000000076e380000,0x000000076f900000)
 ParOldGen       total 175104K, used 53047K [0x00000006c0000000, 0x00000006cab00000, 0x000000076ab00000)
  object space 175104K, 30% used [0x00000006c0000000,0x00000006c33cdf20,0x00000006cab00000)
 Metaspace       used 19906K, capacity 20281K, committed 20480K, reserved 1067008K
  class space    used 1935K, capacity 2027K, committed 2048K, reserved 1048576K
}
Event: 50.148 GC heap before
{Heap before GC invocations=11 (full 0):
 PSYoungGen      total 78848K, used 71920K [0x000000076ab00000, 0x0000000770e80000, 0x00000007c0000000)
  eden space 57856K, 100% used [0x000000076ab00000,0x000000076e380000,0x000000076e380000)
  from space 20992K, 67% used [0x000000076fa00000,0x00000007707bc370,0x0000000770e80000)
  to   space 22016K, 0% used [0x000000076e380000,0x000000076e380000,0x000000076f900000)
 ParOldGen       total 175104K, used 53047K [0x00000006c0000000, 0x00000006cab00000, 0x000000076ab00000)
  object space 175104K, 30% used [0x00000006c0000000,0x00000006c33cdf20,0x00000006cab00000)
 Metaspace       used 19937K, capacity 20281K, committed 20480K, reserved 1067008K
  class space    used 1935K, capacity 2027K, committed 2048K, reserved 1048576K
Event: 50.156 GC heap after
Heap after GC invocations=11 (full 0):
 PSYoungGen      total 78848K, used 8384K [0x000000076ab00000, 0x0000000770f80000, 0x00000007c0000000)
  eden space 56832K, 0% used [0x000000076ab00000,0x000000076ab00000,0x000000076e280000)
  from space 22016K, 38% used [0x000000076e380000,0x000000076ebb0200,0x000000076f900000)
  to   space 23040K, 0% used [0x000000076f900000,0x000000076f900000,0x0000000770f80000)
 ParOldGen       total 175104K, used 66479K [0x00000006c0000000, 0x00000006cab00000, 0x000000076ab00000)
  object space 175104K, 37% used [0x00000006c0000000,0x00000006c40ebf10,0x00000006cab00000)
 Metaspace       used 19937K, capacity 20281K, committed 20480K, reserved 1067008K
  class space    used 1935K, capacity 2027K, committed 2048K, reserved 1048576K
}

Deoptimization events (10 events):
Event: 54.809 Thread 0x00007ff938a35000 Uncommon trap: reason=class_check action=maybe_recompile pc=0x000000011295f34c method=java.util.HashMap.putVal(ILjava/lang/Object;Ljava/lang/Object;ZZ)Ljava/lang/Object; @ 91
Event: 54.809 Thread 0x00007ff938a35000 Uncommon trap: reason=class_check action=maybe_recompile pc=0x000000011295f34c method=java.util.HashMap.putVal(ILjava/lang/Object;Ljava/lang/Object;ZZ)Ljava/lang/Object; @ 91
Event: 54.810 Thread 0x00007ff938a35000 Uncommon trap: reason=class_check action=maybe_recompile pc=0x000000011295f34c method=java.util.HashMap.putVal(ILjava/lang/Object;Ljava/lang/Object;ZZ)Ljava/lang/Object; @ 91
Event: 54.810 Thread 0x00007ff938a35000 Uncommon trap: reason=class_check action=maybe_recompile pc=0x00000001127167c8 method=java.util.HashMap.putVal(ILjava/lang/Object;Ljava/lang/Object;ZZ)Ljava/lang/Object; @ 91
Event: 54.823 Thread 0x00007ff938952800 Uncommon trap: reason=unstable_if action=reinterpret pc=0x0000000112ad0d8c method=sun.lwawt.LWComponentPeer.findPeerAt(II)Lsun/lwawt/LWComponentPeer; @ 15
Event: 54.823 Thread 0x00007ff938952800 Uncommon trap: reason=unstable_if action=reinterpret pc=0x0000000112ad1a04 method=sun.lwawt.LWContainerPeer.findPeerAt(II)Lsun/lwawt/LWComponentPeer; @ 93
Event: 54.823 Thread 0x00007ff938952800 Uncommon trap: reason=unstable_if action=reinterpret pc=0x000000011299ae2c method=sun.lwawt.LWComponentPeer.findPeerAt(II)Lsun/lwawt/LWComponentPeer; @ 15
Event: 54.828 Thread 0x00007ff938bf0000 Uncommon trap: reason=unstable_if action=reinterpret pc=0x00000001129b2718 method=java.util.LinkedList$ListItr.<init>(Ljava/util/LinkedList;I)V @ 26
Event: 54.829 Thread 0x00007ff938bf0000 Uncommon trap: reason=unstable_if action=reinterpret pc=0x0000000112c07384 method=java.security.AccessControlContext.optimize()Ljava/security/AccessControlContext; @ 233
Event: 54.830 Thread 0x00007ff938bf0000 Uncommon trap: reason=unstable_if action=reinterpret pc=0x00000001127d4884 method=java.util.LinkedList$ListItr.<init>(Ljava/util/LinkedList;I)V @ 26

Classes redefined (0 events):
No events

Internal exceptions (10 events):
Event: 0.348 Thread 0x00007ff939809000 Exception <a 'java/io/FileNotFoundException'> (0x000000076ae93c70) thrown at [/Users/java_re/workspace/8-2-build-macosx-x86_64/jdk8u161/10277/hotspot/src/share/vm/prims/jni.cpp, line 709]
Event: 0.348 Thread 0x00007ff939809000 Exception <a 'java/io/FileNotFoundException'> (0x000000076ae94810) thrown at [/Users/java_re/workspace/8-2-build-macosx-x86_64/jdk8u161/10277/hotspot/src/share/vm/prims/jni.cpp, line 709]
Event: 0.442 Thread 0x00007ff939809000 Exception <a 'java/io/FileNotFoundException'> (0x000000076b062808) thrown at [/Users/java_re/workspace/8-2-build-macosx-x86_64/jdk8u161/10277/hotspot/src/share/vm/prims/jni.cpp, line 709]
Event: 1.736 Thread 0x00007ff938c1c800 Exception <a 'java/lang/UnsatisfiedLinkError': com.jogamp.common.util.JarUtil.fixNativeLibAttribs(Ljava/lang/String;)Z> (0x000000076c9d35d0) thrown at [/Users/java_re/workspace/8-2-build-macosx-x86_64/jdk8u161/10277/hotspot/src/share/vm/prims/nativeLookup
Event: 2.652 Thread 0x00007ff938bf0000 Exception <a 'java/io/FileNotFoundException'> (0x000000076dc74030) thrown at [/Users/java_re/workspace/8-2-build-macosx-x86_64/jdk8u161/10277/hotspot/src/share/vm/prims/jni.cpp, line 709]
Event: 2.653 Thread 0x00007ff938bf0000 Exception <a 'java/io/FileNotFoundException'> (0x000000076dc7fbf8) thrown at [/Users/java_re/workspace/8-2-build-macosx-x86_64/jdk8u161/10277/hotspot/src/share/vm/prims/jni.cpp, line 709]
Event: 2.653 Thread 0x00007ff938bf0000 Implicit null exception at 0x0000000112700076 to 0x0000000112700439
Event: 2.750 Thread 0x00007ff938bf0000 Implicit null exception at 0x00000001128f9006 to 0x00000001128f924d
Event: 2.954 Thread 0x00007ff939854000 Exception <a 'java/lang/NullPointerException'> (0x000000076ad08288) thrown at [/Users/java_re/workspace/8-2-build-macosx-x86_64/jdk8u161/10277/hotspot/src/share/vm/interpreter/linkResolver.cpp, line 1185]
Event: 43.636 Thread 0x00007ff9390c4000 Exception <a 'java/security/PrivilegedActionException'> (0x000000076df461a8) thrown at [/Users/java_re/workspace/8-2-build-macosx-x86_64/jdk8u161/10277/hotspot/src/share/vm/prims/jvm.cpp, line 1390]

Events (10 events):
Event: 54.829 loading class java/awt/event/AWTEventListenerProxy
Event: 54.829 loading class java/awt/event/AWTEventListenerProxy done
Event: 54.829 Executing VM operation: Deoptimize
Event: 54.829 Executing VM operation: Deoptimize done
Event: 54.829 loading class java/awt/Toolkit$ToolkitEventMulticaster
Event: 54.830 loading class java/awt/Toolkit$ToolkitEventMulticaster done
Event: 54.830 Thread 0x00007ff938bf0000 Uncommon trap: trap_request=0xffffff65 fr.pc=0x00000001127d4884
Event: 54.830 Thread 0x00007ff938bf0000 DEOPT PACKING pc=0x00000001127d4884 sp=0x00007000081baaa0
Event: 54.830 Thread 0x00007ff938bf0000 DEOPT UNPACKING pc=0x000000011254373a sp=0x00007000081ba9f8 mode 2
Event: 54.830 Thread 0x00007ff938a35000 Thread exited: 0x00007ff938a35000


Dynamic libraries:
0x000000000a0b2000 	/System/Library/Frameworks/Cocoa.framework/Versions/A/Cocoa
0x000000000a0b2000 	/System/Library/Frameworks/Security.framework/Versions/A/Security
0x000000000a0b2000 	/System/Library/Frameworks/ApplicationServices.framework/Versions/A/ApplicationServices
0x000000000a0b2000 	/usr/lib/libz.1.dylib
0x000000000a0b2000 	/usr/lib/libSystem.B.dylib
0x000000000a0b2000 	/usr/lib/libobjc.A.dylib
0x000000000a0b2000 	/System/Library/Frameworks/CoreFoundation.framework/Versions/A/CoreFoundation
0x000000000a0b2000 	/System/Library/Frameworks/Foundation.framework/Versions/C/Foundation
0x000000000a0b2000 	/System/Library/Frameworks/AppKit.framework/Versions/C/AppKit
0x000000000a0b2000 	/System/Library/Frameworks/CoreData.framework/Versions/A/CoreData
0x000000000a0b2000 	/System/Library/PrivateFrameworks/UIFoundation.framework/Versions/A/UIFoundation
0x000000000a0b2000 	/System/Library/PrivateFrameworks/RemoteViewServices.framework/Versions/A/RemoteViewServices
0x000000000a0b2000 	/System/Library/PrivateFrameworks/XCTTargetBootstrap.framework/Versions/A/XCTTargetBootstrap
0x000000000a0b2000 	/System/Library/Frameworks/CoreDisplay.framework/Versions/A/CoreDisplay
0x000000000a0b2000 	/System/Library/Frameworks/Metal.framework/Versions/A/Metal
0x000000000a0b2000 	/System/Library/PrivateFrameworks/DesktopServicesPriv.framework/Versions/A/DesktopServicesPriv
0x000000000a0b2000 	/usr/lib/liblangid.dylib
0x000000000a0b2000 	/System/Library/PrivateFrameworks/CoreSVG.framework/Versions/A/CoreSVG
0x000000000a0b2000 	/System/Library/PrivateFrameworks/SkyLight.framework/Versions/A/SkyLight
0x000000000a0b2000 	/System/Library/Frameworks/CoreGraphics.framework/Versions/A/CoreGraphics
0x000000000a0b2000 	/System/Library/Frameworks/Accelerate.framework/Versions/A/Accelerate
0x000000000a0b2000 	/usr/lib/libxml2.2.dylib
0x000000000a0b2000 	/System/Library/PrivateFrameworks/IconServices.framework/Versions/A/IconServices
0x000000000a0b2000 	/System/Library/Frameworks/IOSurface.framework/Versions/A/IOSurface
0x000000000a0b2000 	/usr/lib/libDiagnosticMessagesClient.dylib
0x000000000a0b2000 	/System/Library/PrivateFrameworks/DFRFoundation.framework/Versions/A/DFRFoundation
0x000000000a0b2000 	/usr/lib/libicucore.A.dylib
0x000000000a0b2000 	/System/Library/Frameworks/AudioToolbox.framework/Versions/A/AudioToolbox
0x000000000a0b2000 	/System/Library/Frameworks/AudioUnit.framework/Versions/A/AudioUnit
0x000000000a0b2000 	/usr/lib/libauto.dylib
0x000000000a0b2000 	/System/Library/PrivateFrameworks/DataDetectorsCore.framework/Versions/A/DataDetectorsCore
0x000000000a0b2000 	/System/Library/Frameworks/Carbon.framework/Versions/A/Frameworks/HIToolbox.framework/Versions/A/HIToolbox
0x000000000a0b2000 	/System/Library/Frameworks/QuartzCore.framework/Versions/A/QuartzCore
0x000000000a0b2000 	/System/Library/Frameworks/Carbon.framework/Versions/A/Frameworks/SpeechRecognition.framework/Versions/A/SpeechRecognition
0x000000000a0b2000 	/System/Library/PrivateFrameworks/CoreUI.framework/Versions/A/CoreUI
0x000000000a0b2000 	/System/Library/Frameworks/CoreAudio.framework/Versions/A/CoreAudio
0x000000000a0b2000 	/System/Library/Frameworks/DiskArbitration.framework/Versions/A/DiskArbitration
0x000000000a0b2000 	/System/Library/PrivateFrameworks/MultitouchSupport.framework/Versions/A/MultitouchSupport
0x000000000a0b2000 	/usr/lib/libenergytrace.dylib
0x000000000a0b2000 	/System/Library/Frameworks/IOKit.framework/Versions/A/IOKit
0x000000000a0b2000 	/System/Library/Frameworks/CoreServices.framework/Versions/A/CoreServices
0x000000000a0b2000 	/System/Library/PrivateFrameworks/PerformanceAnalysis.framework/Versions/A/PerformanceAnalysis
0x000000000a0b2000 	/System/Library/Frameworks/OpenGL.framework/Versions/A/OpenGL
0x000000000a0b2000 	/System/Library/Frameworks/ColorSync.framework/Versions/A/ColorSync
0x000000000a0b2000 	/System/Library/Frameworks/CoreImage.framework/Versions/A/CoreImage
0x000000000a0b2000 	/System/Library/Frameworks/CoreText.framework/Versions/A/CoreText
0x000000000a0b2000 	/System/Library/Frameworks/ImageIO.framework/Versions/A/ImageIO
0x000000000a0b2000 	/usr/lib/libc++.1.dylib
0x000000000a0b2000 	/usr/lib/libcompression.dylib
0x000000000a0b2000 	/usr/lib/libMobileGestalt.dylib
0x000000000a0b2000 	/System/Library/PrivateFrameworks/TextureIO.framework/Versions/A/TextureIO
0x000000000a0b2000 	/usr/lib/libate.dylib
0x000000000a0b2000 	/System/Library/PrivateFrameworks/InternationalSupport.framework/Versions/A/InternationalSupport
0x000000000a0b2000 	/usr/lib/system/libcache.dylib
0x000000000a0b2000 	/usr/lib/system/libcommonCrypto.dylib
0x000000000a0b2000 	/usr/lib/system/libcompiler_rt.dylib
0x000000000a0b2000 	/usr/lib/system/libcopyfile.dylib
0x000000000a0b2000 	/usr/lib/system/libcorecrypto.dylib
0x000000000a0b2000 	/usr/lib/system/libdispatch.dylib
0x000000000a0b2000 	/usr/lib/system/libdyld.dylib
0x000000000a0b2000 	/usr/lib/system/libkeymgr.dylib
0x000000000a0b2000 	/usr/lib/system/liblaunch.dylib
0x000000000a0b2000 	/usr/lib/system/libmacho.dylib
0x000000000a0b2000 	/usr/lib/system/libquarantine.dylib
0x000000000a0b2000 	/usr/lib/system/libremovefile.dylib
0x000000000a0b2000 	/usr/lib/system/libsystem_asl.dylib
0x000000000a0b2000 	/usr/lib/system/libsystem_blocks.dylib
0x000000000a0b2000 	/usr/lib/system/libsystem_c.dylib
0x000000000a0b2000 	/usr/lib/system/libsystem_configuration.dylib
0x000000000a0b2000 	/usr/lib/system/libsystem_coreservices.dylib
0x000000000a0b2000 	/usr/lib/system/libsystem_darwin.dylib
0x000000000a0b2000 	/usr/lib/system/libsystem_dnssd.dylib
0x000000000a0b2000 	/usr/lib/system/libsystem_featureflags.dylib
0x000000000a0b2000 	/usr/lib/system/libsystem_info.dylib
0x000000000a0b2000 	/usr/lib/system/libsystem_m.dylib
0x000000000a0b2000 	/usr/lib/system/libsystem_malloc.dylib
0x000000000a0b2000 	/usr/lib/system/libsystem_networkextension.dylib
0x000000000a0b2000 	/usr/lib/system/libsystem_notify.dylib
0x000000000a0b2000 	/usr/lib/system/libsystem_sandbox.dylib
0x000000000a0b2000 	/usr/lib/system/libsystem_secinit.dylib
0x000000000a0b2000 	/usr/lib/system/libsystem_kernel.dylib
0x000000000a0b2000 	/usr/lib/system/libsystem_platform.dylib
0x000000000a0b2000 	/usr/lib/system/libsystem_pthread.dylib
0x000000000a0b2000 	/usr/lib/system/libsystem_symptoms.dylib
0x000000000a0b2000 	/usr/lib/system/libsystem_trace.dylib
0x000000000a0b2000 	/usr/lib/system/libunwind.dylib
0x000000000a0b2000 	/usr/lib/system/libxpc.dylib
0x000000000a0b2000 	/usr/lib/libc++abi.dylib
0x000000000a0b2000 	/usr/lib/liblzma.5.dylib
0x000000000a0b2000 	/usr/lib/libfakelink.dylib
0x000000000a0b2000 	/usr/lib/libarchive.2.dylib
0x000000000a0b2000 	/System/Library/Frameworks/SystemConfiguration.framework/Versions/A/SystemConfiguration
0x000000000a0b2000 	/usr/lib/libCRFSuite.dylib
0x000000000a0b2000 	/System/Library/Frameworks/CFNetwork.framework/Versions/A/CFNetwork
0x000000000a0b2000 	/usr/lib/libbsm.0.dylib
0x000000000a0b2000 	/usr/lib/system/libkxld.dylib
0x000000000a0b2000 	/System/Library/PrivateFrameworks/AppleFSCompression.framework/Versions/A/AppleFSCompression
0x000000000a0b2000 	/usr/lib/libcoretls.dylib
0x000000000a0b2000 	/usr/lib/libcoretls_cfhelpers.dylib
0x000000000a0b2000 	/usr/lib/libpam.2.dylib
0x000000000a0b2000 	/usr/lib/libsqlite3.dylib
0x000000000a0b2000 	/usr/lib/libxar.1.dylib
0x000000000a0b2000 	/usr/lib/libbz2.1.0.dylib
0x000000000a0b2000 	/usr/lib/libiconv.2.dylib
0x000000000a0b2000 	/usr/lib/libcharset.1.dylib
0x000000000a0b2000 	/usr/lib/libnetwork.dylib
0x000000000a0b2000 	/usr/lib/libpcap.A.dylib
0x000000000a0b2000 	/usr/lib/libapple_nghttp2.dylib
0x000000000a0b2000 	/System/Library/Frameworks/CoreServices.framework/Versions/A/Frameworks/FSEvents.framework/Versions/A/FSEvents
0x000000000a0b2000 	/System/Library/Frameworks/CoreServices.framework/Versions/A/Frameworks/CarbonCore.framework/Versions/A/CarbonCore
0x000000000a0b2000 	/System/Library/Frameworks/CoreServices.framework/Versions/A/Frameworks/Metadata.framework/Versions/A/Metadata
0x000000000a0b2000 	/System/Library/Frameworks/CoreServices.framework/Versions/A/Frameworks/OSServices.framework/Versions/A/OSServices
0x000000000a0b2000 	/System/Library/Frameworks/CoreServices.framework/Versions/A/Frameworks/SearchKit.framework/Versions/A/SearchKit
0x000000000a0b2000 	/System/Library/Frameworks/CoreServices.framework/Versions/A/Frameworks/AE.framework/Versions/A/AE
0x000000000a0b2000 	/System/Library/Frameworks/CoreServices.framework/Versions/A/Frameworks/LaunchServices.framework/Versions/A/LaunchServices
0x000000000a0b2000 	/System/Library/Frameworks/CoreServices.framework/Versions/A/Frameworks/DictionaryServices.framework/Versions/A/DictionaryServices
0x000000000a0b2000 	/System/Library/Frameworks/CoreServices.framework/Versions/A/Frameworks/SharedFileList.framework/Versions/A/SharedFileList
0x000000000a0b2000 	/System/Library/Frameworks/NetFS.framework/Versions/A/NetFS
0x000000000a0b2000 	/System/Library/PrivateFrameworks/NetAuth.framework/Versions/A/NetAuth
0x000000000a0b2000 	/System/Library/PrivateFrameworks/login.framework/Versions/A/Frameworks/loginsupport.framework/Versions/A/loginsupport
0x000000000a0b2000 	/System/Library/PrivateFrameworks/TCC.framework/Versions/A/TCC
0x000000000a0b2000 	/System/Library/PrivateFrameworks/CoreNLP.framework/Versions/A/CoreNLP
0x000000000a0b2000 	/System/Library/PrivateFrameworks/MetadataUtilities.framework/Versions/A/MetadataUtilities
0x000000000a0b2000 	/usr/lib/libmecabra.dylib
0x000000000a0b2000 	/usr/lib/libmecab.dylib
0x000000000a0b2000 	/usr/lib/libgermantok.dylib
0x000000000a0b2000 	/usr/lib/libThaiTokenizer.dylib
0x000000000a0b2000 	/usr/lib/libChineseTokenizer.dylib
0x000000000a0b2000 	/System/Library/Frameworks/Accelerate.framework/Versions/A/Frameworks/vImage.framework/Versions/A/vImage
0x000000000a0b2000 	/System/Library/Frameworks/Accelerate.framework/Versions/A/Frameworks/vecLib.framework/Versions/A/vecLib
0x000000000a0b2000 	/System/Library/Frameworks/Accelerate.framework/Versions/A/Frameworks/vecLib.framework/Versions/A/libvMisc.dylib
0x000000000a0b2000 	/System/Library/Frameworks/Accelerate.framework/Versions/A/Frameworks/vecLib.framework/Versions/A/libvDSP.dylib
0x000000000a0b2000 	/System/Library/Frameworks/Accelerate.framework/Versions/A/Frameworks/vecLib.framework/Versions/A/libBLAS.dylib
0x000000000a0b2000 	/System/Library/Frameworks/Accelerate.framework/Versions/A/Frameworks/vecLib.framework/Versions/A/libLAPACK.dylib
0x000000000a0b2000 	/System/Library/Frameworks/Accelerate.framework/Versions/A/Frameworks/vecLib.framework/Versions/A/libLinearAlgebra.dylib
0x000000000a0b2000 	/System/Library/Frameworks/Accelerate.framework/Versions/A/Frameworks/vecLib.framework/Versions/A/libSparseBLAS.dylib
0x000000000a0b2000 	/System/Library/Frameworks/Accelerate.framework/Versions/A/Frameworks/vecLib.framework/Versions/A/libQuadrature.dylib
0x000000000a0b2000 	/System/Library/Frameworks/Accelerate.framework/Versions/A/Frameworks/vecLib.framework/Versions/A/libBNNS.dylib
0x000000000a0b2000 	/System/Library/Frameworks/Accelerate.framework/Versions/A/Frameworks/vecLib.framework/Versions/A/libSparse.dylib
0x000000000a0b2000 	/System/Library/PrivateFrameworks/LanguageModeling.framework/Versions/A/LanguageModeling
0x000000000a0b2000 	/System/Library/PrivateFrameworks/CoreEmoji.framework/Versions/A/CoreEmoji
0x000000000a0b2000 	/System/Library/PrivateFrameworks/LinguisticData.framework/Versions/A/LinguisticData
0x000000000a0b2000 	/System/Library/PrivateFrameworks/Lexicon.framework/Versions/A/Lexicon
0x000000000a0b2000 	/usr/lib/libcmph.dylib
0x000000000a0b2000 	/System/Library/Frameworks/OpenDirectory.framework/Versions/A/Frameworks/CFOpenDirectory.framework/Versions/A/CFOpenDirectory
0x000000000a0b2000 	/System/Library/Frameworks/OpenDirectory.framework/Versions/A/OpenDirectory
0x000000000a0b2000 	/System/Library/PrivateFrameworks/APFS.framework/Versions/A/APFS
0x000000000a0b2000 	/System/Library/Frameworks/SecurityFoundation.framework/Versions/A/SecurityFoundation
0x000000000a0b2000 	/usr/lib/libutil.dylib
0x000000000a0b2000 	/System/Library/PrivateFrameworks/CoreServicesStore.framework/Versions/A/CoreServicesStore
0x000000000a0b2000 	/System/Library/Frameworks/ServiceManagement.framework/Versions/A/ServiceManagement
0x000000000a0b2000 	/System/Library/PrivateFrameworks/BackgroundTaskManagement.framework/Versions/A/BackgroundTaskManagement
0x000000000a0b2000 	/usr/lib/libxslt.1.dylib
0x000000000a0b2000 	/System/Library/PrivateFrameworks/AppleSystemInfo.framework/Versions/A/AppleSystemInfo
0x000000000a0b2000 	/System/Library/Frameworks/ImageIO.framework/Versions/A/Resources/libJPEG.dylib
0x000000000a0b2000 	/System/Library/Frameworks/ImageIO.framework/Versions/A/Resources/libTIFF.dylib
0x000000000a0b2000 	/System/Library/Frameworks/ImageIO.framework/Versions/A/Resources/libPng.dylib
0x000000000a0b2000 	/System/Library/Frameworks/ImageIO.framework/Versions/A/Resources/libGIF.dylib
0x000000000a0b2000 	/System/Library/Frameworks/ImageIO.framework/Versions/A/Resources/libJP2.dylib
0x000000000a0b2000 	/System/Library/Frameworks/ImageIO.framework/Versions/A/Resources/libRadiance.dylib
0x000000000a0b2000 	/usr/lib/libexpat.1.dylib
0x000000000a0b2000 	/System/Library/PrivateFrameworks/AppleJPEG.framework/Versions/A/AppleJPEG
0x000000000a0b2000 	/System/Library/PrivateFrameworks/FontServices.framework/libFontParser.dylib
0x000000000a0b2000 	/System/Library/PrivateFrameworks/WatchdogClient.framework/Versions/A/WatchdogClient
0x000000000a0b2000 	/System/Library/PrivateFrameworks/IOAccelerator.framework/Versions/A/IOAccelerator
0x000000000a0b2000 	/System/Library/Frameworks/MetalPerformanceShaders.framework/Versions/A/MetalPerformanceShaders
0x000000000a0b2000 	/System/Library/PrivateFrameworks/GPUWrangler.framework/Versions/A/GPUWrangler
0x000000000a0b2000 	/System/Library/PrivateFrameworks/IOPresentment.framework/Versions/A/IOPresentment
0x000000000a0b2000 	/System/Library/PrivateFrameworks/DSExternalDisplay.framework/Versions/A/DSExternalDisplay
0x000000000a0b2000 	/System/Library/Frameworks/OpenGL.framework/Versions/A/Libraries/libCoreFSCache.dylib
0x000000000a0b2000 	/System/Library/Frameworks/MetalPerformanceShaders.framework/Frameworks/MPSCore.framework/Versions/A/MPSCore
0x000000000a0b2000 	/System/Library/Frameworks/MetalPerformanceShaders.framework/Frameworks/MPSImage.framework/Versions/A/MPSImage
0x000000000a0b2000 	/System/Library/Frameworks/MetalPerformanceShaders.framework/Frameworks/MPSNeuralNetwork.framework/Versions/A/MPSNeuralNetwork
0x000000000a0b2000 	/System/Library/Frameworks/MetalPerformanceShaders.framework/Frameworks/MPSMatrix.framework/Versions/A/MPSMatrix
0x000000000a0b2000 	/System/Library/Frameworks/MetalPerformanceShaders.framework/Frameworks/MPSRayIntersector.framework/Versions/A/MPSRayIntersector
0x000000000a0b2000 	/System/Library/Frameworks/MetalPerformanceShaders.framework/Frameworks/MPSNDArray.framework/Versions/A/MPSNDArray
0x000000000a0b2000 	/System/Library/PrivateFrameworks/MetalTools.framework/Versions/A/MetalTools
0x000000000a0b2000 	/System/Library/PrivateFrameworks/AggregateDictionary.framework/Versions/A/AggregateDictionary
0x000000000a0b2000 	/System/Library/PrivateFrameworks/CoreAnalytics.framework/Versions/A/CoreAnalytics
0x000000000a0b2000 	/System/Library/PrivateFrameworks/AppleSauce.framework/Versions/A/AppleSauce
0x000000000a0b2000 	/usr/lib/libIOReport.dylib
0x000000000a0b2000 	/System/Library/Frameworks/CoreVideo.framework/Versions/A/CoreVideo
0x000000000a0b2000 	/System/Library/PrivateFrameworks/GraphVisualizer.framework/Versions/A/GraphVisualizer
0x000000000a0b2000 	/System/Library/PrivateFrameworks/FaceCore.framework/Versions/A/FaceCore
0x000000000a0b2000 	/System/Library/Frameworks/OpenCL.framework/Versions/A/OpenCL
0x000000000a0b2000 	/usr/lib/libFosl_dynamic.dylib
0x000000000a0b2000 	/System/Library/PrivateFrameworks/OTSVG.framework/Versions/A/OTSVG
0x000000000a0b2000 	/System/Library/Frameworks/ApplicationServices.framework/Versions/A/Frameworks/ATS.framework/Versions/A/Resources/libFontRegistry.dylib
0x000000000a0b2000 	/System/Library/PrivateFrameworks/FontServices.framework/libhvf.dylib
0x000000000a0b2000 	/System/Library/Frameworks/OpenGL.framework/Versions/A/Libraries/libGFXShared.dylib
0x000000000a0b2000 	/System/Library/Frameworks/OpenGL.framework/Versions/A/Libraries/libGLU.dylib
0x000000000a0b2000 	/System/Library/Frameworks/OpenGL.framework/Versions/A/Libraries/libGL.dylib
0x000000000a0b2000 	/System/Library/Frameworks/OpenGL.framework/Versions/A/Libraries/libGLImage.dylib
0x000000000a0b2000 	/System/Library/Frameworks/OpenGL.framework/Versions/A/Libraries/libCVMSPluginSupport.dylib
0x000000000a0b2000 	/System/Library/Frameworks/OpenGL.framework/Versions/A/Libraries/libCoreVMClient.dylib
0x000000000a0b2000 	/usr/lib/libncurses.5.4.dylib
0x000000000a0b2000 	/System/Library/Frameworks/ApplicationServices.framework/Versions/A/Frameworks/ATS.framework/Versions/A/ATS
0x000000000a0b2000 	/System/Library/Frameworks/ApplicationServices.framework/Versions/A/Frameworks/ColorSyncLegacy.framework/Versions/A/ColorSyncLegacy
0x000000000a0b2000 	/System/Library/Frameworks/ApplicationServices.framework/Versions/A/Frameworks/HIServices.framework/Versions/A/HIServices
0x000000000a0b2000 	/System/Library/Frameworks/ApplicationServices.framework/Versions/A/Frameworks/LangAnalysis.framework/Versions/A/LangAnalysis
0x000000000a0b2000 	/System/Library/Frameworks/ApplicationServices.framework/Versions/A/Frameworks/PrintCore.framework/Versions/A/PrintCore
0x000000000a0b2000 	/System/Library/Frameworks/ApplicationServices.framework/Versions/A/Frameworks/QD.framework/Versions/A/QD
0x000000000a0b2000 	/System/Library/Frameworks/ApplicationServices.framework/Versions/A/Frameworks/SpeechSynthesis.framework/Versions/A/SpeechSynthesis
0x000000000a0b2000 	/System/Library/Frameworks/ApplicationServices.framework/Versions/A/Frameworks/ATSUI.framework/Versions/A/ATSUI
0x000000000a0b2000 	/usr/lib/libcups.2.dylib
0x000000000a0b2000 	/System/Library/Frameworks/Kerberos.framework/Versions/A/Kerberos
0x000000000a0b2000 	/System/Library/Frameworks/GSS.framework/Versions/A/GSS
0x000000000a0b2000 	/usr/lib/libresolv.9.dylib
0x000000000a0b2000 	/System/Library/PrivateFrameworks/Heimdal.framework/Versions/A/Heimdal
0x000000000a0b2000 	/System/Library/Frameworks/Kerberos.framework/Versions/A/Libraries/libHeimdalProxy.dylib
0x000000000a0b2000 	/usr/lib/libheimdal-asn1.dylib
0x000000000a0b2000 	/System/Library/PrivateFrameworks/CommonAuth.framework/Versions/A/CommonAuth
0x000000000a0b2000 	/System/Library/PrivateFrameworks/AssertionServices.framework/Versions/A/AssertionServices
0x000000000a0b2000 	/System/Library/PrivateFrameworks/AudioToolboxCore.framework/Versions/A/AudioToolboxCore
0x000000000a0b2000 	/System/Library/PrivateFrameworks/caulk.framework/Versions/A/caulk
0x000000000a0b2000 	/System/Library/PrivateFrameworks/BaseBoard.framework/Versions/A/BaseBoard
0x000000000a0b2000 	/System/Library/PrivateFrameworks/RunningBoardServices.framework/Versions/A/RunningBoardServices
0x000000000a0b2000 	/System/Library/PrivateFrameworks/PersistentConnection.framework/Versions/A/PersistentConnection
0x000000000a0b2000 	/System/Library/PrivateFrameworks/ProtocolBuffer.framework/Versions/A/ProtocolBuffer
0x000000000a0b2000 	/System/Library/PrivateFrameworks/CommonUtilities.framework/Versions/A/CommonUtilities
0x000000000a0b2000 	/System/Library/PrivateFrameworks/Bom.framework/Versions/A/Bom
0x000000000a0b2000 	/usr/lib/libAudioToolboxUtility.dylib
0x000000000a0b2000 	/System/Library/PrivateFrameworks/Backup.framework/Versions/A/Backup
0x000000000a0b2000 	/System/Library/PrivateFrameworks/CrashReporterSupport.framework/Versions/A/CrashReporterSupport
0x000000000a0b2000 	/System/Library/PrivateFrameworks/Sharing.framework/Versions/A/Sharing
0x000000000a0b2000 	/System/Library/PrivateFrameworks/Apple80211.framework/Versions/A/Apple80211
0x000000000a0b2000 	/System/Library/PrivateFrameworks/AuthKit.framework/Versions/A/AuthKit
0x000000000a0b2000 	/System/Library/PrivateFrameworks/CoreUtils.framework/Versions/A/CoreUtils
0x000000000a0b2000 	/System/Library/Frameworks/CoreWLAN.framework/Versions/A/CoreWLAN
0x000000000a0b2000 	/System/Library/Frameworks/IOBluetooth.framework/Versions/A/IOBluetooth
0x000000000a0b2000 	/System/Library/PrivateFrameworks/MobileKeyBag.framework/Versions/A/MobileKeyBag
0x000000000a0b2000 	/System/Library/PrivateFrameworks/CorePhoneNumbers.framework/Versions/A/CorePhoneNumbers
0x000000000a0b2000 	/System/Library/PrivateFrameworks/AppleIDAuthSupport.framework/Versions/A/AppleIDAuthSupport
0x000000000a0b2000 	/System/Library/Frameworks/Network.framework/Versions/A/Network
0x000000000a0b2000 	/System/Library/PrivateFrameworks/KeychainCircle.framework/Versions/A/KeychainCircle
0x000000000a0b2000 	/System/Library/Frameworks/CoreBluetooth.framework/Versions/A/CoreBluetooth
0x000000000a0b2000 	/System/Library/PrivateFrameworks/SpeechRecognitionCore.framework/Versions/A/SpeechRecognitionCore
0x0000000103800000 	/Library/Java/JavaVirtualMachines/jdk1.8.0_161.jdk/Contents/Home/jre/lib/server/libjvm.dylib
0x000000000a0b2000 	/usr/lib/libstdc++.6.dylib
0x0000000102fb7000 	/Library/Java/JavaVirtualMachines/jdk1.8.0_161.jdk/Contents/Home/jre/lib/libverify.dylib
0x0000000102fc5000 	/Library/Java/JavaVirtualMachines/jdk1.8.0_161.jdk/Contents/Home/jre/lib/libjava.dylib
0x00000001047f6000 	/Library/Java/JavaVirtualMachines/jdk1.8.0_161.jdk/Contents/Home/jre/lib/libzip.dylib
0x000000011076b000 	/Library/Java/JavaVirtualMachines/jdk1.8.0_161.jdk/Contents/Home/jre/lib/libawt.dylib
0x0000000110815000 	/Library/Java/JavaVirtualMachines/jdk1.8.0_161.jdk/Contents/Home/jre/lib/libmlib_image.dylib
0x000000000a0b2000 	/System/Library/Frameworks/JavaVM.framework/Versions/A/Frameworks/JavaNativeFoundation.framework/Versions/A/JavaNativeFoundation
0x000000000a0b2000 	/System/Library/Frameworks/JavaVM.framework/Versions/A/Frameworks/JavaRuntimeSupport.framework/Versions/A/JavaRuntimeSupport
0x000000000a0b2000 	/System/Library/Frameworks/JavaVM.framework/Versions/A/JavaVM
0x000000000a0b2000 	/System/Library/PrivateFrameworks/JavaLaunching.framework/Versions/A/JavaLaunching
0x000000000a0b2000 	/System/Library/Frameworks/Carbon.framework/Versions/A/Carbon
0x000000000a0b2000 	/System/Library/PrivateFrameworks/CoreSymbolication.framework/Versions/A/CoreSymbolication
0x000000000a0b2000 	/System/Library/Frameworks/Carbon.framework/Versions/A/Frameworks/CommonPanels.framework/Versions/A/CommonPanels
0x000000000a0b2000 	/System/Library/Frameworks/Carbon.framework/Versions/A/Frameworks/Help.framework/Versions/A/Help
0x000000000a0b2000 	/System/Library/Frameworks/Carbon.framework/Versions/A/Frameworks/ImageCapture.framework/Versions/A/ImageCapture
0x000000000a0b2000 	/System/Library/Frameworks/Carbon.framework/Versions/A/Frameworks/OpenScripting.framework/Versions/A/OpenScripting
0x000000000a0b2000 	/System/Library/Frameworks/Carbon.framework/Versions/A/Frameworks/Ink.framework/Versions/A/Ink
0x000000000a0b2000 	/System/Library/Frameworks/Carbon.framework/Versions/A/Frameworks/Print.framework/Versions/A/Print
0x000000000a0b2000 	/System/Library/Frameworks/Carbon.framework/Versions/A/Frameworks/SecurityHI.framework/Versions/A/SecurityHI
0x000000000a0b2000 	/System/Library/PrivateFrameworks/DebugSymbols.framework/Versions/A/DebugSymbols
0x00000001108e1000 	/Library/Java/JavaVirtualMachines/jdk1.8.0_161.jdk/Contents/Home/jre/lib/libawt_lwawt.dylib
0x000000011099b000 	/Library/Java/JavaVirtualMachines/jdk1.8.0_161.jdk/Contents/Home/jre/lib/libosxapp.dylib
0x000000000a0b2000 	/System/Library/Frameworks/ExceptionHandling.framework/Versions/A/ExceptionHandling
0x000000000a0b2000 	/System/Library/PrivateFrameworks/CoreServicesInternal.framework/Versions/A/CoreServicesInternal
0x000000000a0b2000 	/System/Library/Frameworks/FileProvider.framework/Versions/A/FileProvider
0x000000000a0b2000 	/System/Library/Frameworks/Accounts.framework/Versions/A/Accounts
0x000000000a0b2000 	/System/Library/PrivateFrameworks/GenerationalStorage.framework/Versions/A/GenerationalStorage
0x000000000a0b2000 	/System/Library/PrivateFrameworks/SymptomDiagnosticReporter.framework/Versions/A/SymptomDiagnosticReporter
0x000000000a0b2000 	/System/Library/PrivateFrameworks/AppContainer.framework/Versions/A/AppContainer
0x000000000a0b2000 	/usr/lib/libsandbox.1.dylib
0x000000000a0b2000 	/System/Library/PrivateFrameworks/UserManagement.framework/Versions/A/UserManagement
0x000000000a0b2000 	/System/Library/PrivateFrameworks/ChunkingLibrary.framework/Versions/A/ChunkingLibrary
0x000000000a0b2000 	/System/Library/PrivateFrameworks/AppSandbox.framework/Versions/A/AppSandbox
0x000000000a0b2000 	/System/Library/PrivateFrameworks/SecCodeWrapper.framework/Versions/A/SecCodeWrapper
0x000000000a0b2000 	/usr/lib/libMatch.1.dylib
0x000000000a0b2000 	/System/Library/CoreServices/RawCamera.bundle/Contents/MacOS/RawCamera
0x000000000a0b2000 	/System/Library/PrivateFrameworks/MobileAsset.framework/Versions/A/MobileAsset
0x000000000a0b2000 	/System/Library/PrivateFrameworks/StreamingZip.framework/Versions/A/StreamingZip
0x000000000a0b2000 	/System/Library/Frameworks/MediaToolbox.framework/Versions/A/MediaToolbox
0x000000000a0b2000 	/System/Library/PrivateFrameworks/CoreAVCHD.framework/Versions/A/CoreAVCHD
0x000000000a0b2000 	/System/Library/Frameworks/MediaAccessibility.framework/Versions/A/MediaAccessibility
0x000000000a0b2000 	/System/Library/PrivateFrameworks/Mangrove.framework/Versions/A/Mangrove
0x000000000a0b2000 	/System/Library/Frameworks/CoreMedia.framework/Versions/A/CoreMedia
0x000000000a0b2000 	/System/Library/PrivateFrameworks/MediaExperience.framework/Versions/A/MediaExperience
0x000000000a0b2000 	/System/Library/Frameworks/VideoToolbox.framework/Versions/A/VideoToolbox
0x000000000a0b2000 	/System/Library/PrivateFrameworks/CoreAUC.framework/Versions/A/CoreAUC
0x000000000a0b2000 	/usr/lib/libspindump.dylib
0x000000000a0b2000 	/System/Library/PrivateFrameworks/AudioResourceArbitration.framework/Versions/A/AudioResourceArbitration
0x000000000a0b2000 	/System/Library/PrivateFrameworks/AppleVA.framework/Versions/A/AppleVA
0x000000000a0b2000 	/System/Library/Frameworks/Accelerate.framework/Versions/A/Frameworks/vImage.framework/Versions/A/Libraries/libCGInterfaces.dylib
0x0000000111c0f000 	/usr/lib/libobjc-trampolines.dylib
0x000000000a0b2000 	/System/Library/PrivateFrameworks/FontServices.framework/libTrueTypeScaler.dylib
0x000000000a0b2000 	/System/Library/Extensions/AppleIntelKBLGraphicsMTLDriver.bundle/Contents/MacOS/AppleIntelKBLGraphicsMTLDriver
0x000000000a0b2000 	/System/Library/PrivateFrameworks/GPUCompiler.framework/Versions/3902/Libraries/libmetal_timestamp.dylib
0x000000000a0b2000 	/System/Library/PrivateFrameworks/FamilyControls.framework/Versions/A/FamilyControls
0x000000000a0b2000 	/System/Library/PrivateFrameworks/CommerceKit.framework/Versions/A/Frameworks/CommerceCore.framework/Versions/A/CommerceCore
0x000000000a0b2000 	/System/Library/PrivateFrameworks/SystemAdministration.framework/Versions/A/SystemAdministration
0x000000000a0b2000 	/System/Library/PrivateFrameworks/DiskManagement.framework/Versions/A/DiskManagement
0x000000000a0b2000 	/System/Library/Frameworks/DirectoryService.framework/Versions/A/DirectoryService
0x000000000a0b2000 	/System/Library/PrivateFrameworks/DiskImages.framework/Versions/A/DiskImages
0x000000000a0b2000 	/System/Library/PrivateFrameworks/LoginUIKit.framework/Versions/A/Frameworks/LoginUICore.framework/Versions/A/LoginUICore
0x000000000a0b2000 	/usr/lib/libCoreStorage.dylib
0x000000000a0b2000 	/usr/lib/libcsfde.dylib
0x000000000a0b2000 	/usr/lib/libodfde.dylib
0x000000000a0b2000 	/System/Library/PrivateFrameworks/MediaKit.framework/Versions/A/MediaKit
0x000000000a0b2000 	/System/Library/Frameworks/DiscRecording.framework/Versions/A/DiscRecording
0x000000000a0b2000 	/System/Library/PrivateFrameworks/EFILogin.framework/Versions/A/EFILogin
0x000000000a0b2000 	/System/Library/PrivateFrameworks/ProtectedCloudStorage.framework/Versions/A/ProtectedCloudStorage
0x000000000a0b2000 	/usr/lib/libcurl.4.dylib
0x000000000a0b2000 	/usr/lib/libcrypto.44.dylib
0x000000000a0b2000 	/usr/lib/libssl.46.dylib
0x000000000a0b2000 	/System/Library/Frameworks/LDAP.framework/Versions/A/LDAP
0x000000000a0b2000 	/System/Library/PrivateFrameworks/TrustEvaluationAgent.framework/Versions/A/TrustEvaluationAgent
0x000000000a0b2000 	/usr/lib/libsasl2.2.dylib
0x000000000a0b2000 	/System/Library/PrivateFrameworks/CoreDaemon.framework/Versions/B/CoreDaemon
0x000000000a0b2000 	/System/Library/PrivateFrameworks/AppleSRP.framework/Versions/A/AppleSRP
0x000000000a0b2000 	/System/Library/PrivateFrameworks/ViewBridge.framework/Versions/A/ViewBridge
0x000000000a0b2000 	/System/Library/Frameworks/OpenGL.framework/Versions/A/Resources/GLEngine.bundle/GLEngine
0x000000000a0b2000 	/System/Library/Frameworks/OpenGL.framework/Versions/A/Libraries/libGLProgrammability.dylib
0x000000000a0b2000 	/System/Library/Extensions/AppleIntelKBLGraphicsGLDriver.bundle/Contents/MacOS/AppleIntelKBLGraphicsGLDriver
0x000000000a0b2000 	/System/Library/PrivateFrameworks/GPUSupport.framework/Versions/A/Libraries/libGPUSupportMercury.dylib
0x000000000a0b2000 	/System/Library/Frameworks/OpenGL.framework/Versions/A/Resources/GLRendererFloat.bundle/GLRendererFloat
0x000000000a0b2000 	/System/Library/Frameworks/OpenCL.framework/Versions/A/Libraries/libcldcpuengine.dylib
0x000000000a0b2000 	/System/Library/PrivateFrameworks/login.framework/Versions/A/login
0x000000012253a000 	/Library/Java/JavaVirtualMachines/jdk1.8.0_161.jdk/Contents/Home/jre/lib/libfontmanager.dylib
0x000000000a0b2000 	/System/Library/PrivateFrameworks/HDRProcessing.framework/Versions/A/HDRProcessing
0x00000001235b3000 	/Library/Java/JavaVirtualMachines/jdk1.8.0_161.jdk/Contents/Home/jre/lib/libosxui.dylib
0x0000000123b36000 	/Library/Java/JavaVirtualMachines/jdk1.8.0_161.jdk/Contents/Home/jre/lib/libnet.dylib
0x0000000123945000 	/Library/Java/JavaVirtualMachines/jdk1.8.0_161.jdk/Contents/Home/jre/lib/libnio.dylib
0x0000000123653000 	/private/var/folders/j1/0vsbplgs3730b8p3dwn2dx7h0000gn/T/jogamp_0000/file_cache/jln8471943350731331876/jln6921962371090461821/libgluegen-rt.jnilib
0x0000000123657000 	/private/var/folders/j1/0vsbplgs3730b8p3dwn2dx7h0000gn/T/jogamp_0000/file_cache/jln8471943350731331876/jln6921962371090461821/libnativewindow_awt.jnilib
0x000000019172d000 	/Library/Java/JavaVirtualMachines/jdk1.8.0_161.jdk/Contents/Home/jre/lib/libjawt.dylib
0x0000000191730000 	/private/var/folders/j1/0vsbplgs3730b8p3dwn2dx7h0000gn/T/jogamp_0000/file_cache/jln8471943350731331876/jln6921962371090461821/libnativewindow_macosx.jnilib
0x000000019173a000 	/private/var/folders/j1/0vsbplgs3730b8p3dwn2dx7h0000gn/T/jogamp_0000/file_cache/jln8471943350731331876/jln6921962371090461821/libjogl_desktop.jnilib
0x000000000a0b2000 	/usr/lib/libusrtcp.dylib
0x00000001920d1000 	/Library/Java/JavaVirtualMachines/jdk1.8.0_161.jdk/Contents/Home/jre/lib/libjpeg.dylib

VM Arguments:
jvm_args: -Djava.security.policy=java.policy.applet -Dfile.encoding=UTF-8 
java_command: sun.applet.AppletViewer guimodule.Earthquake1592978843796.html
java_class_path (initial): /Library/Java/JavaVirtualMachines/jdk1.8.0_161.jdk/Contents/Home/jre/lib/resources.jar:/Library/Java/JavaVirtualMachines/jdk1.8.0_161.jdk/Contents/Home/jre/lib/rt.jar:/Library/Java/JavaVirtualMachines/jdk1.8.0_161.jdk/Contents/Home/jre/lib/jsse.jar:/Library/Java/JavaVirtualMachines/jdk1.8.0_161.jdk/Contents/Home/jre/lib/jce.jar:/Library/Java/JavaVirtualMachines/jdk1.8.0_161.jdk/Contents/Home/jre/lib/charsets.jar:/Library/Java/JavaVirtualMachines/jdk1.8.0_161.jdk/Contents/Home/jre/lib/jfr.jar:/Library/Java/JavaVirtualMachines/jdk1.8.0_161.jdk/Contents/Home/jre/lib/ext/sunec.jar:/Library/Java/JavaVirtualMachines/jdk1.8.0_161.jdk/Contents/Home/jre/lib/ext/nashorn.jar:/Library/Java/JavaVirtualMachines/jdk1.8.0_161.jdk/Contents/Home/jre/lib/ext/cldrdata.jar:/Library/Java/JavaVirtualMachines/jdk1.8.0_161.jdk/Contents/Home/jre/lib/ext/jfxrt.jar:/Library/Java/JavaVirtualMachines/jdk1.8.0_161.jdk/Contents/Home/jre/lib/ext/dnsns.jar:/Library/Java/JavaVirtualMachines/jdk1.8.0_161.jdk/Contents/Home/jre/lib/ext/localedata.jar:/Library/Java/JavaVirtualMachines/jdk1.8.0_161.jdk/Contents/Home/jre/lib/ext/sunjce_provider.jar:/Library/Java/JavaVirtualMachines/jdk1.8.0_161.jdk/Contents/Home/jre/lib/ext/sunpkcs11.jar:/Library/Java/JavaVirtualMachines/jdk1.8.0_161.jdk/Contents/Home/jre/lib/ext/jaccess.jar:/Library/Java/JavaVirtualMachines/jdk1.8.0_161.jdk/Contents/Home/jre/lib/ext/zipfs.jar:/System/Library/Java/Extensions/MRJToolkit.jar:/Users/kilingcheung/iCloud Drive (Archive)/Desktop/Desktop/Coursera/Java-Data-Structure/Object-Oriented-Programming/UCSDUnfoldingMaps/build:/Users/kilingcheung/iCloud Drive (Archive)/Desktop/Desktop/Coursera/Java-Data-Structure/Object-Oriented-Programming/UCSDUnfoldingMaps/lib/core.jar:/Users/kilingcheung/iCloud Drive (Archive)/Desktop/Desktop/Coursera/Java-Data-Structure/Object-Oriented-Programming/UCSDUnfoldingMaps/lib/gluegen-rt.jar:/Users/kilingcheung/iCloud Drive (Archive)/Desktop/Desktop/Coursera/Java-Data-Structure/Obj
Launcher Type: SUN_STANDARD

Environment Variables:
PATH=/usr/bin:/bin:/usr/sbin:/sbin
SHELL=/bin/bash

Signal Handlers:
SIGSEGV: [libjvm.dylib+0x5b5439], sa_mask[0]=11111111011111110111111111111111, sa_flags=SA_ONSTACK|SA_RESTART|SA_SIGINFO
SIGBUS: [libjvm.dylib+0x5b5439], sa_mask[0]=11111111011111110111111111111111, sa_flags=SA_RESTART|SA_SIGINFO
SIGFPE: [libjvm.dylib+0x48ae24], sa_mask[0]=11111111011111110111111111111111, sa_flags=SA_RESTART|SA_SIGINFO
SIGPIPE: [libjvm.dylib+0x48ae24], sa_mask[0]=11111111011111110111111111111111, sa_flags=SA_RESTART|SA_SIGINFO
SIGXFSZ: [libjvm.dylib+0x48ae24], sa_mask[0]=11111111011111110111111111111111, sa_flags=SA_RESTART|SA_SIGINFO
SIGILL: [libjvm.dylib+0x48ae24], sa_mask[0]=11111111011111110111111111111111, sa_flags=SA_RESTART|SA_SIGINFO
SIGUSR1: SIG_DFL, sa_mask[0]=00000000000000000000000000000000, sa_flags=none
SIGUSR2: [libjvm.dylib+0x48a942], sa_mask[0]=00100000000000000000000000000000, sa_flags=SA_RESTART|SA_SIGINFO
SIGHUP: [libjvm.dylib+0x488f0d], sa_mask[0]=11111111011111110111111111111111, sa_flags=SA_RESTART|SA_SIGINFO
SIGINT: [libjvm.dylib+0x488f0d], sa_mask[0]=11111111011111110111111111111111, sa_flags=SA_RESTART|SA_SIGINFO
SIGTERM: [libjvm.dylib+0x488f0d], sa_mask[0]=11111111011111110111111111111111, sa_flags=SA_RESTART|SA_SIGINFO
SIGQUIT: [libjvm.dylib+0x488f0d], sa_mask[0]=11111111011111110111111111111111, sa_flags=SA_RESTART|SA_SIGINFO


---------------  S Y S T E M  ---------------

OS:Bsduname:Darwin 19.5.0 Darwin Kernel Version 19.5.0: Thu Apr 30 18:25:59 PDT 2020; root:xnu-6153.121.1~7/RELEASE_X86_64 x86_64
rlimit: STACK 8192k, CORE 0k, NPROC 2784, NOFILE 10240, AS infinity
load average:2.05 1.72 1.66

CPU:total 4 (initial active 4) (2 cores per cpu, 2 threads per core) family 6 model 142 stepping 9, cmov, cx8, fxsr, mmx, sse, sse2, sse3, ssse3, sse4.1, sse4.2, popcnt, avx, avx2, aes, clmul, erms, rtm, 3dnowpref, lzcnt, ht, tsc, tscinvbit, bmi1, bmi2, adx

Memory: 4k page, physical 16777216k(4110516k free)

/proc/meminfo:


vm_info: Java HotSpot(TM) 64-Bit Server VM (25.161-b12) for bsd-amd64 JRE (1.8.0_161-b12), built on Dec 19 2017 16:22:20 by "java_re" with gcc 4.2.1 (Based on Apple Inc. build 5658) (LLVM build 2336.11.00)

time: Wed Jun 24 14:08:18 2020
elapsed time: 54 seconds (0d 0h 0m 54s)

