#
# A fatal error has been detected by the Java Runtime Environment:
#
#  SIGSEGV (0xb) at pc=0x00007fff6be6b81d, pid=6584, tid=0x0000000000000307
#
# JRE version: Java(TM) SE Runtime Environment (8.0_161-b12) (build 1.8.0_161-b12)
# Java VM: Java HotSpot(TM) 64-Bit Server VM (25.161-b12 mixed mode bsd-amd64 compressed oops)
# Problematic frame:
# C  [libobjc.A.dylib+0x681d]  objc_msgSend+0x1d
#
# Failed to write core dump. Core dumps have been disabled. To enable core dumping, try "ulimit -c unlimited" before starting Java again
#
# If you would like to submit a bug report, please visit:
#   http://bugreport.java.com/bugreport/crash.jsp
# The crash happened outside the Java Virtual Machine in native code.
# See problematic frame for where to report the bug.
#

---------------  T H R E A D  ---------------

Current thread (0x00007fd2df91b000):  JavaThread "AWT-AppKit" daemon [_thread_in_native, id=775, stack(0x00007ffeed5ab000,0x00007ffeeddab000)]

siginfo: si_signo: 11 (SIGSEGV), si_code: 1 (SEGV_MAPERR), si_addr: 0x000007fd2e44ad88

Registers:
RAX=0x00007fd2e442a530, RBX=0x0000000190688450, RCX=0x6afe915b5d450001, RDX=0x0000000000000001
RSP=0x00007ffeedda5b08, RBP=0x00007ffeedda5bc0, RSI=0x00007fff772b928e, RDI=0x00007fd2e4482980
R8 =0x0000000000000000, R9 =0x0000000000000031, R10=0x000007fd2e44ad70, R11=0x00007fff772b928e
R12=0x0000000000000000, R13=0x0000000195557c18, R14=0x0000000190688440, R15=0x00007fd2df91b000
RIP=0x00007fff6be6b81d, EFLAGS=0x0000000000010202, ERR=0x0000000000000004
  TRAPNO=0x000000000000000e

Top of Stack: (sp=0x00007ffeedda5b08)
0x00007ffeedda5b08:   0000000190686157 00007ffeedda5b60
0x00007ffeedda5b18:   0000000000000003 00007ffeedda5b40
0x00007ffeedda5b28:   0000000102943e3e 0000000195557c18
0x00007ffeedda5b38:   0000000195557c18 00007fd2e442a530
0x00007ffeedda5b48:   00000001906886a0 0000000190688710
0x00007ffeedda5b58:   00007fff8a870e98 00007fff8c15c148
0x00007ffeedda5b68:   0000000190688450 0000000190688690
0x00007ffeedda5b78:   00007fd2e442a530 00007fd2e4482980
0x00007ffeedda5b88:   00007fd2dec511f0 00007fd2e442a530
0x00007ffeedda5b98:   00007fd2e4482980 00007ffeedda5c40
0x00007ffeedda5ba8:   00007fd2df91b1f8 0000000195557c18
0x00007ffeedda5bb8:   00007ffeedda5c68 00007ffeedda5c30
0x00007ffeedda5bc8:   000000010703e667 00007ffeedda5c30
0x00007ffeedda5bd8:   000000010703e3b9 00007ffeedda5c20
0x00007ffeedda5be8:   000000010703e382 00007ffeedda5bf0
0x00007ffeedda5bf8:   0000000195557c18 00007ffeedda5c68
0x00007ffeedda5c08:   000000019555a850 0000000000000000
0x00007ffeedda5c18:   0000000195557c18 0000000000000000
0x00007ffeedda5c28:   00007ffeedda5c50 00007ffeedda5cb0
0x00007ffeedda5c38:   000000010702e2bd 00000006c048be80
0x00007ffeedda5c48:   0000000107037d18 00007fd2e442a530
0x00007ffeedda5c58:   00000001070397b9 00007fd2e4482980
0x00007ffeedda5c68:   0000000107039782 00007ffeedda5c70
0x00007ffeedda5c78:   0000000195557de2 00007ffeedda5cd8
0x00007ffeedda5c88:   000000019555a850 0000000000000000
0x00007ffeedda5c98:   0000000195557df0 00007ffeedda5c50
0x00007ffeedda5ca8:   00007ffeedda5cc0 00007ffeedda5d20
0x00007ffeedda5cb8:   000000010702e2bd 00007fd2e442a530
0x00007ffeedda5cc8:   00000006c0913218 00007fd2e4482980
0x00007ffeedda5cd8:   00000006c0913218 00007ffeedda5ce0
0x00007ffeedda5ce8:   00000001984a48ae 00007ffeedda5d30
0x00007ffeedda5cf8:   00000001984a4968 0000000000000000 

Instructions: (pc=0x00007fff6be6b81d)
0x00007fff6be6b7fd:   44 00 00 48 85 ff 2e 74 72 40 f6 c7 01 2e 75 76
0x00007fff6be6b80d:   49 ba f8 ff ff ff ff 7f 00 00 4c 23 17 49 89 f3
0x00007fff6be6b81d:   45 23 5a 18 49 c1 e3 04 4d 03 5a 10 49 3b 33 75
0x00007fff6be6b82d:   0a 4d 8b 5b 08 4d 31 d3 41 ff e3 49 83 3b 01 76 

Register to memory mapping:

RAX=0x00007fd2e442a530 is an unknown value
RBX=0x0000000190688450: Java_jogamp_nativewindow_macosx_OSXUtil_GetScreenRefreshRate0+0x1cf0 in /private/var/folders/j1/0vsbplgs3730b8p3dwn2dx7h0000gn/T/jogamp_0000/file_cache/jln325132468071175215/jln2842789012303155071/libnativewindow_macosx.jnilib at 0x0000000190681000
RCX=0x6afe915b5d450001 is an unknown value
RDX=0x0000000000000001 is an unknown value
RSP=0x00007ffeedda5b08 is pointing into the stack for thread: 0x00007fd2df91b000
RBP=0x00007ffeedda5bc0 is pointing into the stack for thread: 0x00007fd2df91b000
RSI=0x00007fff772b928e: GCC_except_table740+0xb4243be in /usr/lib/libobjc.A.dylib at 0x00007fff6be65000
RDI=0x00007fd2e4482980 is an unknown value
R8 =0x0000000000000000 is an unknown value
R9 =0x0000000000000031 is an unknown value
R10=0x000007fd2e44ad70 is an unknown value
R11=0x00007fff772b928e: GCC_except_table740+0xb4243be in /usr/lib/libobjc.A.dylib at 0x00007fff6be65000
R12=0x0000000000000000 is an unknown value
R13={method} {0x0000000195557c18} 'UnsetJAWTRootSurfaceLayer0' '(JJ)V' in 'jogamp/nativewindow/jawt/macosx/MacOSXJAWTWindow'
R14=0x0000000190688440: Java_jogamp_nativewindow_macosx_OSXUtil_GetScreenRefreshRate0+0x1ce0 in /private/var/folders/j1/0vsbplgs3730b8p3dwn2dx7h0000gn/T/jogamp_0000/file_cache/jln325132468071175215/jln2842789012303155071/libnativewindow_macosx.jnilib at 0x0000000190681000
R15=0x00007fd2df91b000 is a thread


Stack: [0x00007ffeed5ab000,0x00007ffeeddab000],  sp=0x00007ffeedda5b08,  free space=8170k
Native frames: (J=compiled Java code, j=interpreted, Vv=VM code, C=native code)
C  [libobjc.A.dylib+0x681d]  objc_msgSend+0x1d
j  jogamp.nativewindow.jawt.macosx.MacOSXJAWTWindow.UnsetJAWTRootSurfaceLayer0(JJ)V+0
j  jogamp.nativewindow.jawt.macosx.MacOSXJAWTWindow.access$200(JJ)V+2
j  jogamp.nativewindow.jawt.macosx.MacOSXJAWTWindow$1.run()V+38
j  com.jogamp.common.util.RunnableTask.run()V+24
v  ~StubRoutines::call_stub
V  [libjvm.dylib+0x2ef9aa]
V  [libjvm.dylib+0x326bd8]
V  [libjvm.dylib+0x3193bb]
C  [libnativewindow_macosx.jnilib+0x5326]  Java_jogamp_nativewindow_jawt_macosx_MacOSXJAWTWindow_UnsetJAWTRootSurfaceLayer0+0x2b6
C  [Foundation+0x9b0dd]  __NSThreadPerformPerform+0xcc
C  [CoreFoundation+0x83de2]  __CFRUNLOOP_IS_CALLING_OUT_TO_A_SOURCE0_PERFORM_FUNCTION__+0x11
C  [CoreFoundation+0x83d81]  __CFRunLoopDoSource0+0x67
C  [CoreFoundation+0x83bf7]  __CFRunLoopDoSources0+0x12d
C  [CoreFoundation+0x828ca]  __CFRunLoopRun+0x39f
C  [CoreFoundation+0x81ece]  CFRunLoopRunSpecific+0x1ce
C  [HIToolbox+0x2fabd]  RunCurrentEventLoopInMode+0x124
C  [HIToolbox+0x2f6f4]  ReceiveNextEventCommon+0x167
C  [HIToolbox+0x2f579]  _BlockUntilNextEventMatchingListInModeWithFilter+0x40
C  [AppKit+0x41829]  _DPSNextEvent+0x373
C  [AppKit+0x40070]  -[NSApplication(NSEvent) _nextEventMatchingEventMask:untilDate:inMode:dequeue:]+0x548
C  [libosxapp.dylib+0x23aa]  -[NSApplicationAWT nextEventMatchingMask:untilDate:inMode:dequeue:]+0x7c
C  [AppKit+0x31d7e]  -[NSApplication run]+0x292
C  [libosxapp.dylib+0x214d]  +[NSApplicationAWT runAWTLoopWithApp:]+0x9c
C  [libawt_lwawt.dylib+0x47397]  -[AWTStarter starter:]+0x389
C  [Foundation+0x9b0dd]  __NSThreadPerformPerform+0xcc
C  [CoreFoundation+0x83de2]  __CFRUNLOOP_IS_CALLING_OUT_TO_A_SOURCE0_PERFORM_FUNCTION__+0x11
C  [CoreFoundation+0x83d81]  __CFRunLoopDoSource0+0x67
C  [CoreFoundation+0x83b9b]  __CFRunLoopDoSources0+0xd1
C  [CoreFoundation+0x828ca]  __CFRunLoopRun+0x39f
C  [CoreFoundation+0x81ece]  CFRunLoopRunSpecific+0x1ce
C  [java+0x647a]  CreateExecutionEnvironment+0x367
C  [java+0x212c]  JLI_Launch+0x7a0
C  [java+0x84d7]  main+0x65
C  [java+0x1984]  start+0x34
C  0x0000000000000007

Java frames: (J=compiled Java code, j=interpreted, Vv=VM code)
j  jogamp.nativewindow.jawt.macosx.MacOSXJAWTWindow.UnsetJAWTRootSurfaceLayer0(JJ)V+0
j  jogamp.nativewindow.jawt.macosx.MacOSXJAWTWindow.access$200(JJ)V+2
j  jogamp.nativewindow.jawt.macosx.MacOSXJAWTWindow$1.run()V+38
j  com.jogamp.common.util.RunnableTask.run()V+24
v  ~StubRoutines::call_stub

---------------  P R O C E S S  ---------------

Java Threads: ( => current thread )
  0x00007fd2e732f800 JavaThread "Thread-7" [_thread_blocked, id=76311, stack(0x000070000f2f3000,0x000070000f3f3000)]
  0x00007fd2df27e800 JavaThread "AWT-EventQueue-1" [_thread_blocked, id=57399, stack(0x000070000f3f6000,0x000070000f4f6000)]
  0x00007fd2df809000 JavaThread "DestroyJavaVM" [_thread_blocked, id=3331, stack(0x000070000dca8000,0x000070000dda8000)]
  0x00007fd2e01dc800 JavaThread "AWT-EventQueue-0" [_thread_blocked, id=79427, stack(0x000070000f1f0000,0x000070000f2f0000)]
  0x00007fd2df1ff000 JavaThread "Java2D Disposer" daemon [_thread_blocked, id=49711, stack(0x000070000ef67000,0x000070000f067000)]
  0x00007fd2e0935800 JavaThread "Java2D Queue Flusher" daemon [_thread_blocked, id=81927, stack(0x000070000ee64000,0x000070000ef64000)]
  0x00007fd2df163800 JavaThread "AWT-Shutdown" [_thread_blocked, id=26907, stack(0x000070000ebd8000,0x000070000ecd8000)]
=>0x00007fd2df91b000 JavaThread "AWT-AppKit" daemon [_thread_in_native, id=775, stack(0x00007ffeed5ab000,0x00007ffeeddab000)]
  0x00007fd2df06b000 JavaThread "Service Thread" daemon [_thread_blocked, id=15363, stack(0x000070000e9d2000,0x000070000ead2000)]
  0x00007fd2e0034000 JavaThread "C1 CompilerThread2" daemon [_thread_blocked, id=18947, stack(0x000070000e8cf000,0x000070000e9cf000)]
  0x00007fd2df80a800 JavaThread "C2 CompilerThread1" daemon [_thread_in_native, id=14851, stack(0x000070000e7cc000,0x000070000e8cc000)]
  0x00007fd2e081b000 JavaThread "C2 CompilerThread0" daemon [_thread_blocked, id=14339, stack(0x000070000e6c9000,0x000070000e7c9000)]
  0x00007fd2e0808800 JavaThread "Signal Dispatcher" daemon [_thread_blocked, id=13827, stack(0x000070000e5c6000,0x000070000e6c6000)]
  0x00007fd2df02b800 JavaThread "Finalizer" daemon [_thread_blocked, id=21251, stack(0x000070000e3bd000,0x000070000e4bd000)]
  0x00007fd2df028800 JavaThread "Reference Handler" daemon [_thread_blocked, id=11523, stack(0x000070000e2ba000,0x000070000e3ba000)]

Other Threads:
  0x00007fd2e0021800 VMThread [stack: 0x000070000e1b7000,0x000070000e2b7000] [id=21507]
  0x00007fd2df06e000 WatcherThread [stack: 0x000070000ead5000,0x000070000ebd5000] [id=18691]

VM state:not at safepoint (normal execution)

VM Mutex/Monitor currently owned by a thread: None

Heap:
 PSYoungGen      total 76288K, used 6983K [0x000000076ab00000, 0x0000000770000000, 0x00000007c0000000)
  eden space 65536K, 10% used [0x000000076ab00000,0x000000076b1d1e38,0x000000076eb00000)
  from space 10752K, 0% used [0x000000076f580000,0x000000076f580000,0x0000000770000000)
  to   space 10752K, 0% used [0x000000076eb00000,0x000000076eb00000,0x000000076f580000)
 ParOldGen       total 84480K, used 14182K [0x00000006c0000000, 0x00000006c5280000, 0x000000076ab00000)
  object space 84480K, 16% used [0x00000006c0000000,0x00000006c0dd9bb8,0x00000006c5280000)
 Metaspace       used 20652K, capacity 20953K, committed 21504K, reserved 1069056K
  class space    used 2100K, capacity 2189K, committed 2304K, reserved 1048576K

Card table byte_map: [0x0000000103b6e000,0x000000010436f000] byte_map_base: 0x000000010056e000

Marking Bits: (ParMarkBitMap*) 0x00000001030f76c0
 Begin Bits: [0x0000000116026000, 0x000000011a026000)
 End Bits:   [0x000000011a026000, 0x000000011e026000)

Polling page: 0x0000000101ec4000

CodeCache: size=245760Kb used=6486Kb max_used=6492Kb free=239273Kb
 bounds [0x0000000107026000, 0x0000000107686000, 0x0000000116026000]
 total_blobs=2675 nmethods=1767 adapters=821
 compilation: enabled

Compilation events (10 events):
Event: 33.651 Thread 0x00007fd2e0034000 1782       1       sun.java2d.SurfaceData::isValid (5 bytes)
Event: 33.652 Thread 0x00007fd2e0034000 nmethod 1782 0x0000000107676690 code [0x00000001076767e0, 0x00000001076768f0]
Event: 33.652 Thread 0x00007fd2e0034000 1783       3       sun.java2d.pipe.RenderBuffer::putFloat (26 bytes)
Event: 33.652 Thread 0x00007fd2e0034000 nmethod 1783 0x00000001076762d0 code [0x0000000107676440, 0x00000001076765d0]
Event: 33.657 Thread 0x00007fd2e0034000 1785       3       java.awt.Component::isValid (20 bytes)
Event: 33.658 Thread 0x00007fd2e0034000 nmethod 1785 0x0000000107675f10 code [0x0000000107676080, 0x0000000107676270]
Event: 33.699 Thread 0x00007fd2e0034000 1786       3       java.lang.invoke.LambdaForm::uncustomize (58 bytes)
Event: 33.699 Thread 0x00007fd2e0034000 nmethod 1786 0x0000000107675a50 code [0x0000000107675bc0, 0x0000000107675e70]
Event: 33.699 Thread 0x00007fd2e0034000 1787       3       java.lang.StringBuilder::append (8 bytes)
Event: 33.700 Thread 0x00007fd2e0034000 nmethod 1787 0x00000001076756d0 code [0x0000000107675840, 0x00000001076759c8]

GC Heap History (6 events):
Event: 4.236 GC heap before
{Heap before GC invocations=1 (full 0):
 PSYoungGen      total 76288K, used 65536K [0x000000076ab00000, 0x0000000770000000, 0x00000007c0000000)
  eden space 65536K, 100% used [0x000000076ab00000,0x000000076eb00000,0x000000076eb00000)
  from space 10752K, 0% used [0x000000076f580000,0x000000076f580000,0x0000000770000000)
  to   space 10752K, 0% used [0x000000076eb00000,0x000000076eb00000,0x000000076f580000)
 ParOldGen       total 175104K, used 0K [0x00000006c0000000, 0x00000006cab00000, 0x000000076ab00000)
  object space 175104K, 0% used [0x00000006c0000000,0x00000006c0000000,0x00000006cab00000)
 Metaspace       used 19528K, capacity 19841K, committed 20096K, reserved 1067008K
  class space    used 2010K, capacity 2117K, committed 2176K, reserved 1048576K
Event: 4.244 GC heap after
Heap after GC invocations=1 (full 0):
 PSYoungGen      total 76288K, used 8918K [0x000000076ab00000, 0x0000000770000000, 0x00000007c0000000)
  eden space 65536K, 0% used [0x000000076ab00000,0x000000076ab00000,0x000000076eb00000)
  from space 10752K, 82% used [0x000000076eb00000,0x000000076f3b5a88,0x000000076f580000)
  to   space 10752K, 0% used [0x000000076f580000,0x000000076f580000,0x0000000770000000)
 ParOldGen       total 175104K, used 80K [0x00000006c0000000, 0x00000006cab00000, 0x000000076ab00000)
  object space 175104K, 0% used [0x00000006c0000000,0x00000006c0014010,0x00000006cab00000)
 Metaspace       used 19528K, capacity 19841K, committed 20096K, reserved 1067008K
  class space    used 2010K, capacity 2117K, committed 2176K, reserved 1048576K
}
Event: 15.497 GC heap before
{Heap before GC invocations=2 (full 0):
 PSYoungGen      total 76288K, used 30849K [0x000000076ab00000, 0x0000000770000000, 0x00000007c0000000)
  eden space 65536K, 33% used [0x000000076ab00000,0x000000076c06ab28,0x000000076eb00000)
  from space 10752K, 82% used [0x000000076eb00000,0x000000076f3b5a88,0x000000076f580000)
  to   space 10752K, 0% used [0x000000076f580000,0x000000076f580000,0x0000000770000000)
 ParOldGen       total 175104K, used 80K [0x00000006c0000000, 0x00000006cab00000, 0x000000076ab00000)
  object space 175104K, 0% used [0x00000006c0000000,0x00000006c0014010,0x00000006cab00000)
 Metaspace       used 20554K, capacity 20885K, committed 21248K, reserved 1069056K
  class space    used 2088K, capacity 2187K, committed 2304K, reserved 1048576K
Event: 15.506 GC heap after
Heap after GC invocations=2 (full 0):
 PSYoungGen      total 76288K, used 10750K [0x000000076ab00000, 0x0000000770000000, 0x00000007c0000000)
  eden space 65536K, 0% used [0x000000076ab00000,0x000000076ab00000,0x000000076eb00000)
  from space 10752K, 99% used [0x000000076f580000,0x000000076ffffbc0,0x0000000770000000)
  to   space 10752K, 0% used [0x000000076eb00000,0x000000076eb00000,0x000000076f580000)
 ParOldGen       total 175104K, used 3508K [0x00000006c0000000, 0x00000006cab00000, 0x000000076ab00000)
  object space 175104K, 2% used [0x00000006c0000000,0x00000006c036d3e0,0x00000006cab00000)
 Metaspace       used 20554K, capacity 20885K, committed 21248K, reserved 1069056K
  class space    used 2088K, capacity 2187K, committed 2304K, reserved 1048576K
}
Event: 15.506 GC heap before
{Heap before GC invocations=3 (full 1):
 PSYoungGen      total 76288K, used 10750K [0x000000076ab00000, 0x0000000770000000, 0x00000007c0000000)
  eden space 65536K, 0% used [0x000000076ab00000,0x000000076ab00000,0x000000076eb00000)
  from space 10752K, 99% used [0x000000076f580000,0x000000076ffffbc0,0x0000000770000000)
  to   space 10752K, 0% used [0x000000076eb00000,0x000000076eb00000,0x000000076f580000)
 ParOldGen       total 175104K, used 3508K [0x00000006c0000000, 0x00000006cab00000, 0x000000076ab00000)
  object space 175104K, 2% used [0x00000006c0000000,0x00000006c036d3e0,0x00000006cab00000)
 Metaspace       used 20554K, capacity 20885K, committed 21248K, reserved 1069056K
  class space    used 2088K, capacity 2187K, committed 2304K, reserved 1048576K
Event: 15.537 GC heap after
Heap after GC invocations=3 (full 1):
 PSYoungGen      total 76288K, used 0K [0x000000076ab00000, 0x0000000770000000, 0x00000007c0000000)
  eden space 65536K, 0% used [0x000000076ab00000,0x000000076ab00000,0x000000076eb00000)
  from space 10752K, 0% used [0x000000076f580000,0x000000076f580000,0x0000000770000000)
  to   space 10752K, 0% used [0x000000076eb00000,0x000000076eb00000,0x000000076f580000)
 ParOldGen       total 84480K, used 14182K [0x00000006c0000000, 0x00000006c5280000, 0x000000076ab00000)
  object space 84480K, 16% used [0x00000006c0000000,0x00000006c0dd9bb8,0x00000006c5280000)
 Metaspace       used 20554K, capacity 20885K, committed 21248K, reserved 1069056K
  class space    used 2088K, capacity 2187K, committed 2304K, reserved 1048576K
}

Deoptimization events (10 events):
Event: 1.844 Thread 0x00007fd2df3a9800 Uncommon trap: reason=unstable_if action=reinterpret pc=0x00000001072204c0 method=java.lang.String.indexOf([CII[CIII)I @ 3
Event: 3.902 Thread 0x00007fd2df3a9800 Uncommon trap: reason=unstable_if action=reinterpret pc=0x000000010744c658 method=sun.net.www.ParseUtil.encodePath(Ljava/lang/String;Z)Ljava/lang/String; @ 109
Event: 4.000 Thread 0x00007fd2df27e800 Uncommon trap: reason=unstable_if action=reinterpret pc=0x000000010722a090 method=java.lang.AbstractStringBuilder.append(Ljava/lang/String;)Ljava/lang/AbstractStringBuilder; @ 1
Event: 4.177 Thread 0x00007fd2df27e800 Uncommon trap: reason=unstable_if action=reinterpret pc=0x00000001074a7c10 method=sun.misc.FloatingDecimal.readJavaFormatString(Ljava/lang/String;)Lsun/misc/FloatingDecimal$ASCIIToBinaryConverter; @ 445
Event: 4.380 Thread 0x00007fd2df27e800 Uncommon trap: reason=unstable_if action=reinterpret pc=0x0000000107468164 method=java.util.HashMap$HashIterator.<init>(Ljava/util/HashMap;)V @ 38
Event: 4.416 Thread 0x00007fd2df27e800 Uncommon trap: reason=unstable_if action=reinterpret pc=0x000000010722a9c8 method=java.lang.AbstractStringBuilder.append(Ljava/lang/String;)Ljava/lang/AbstractStringBuilder; @ 1
Event: 4.448 Thread 0x00007fd2df27e800 Uncommon trap: reason=unstable_if action=reinterpret pc=0x00000001074a54d0 method=java.lang.String.trim()Ljava/lang/String; @ 23
Event: 4.550 Thread 0x00007fd2e7158000 Uncommon trap: reason=unstable_if action=reinterpret pc=0x000000010749388c method=java.lang.String.regionMatches(ZILjava/lang/String;II)Z @ 123
Event: 33.651 Thread 0x00007fd2df27e800 Uncommon trap: reason=unstable_if action=reinterpret pc=0x0000000107679e88 method=java.awt.EventQueue.getPriority(Ljava/awt/AWTEvent;)I @ 22
Event: 33.696 Thread 0x00007fd2df27e800 Uncommon trap: reason=unstable_if action=reinterpret pc=0x0000000107616748 method=java.security.AccessControlContext.optimize()Ljava/security/AccessControlContext; @ 233

Classes redefined (0 events):
No events

Internal exceptions (10 events):
Event: 4.000 Thread 0x00007fd2df27e800 Implicit null exception at 0x0000000107229cb6 to 0x000000010722a079
Event: 4.246 Thread 0x00007fd2df02b800 Exception <a 'java/lang/NullPointerException'> (0x000000076aeaefa0) thrown at [/Users/java_re/workspace/8-2-build-macosx-x86_64/jdk8u161/10277/hotspot/src/share/vm/interpreter/linkResolver.cpp, line 1185]
Event: 4.380 Thread 0x00007fd2df27e800 Implicit null exception at 0x0000000107467f06 to 0x000000010746814d
Event: 4.414 Thread 0x00007fd2df27e800 StackOverflowError at 0x0000000107538ae0
Event: 4.414 Thread 0x00007fd2df27e800 Exception <a 'java/lang/StackOverflowError'> (0x000000076b7c5710) thrown at [/Users/java_re/workspace/8-2-build-macosx-x86_64/jdk8u161/10277/hotspot/src/share/vm/runtime/sharedRuntime.cpp, line 605]
Event: 4.416 Thread 0x00007fd2df27e800 Implicit null exception at 0x000000010722a5f5 to 0x000000010722a9b5
Event: 4.488 Thread 0x00007fd2df27e800 StackOverflowError at 0x0000000107538ae0
Event: 4.488 Thread 0x00007fd2df27e800 Exception <a 'java/lang/StackOverflowError'> (0x000000076bb13658) thrown at [/Users/java_re/workspace/8-2-build-macosx-x86_64/jdk8u161/10277/hotspot/src/share/vm/runtime/sharedRuntime.cpp, line 605]
Event: 4.488 Thread 0x00007fd2df27e800 Exception <a 'javax/media/opengl/GLException'> (0x000000076bb17378) thrown at [/Users/java_re/workspace/8-2-build-macosx-x86_64/jdk8u161/10277/hotspot/src/share/vm/prims/jvm.cpp, line 1394]
Event: 4.488 Thread 0x00007fd2df27e800 Exception <a 'javax/media/opengl/GLException'> (0x000000076bb17378) thrown at [/Users/java_re/workspace/8-2-build-macosx-x86_64/jdk8u161/10277/hotspot/src/share/vm/prims/jvm.cpp, line 1394]

Events (10 events):
Event: 33.696 loading class java/awt/LightweightDispatcher$2 done
Event: 33.696 loading class java/awt/event/AWTEventListenerProxy
Event: 33.696 loading class java/awt/event/AWTEventListenerProxy done
Event: 33.696 Executing VM operation: Deoptimize
Event: 33.697 Executing VM operation: Deoptimize done
Event: 33.697 loading class java/awt/Toolkit$ToolkitEventMulticaster
Event: 33.697 loading class java/awt/Toolkit$ToolkitEventMulticaster done
Event: 33.698 Thread 0x00007fd2e01b0800 Thread exited: 0x00007fd2e01b0800
Event: 33.699 loading class java/awt/Window$1DisposeAction
Event: 33.699 loading class java/awt/Window$1DisposeAction done


Dynamic libraries:
0x0000000005ed6000 	/System/Library/Frameworks/Cocoa.framework/Versions/A/Cocoa
0x0000000005ed6000 	/System/Library/Frameworks/Security.framework/Versions/A/Security
0x0000000005ed6000 	/System/Library/Frameworks/ApplicationServices.framework/Versions/A/ApplicationServices
0x0000000005ed6000 	/usr/lib/libz.1.dylib
0x0000000005ed6000 	/usr/lib/libSystem.B.dylib
0x0000000005ed6000 	/usr/lib/libobjc.A.dylib
0x0000000005ed6000 	/System/Library/Frameworks/CoreFoundation.framework/Versions/A/CoreFoundation
0x0000000005ed6000 	/System/Library/Frameworks/Foundation.framework/Versions/C/Foundation
0x0000000005ed6000 	/System/Library/Frameworks/AppKit.framework/Versions/C/AppKit
0x0000000005ed6000 	/System/Library/Frameworks/CoreData.framework/Versions/A/CoreData
0x0000000005ed6000 	/System/Library/PrivateFrameworks/UIFoundation.framework/Versions/A/UIFoundation
0x0000000005ed6000 	/System/Library/PrivateFrameworks/RemoteViewServices.framework/Versions/A/RemoteViewServices
0x0000000005ed6000 	/System/Library/PrivateFrameworks/XCTTargetBootstrap.framework/Versions/A/XCTTargetBootstrap
0x0000000005ed6000 	/System/Library/Frameworks/CoreDisplay.framework/Versions/A/CoreDisplay
0x0000000005ed6000 	/System/Library/Frameworks/Metal.framework/Versions/A/Metal
0x0000000005ed6000 	/System/Library/PrivateFrameworks/DesktopServicesPriv.framework/Versions/A/DesktopServicesPriv
0x0000000005ed6000 	/usr/lib/liblangid.dylib
0x0000000005ed6000 	/System/Library/PrivateFrameworks/CoreSVG.framework/Versions/A/CoreSVG
0x0000000005ed6000 	/System/Library/PrivateFrameworks/SkyLight.framework/Versions/A/SkyLight
0x0000000005ed6000 	/System/Library/Frameworks/CoreGraphics.framework/Versions/A/CoreGraphics
0x0000000005ed6000 	/System/Library/Frameworks/Accelerate.framework/Versions/A/Accelerate
0x0000000005ed6000 	/usr/lib/libxml2.2.dylib
0x0000000005ed6000 	/System/Library/PrivateFrameworks/IconServices.framework/Versions/A/IconServices
0x0000000005ed6000 	/System/Library/Frameworks/IOSurface.framework/Versions/A/IOSurface
0x0000000005ed6000 	/usr/lib/libDiagnosticMessagesClient.dylib
0x0000000005ed6000 	/System/Library/PrivateFrameworks/DFRFoundation.framework/Versions/A/DFRFoundation
0x0000000005ed6000 	/usr/lib/libicucore.A.dylib
0x0000000005ed6000 	/System/Library/Frameworks/AudioToolbox.framework/Versions/A/AudioToolbox
0x0000000005ed6000 	/System/Library/Frameworks/AudioUnit.framework/Versions/A/AudioUnit
0x0000000005ed6000 	/usr/lib/libauto.dylib
0x0000000005ed6000 	/System/Library/PrivateFrameworks/DataDetectorsCore.framework/Versions/A/DataDetectorsCore
0x0000000005ed6000 	/System/Library/Frameworks/Carbon.framework/Versions/A/Frameworks/HIToolbox.framework/Versions/A/HIToolbox
0x0000000005ed6000 	/System/Library/Frameworks/QuartzCore.framework/Versions/A/QuartzCore
0x0000000005ed6000 	/System/Library/Frameworks/Carbon.framework/Versions/A/Frameworks/SpeechRecognition.framework/Versions/A/SpeechRecognition
0x0000000005ed6000 	/System/Library/PrivateFrameworks/CoreUI.framework/Versions/A/CoreUI
0x0000000005ed6000 	/System/Library/Frameworks/CoreAudio.framework/Versions/A/CoreAudio
0x0000000005ed6000 	/System/Library/Frameworks/DiskArbitration.framework/Versions/A/DiskArbitration
0x0000000005ed6000 	/System/Library/PrivateFrameworks/MultitouchSupport.framework/Versions/A/MultitouchSupport
0x0000000005ed6000 	/usr/lib/libenergytrace.dylib
0x0000000005ed6000 	/System/Library/Frameworks/IOKit.framework/Versions/A/IOKit
0x0000000005ed6000 	/System/Library/Frameworks/CoreServices.framework/Versions/A/CoreServices
0x0000000005ed6000 	/System/Library/PrivateFrameworks/PerformanceAnalysis.framework/Versions/A/PerformanceAnalysis
0x0000000005ed6000 	/System/Library/Frameworks/OpenGL.framework/Versions/A/OpenGL
0x0000000005ed6000 	/System/Library/Frameworks/ColorSync.framework/Versions/A/ColorSync
0x0000000005ed6000 	/System/Library/Frameworks/CoreImage.framework/Versions/A/CoreImage
0x0000000005ed6000 	/System/Library/Frameworks/CoreText.framework/Versions/A/CoreText
0x0000000005ed6000 	/System/Library/Frameworks/ImageIO.framework/Versions/A/ImageIO
0x0000000005ed6000 	/usr/lib/libc++.1.dylib
0x0000000005ed6000 	/usr/lib/libcompression.dylib
0x0000000005ed6000 	/usr/lib/libMobileGestalt.dylib
0x0000000005ed6000 	/System/Library/PrivateFrameworks/TextureIO.framework/Versions/A/TextureIO
0x0000000005ed6000 	/usr/lib/libate.dylib
0x0000000005ed6000 	/System/Library/PrivateFrameworks/InternationalSupport.framework/Versions/A/InternationalSupport
0x0000000005ed6000 	/usr/lib/system/libcache.dylib
0x0000000005ed6000 	/usr/lib/system/libcommonCrypto.dylib
0x0000000005ed6000 	/usr/lib/system/libcompiler_rt.dylib
0x0000000005ed6000 	/usr/lib/system/libcopyfile.dylib
0x0000000005ed6000 	/usr/lib/system/libcorecrypto.dylib
0x0000000005ed6000 	/usr/lib/system/libdispatch.dylib
0x0000000005ed6000 	/usr/lib/system/libdyld.dylib
0x0000000005ed6000 	/usr/lib/system/libkeymgr.dylib
0x0000000005ed6000 	/usr/lib/system/liblaunch.dylib
0x0000000005ed6000 	/usr/lib/system/libmacho.dylib
0x0000000005ed6000 	/usr/lib/system/libquarantine.dylib
0x0000000005ed6000 	/usr/lib/system/libremovefile.dylib
0x0000000005ed6000 	/usr/lib/system/libsystem_asl.dylib
0x0000000005ed6000 	/usr/lib/system/libsystem_blocks.dylib
0x0000000005ed6000 	/usr/lib/system/libsystem_c.dylib
0x0000000005ed6000 	/usr/lib/system/libsystem_configuration.dylib
0x0000000005ed6000 	/usr/lib/system/libsystem_coreservices.dylib
0x0000000005ed6000 	/usr/lib/system/libsystem_darwin.dylib
0x0000000005ed6000 	/usr/lib/system/libsystem_dnssd.dylib
0x0000000005ed6000 	/usr/lib/system/libsystem_featureflags.dylib
0x0000000005ed6000 	/usr/lib/system/libsystem_info.dylib
0x0000000005ed6000 	/usr/lib/system/libsystem_m.dylib
0x0000000005ed6000 	/usr/lib/system/libsystem_malloc.dylib
0x0000000005ed6000 	/usr/lib/system/libsystem_networkextension.dylib
0x0000000005ed6000 	/usr/lib/system/libsystem_notify.dylib
0x0000000005ed6000 	/usr/lib/system/libsystem_sandbox.dylib
0x0000000005ed6000 	/usr/lib/system/libsystem_secinit.dylib
0x0000000005ed6000 	/usr/lib/system/libsystem_kernel.dylib
0x0000000005ed6000 	/usr/lib/system/libsystem_platform.dylib
0x0000000005ed6000 	/usr/lib/system/libsystem_pthread.dylib
0x0000000005ed6000 	/usr/lib/system/libsystem_symptoms.dylib
0x0000000005ed6000 	/usr/lib/system/libsystem_trace.dylib
0x0000000005ed6000 	/usr/lib/system/libunwind.dylib
0x0000000005ed6000 	/usr/lib/system/libxpc.dylib
0x0000000005ed6000 	/usr/lib/libc++abi.dylib
0x0000000005ed6000 	/usr/lib/liblzma.5.dylib
0x0000000005ed6000 	/usr/lib/libfakelink.dylib
0x0000000005ed6000 	/usr/lib/libarchive.2.dylib
0x0000000005ed6000 	/System/Library/Frameworks/SystemConfiguration.framework/Versions/A/SystemConfiguration
0x0000000005ed6000 	/usr/lib/libCRFSuite.dylib
0x0000000005ed6000 	/System/Library/Frameworks/CFNetwork.framework/Versions/A/CFNetwork
0x0000000005ed6000 	/usr/lib/libbsm.0.dylib
0x0000000005ed6000 	/usr/lib/system/libkxld.dylib
0x0000000005ed6000 	/System/Library/PrivateFrameworks/AppleFSCompression.framework/Versions/A/AppleFSCompression
0x0000000005ed6000 	/usr/lib/libcoretls.dylib
0x0000000005ed6000 	/usr/lib/libcoretls_cfhelpers.dylib
0x0000000005ed6000 	/usr/lib/libpam.2.dylib
0x0000000005ed6000 	/usr/lib/libsqlite3.dylib
0x0000000005ed6000 	/usr/lib/libxar.1.dylib
0x0000000005ed6000 	/usr/lib/libbz2.1.0.dylib
0x0000000005ed6000 	/usr/lib/libiconv.2.dylib
0x0000000005ed6000 	/usr/lib/libcharset.1.dylib
0x0000000005ed6000 	/usr/lib/libnetwork.dylib
0x0000000005ed6000 	/usr/lib/libpcap.A.dylib
0x0000000005ed6000 	/usr/lib/libapple_nghttp2.dylib
0x0000000005ed6000 	/System/Library/Frameworks/CoreServices.framework/Versions/A/Frameworks/FSEvents.framework/Versions/A/FSEvents
0x0000000005ed6000 	/System/Library/Frameworks/CoreServices.framework/Versions/A/Frameworks/CarbonCore.framework/Versions/A/CarbonCore
0x0000000005ed6000 	/System/Library/Frameworks/CoreServices.framework/Versions/A/Frameworks/Metadata.framework/Versions/A/Metadata
0x0000000005ed6000 	/System/Library/Frameworks/CoreServices.framework/Versions/A/Frameworks/OSServices.framework/Versions/A/OSServices
0x0000000005ed6000 	/System/Library/Frameworks/CoreServices.framework/Versions/A/Frameworks/SearchKit.framework/Versions/A/SearchKit
0x0000000005ed6000 	/System/Library/Frameworks/CoreServices.framework/Versions/A/Frameworks/AE.framework/Versions/A/AE
0x0000000005ed6000 	/System/Library/Frameworks/CoreServices.framework/Versions/A/Frameworks/LaunchServices.framework/Versions/A/LaunchServices
0x0000000005ed6000 	/System/Library/Frameworks/CoreServices.framework/Versions/A/Frameworks/DictionaryServices.framework/Versions/A/DictionaryServices
0x0000000005ed6000 	/System/Library/Frameworks/CoreServices.framework/Versions/A/Frameworks/SharedFileList.framework/Versions/A/SharedFileList
0x0000000005ed6000 	/System/Library/Frameworks/NetFS.framework/Versions/A/NetFS
0x0000000005ed6000 	/System/Library/PrivateFrameworks/NetAuth.framework/Versions/A/NetAuth
0x0000000005ed6000 	/System/Library/PrivateFrameworks/login.framework/Versions/A/Frameworks/loginsupport.framework/Versions/A/loginsupport
0x0000000005ed6000 	/System/Library/PrivateFrameworks/TCC.framework/Versions/A/TCC
0x0000000005ed6000 	/System/Library/PrivateFrameworks/CoreNLP.framework/Versions/A/CoreNLP
0x0000000005ed6000 	/System/Library/PrivateFrameworks/MetadataUtilities.framework/Versions/A/MetadataUtilities
0x0000000005ed6000 	/usr/lib/libmecabra.dylib
0x0000000005ed6000 	/usr/lib/libmecab.dylib
0x0000000005ed6000 	/usr/lib/libgermantok.dylib
0x0000000005ed6000 	/usr/lib/libThaiTokenizer.dylib
0x0000000005ed6000 	/usr/lib/libChineseTokenizer.dylib
0x0000000005ed6000 	/System/Library/Frameworks/Accelerate.framework/Versions/A/Frameworks/vImage.framework/Versions/A/vImage
0x0000000005ed6000 	/System/Library/Frameworks/Accelerate.framework/Versions/A/Frameworks/vecLib.framework/Versions/A/vecLib
0x0000000005ed6000 	/System/Library/Frameworks/Accelerate.framework/Versions/A/Frameworks/vecLib.framework/Versions/A/libvMisc.dylib
0x0000000005ed6000 	/System/Library/Frameworks/Accelerate.framework/Versions/A/Frameworks/vecLib.framework/Versions/A/libvDSP.dylib
0x0000000005ed6000 	/System/Library/Frameworks/Accelerate.framework/Versions/A/Frameworks/vecLib.framework/Versions/A/libBLAS.dylib
0x0000000005ed6000 	/System/Library/Frameworks/Accelerate.framework/Versions/A/Frameworks/vecLib.framework/Versions/A/libLAPACK.dylib
0x0000000005ed6000 	/System/Library/Frameworks/Accelerate.framework/Versions/A/Frameworks/vecLib.framework/Versions/A/libLinearAlgebra.dylib
0x0000000005ed6000 	/System/Library/Frameworks/Accelerate.framework/Versions/A/Frameworks/vecLib.framework/Versions/A/libSparseBLAS.dylib
0x0000000005ed6000 	/System/Library/Frameworks/Accelerate.framework/Versions/A/Frameworks/vecLib.framework/Versions/A/libQuadrature.dylib
0x0000000005ed6000 	/System/Library/Frameworks/Accelerate.framework/Versions/A/Frameworks/vecLib.framework/Versions/A/libBNNS.dylib
0x0000000005ed6000 	/System/Library/Frameworks/Accelerate.framework/Versions/A/Frameworks/vecLib.framework/Versions/A/libSparse.dylib
0x0000000005ed6000 	/System/Library/PrivateFrameworks/LanguageModeling.framework/Versions/A/LanguageModeling
0x0000000005ed6000 	/System/Library/PrivateFrameworks/CoreEmoji.framework/Versions/A/CoreEmoji
0x0000000005ed6000 	/System/Library/PrivateFrameworks/LinguisticData.framework/Versions/A/LinguisticData
0x0000000005ed6000 	/System/Library/PrivateFrameworks/Lexicon.framework/Versions/A/Lexicon
0x0000000005ed6000 	/usr/lib/libcmph.dylib
0x0000000005ed6000 	/System/Library/Frameworks/OpenDirectory.framework/Versions/A/Frameworks/CFOpenDirectory.framework/Versions/A/CFOpenDirectory
0x0000000005ed6000 	/System/Library/Frameworks/OpenDirectory.framework/Versions/A/OpenDirectory
0x0000000005ed6000 	/System/Library/PrivateFrameworks/APFS.framework/Versions/A/APFS
0x0000000005ed6000 	/System/Library/Frameworks/SecurityFoundation.framework/Versions/A/SecurityFoundation
0x0000000005ed6000 	/usr/lib/libutil.dylib
0x0000000005ed6000 	/System/Library/PrivateFrameworks/CoreServicesStore.framework/Versions/A/CoreServicesStore
0x0000000005ed6000 	/System/Library/Frameworks/ServiceManagement.framework/Versions/A/ServiceManagement
0x0000000005ed6000 	/System/Library/PrivateFrameworks/BackgroundTaskManagement.framework/Versions/A/BackgroundTaskManagement
0x0000000005ed6000 	/usr/lib/libxslt.1.dylib
0x0000000005ed6000 	/System/Library/PrivateFrameworks/AppleSystemInfo.framework/Versions/A/AppleSystemInfo
0x0000000005ed6000 	/System/Library/Frameworks/ImageIO.framework/Versions/A/Resources/libJPEG.dylib
0x0000000005ed6000 	/System/Library/Frameworks/ImageIO.framework/Versions/A/Resources/libTIFF.dylib
0x0000000005ed6000 	/System/Library/Frameworks/ImageIO.framework/Versions/A/Resources/libPng.dylib
0x0000000005ed6000 	/System/Library/Frameworks/ImageIO.framework/Versions/A/Resources/libGIF.dylib
0x0000000005ed6000 	/System/Library/Frameworks/ImageIO.framework/Versions/A/Resources/libJP2.dylib
0x0000000005ed6000 	/System/Library/Frameworks/ImageIO.framework/Versions/A/Resources/libRadiance.dylib
0x0000000005ed6000 	/usr/lib/libexpat.1.dylib
0x0000000005ed6000 	/System/Library/PrivateFrameworks/AppleJPEG.framework/Versions/A/AppleJPEG
0x0000000005ed6000 	/System/Library/PrivateFrameworks/FontServices.framework/libFontParser.dylib
0x0000000005ed6000 	/System/Library/PrivateFrameworks/WatchdogClient.framework/Versions/A/WatchdogClient
0x0000000005ed6000 	/System/Library/PrivateFrameworks/IOAccelerator.framework/Versions/A/IOAccelerator
0x0000000005ed6000 	/System/Library/Frameworks/MetalPerformanceShaders.framework/Versions/A/MetalPerformanceShaders
0x0000000005ed6000 	/System/Library/PrivateFrameworks/GPUWrangler.framework/Versions/A/GPUWrangler
0x0000000005ed6000 	/System/Library/PrivateFrameworks/IOPresentment.framework/Versions/A/IOPresentment
0x0000000005ed6000 	/System/Library/PrivateFrameworks/DSExternalDisplay.framework/Versions/A/DSExternalDisplay
0x0000000005ed6000 	/System/Library/Frameworks/OpenGL.framework/Versions/A/Libraries/libCoreFSCache.dylib
0x0000000005ed6000 	/System/Library/Frameworks/MetalPerformanceShaders.framework/Frameworks/MPSCore.framework/Versions/A/MPSCore
0x0000000005ed6000 	/System/Library/Frameworks/MetalPerformanceShaders.framework/Frameworks/MPSImage.framework/Versions/A/MPSImage
0x0000000005ed6000 	/System/Library/Frameworks/MetalPerformanceShaders.framework/Frameworks/MPSNeuralNetwork.framework/Versions/A/MPSNeuralNetwork
0x0000000005ed6000 	/System/Library/Frameworks/MetalPerformanceShaders.framework/Frameworks/MPSMatrix.framework/Versions/A/MPSMatrix
0x0000000005ed6000 	/System/Library/Frameworks/MetalPerformanceShaders.framework/Frameworks/MPSRayIntersector.framework/Versions/A/MPSRayIntersector
0x0000000005ed6000 	/System/Library/Frameworks/MetalPerformanceShaders.framework/Frameworks/MPSNDArray.framework/Versions/A/MPSNDArray
0x0000000005ed6000 	/System/Library/PrivateFrameworks/MetalTools.framework/Versions/A/MetalTools
0x0000000005ed6000 	/System/Library/PrivateFrameworks/AggregateDictionary.framework/Versions/A/AggregateDictionary
0x0000000005ed6000 	/System/Library/PrivateFrameworks/CoreAnalytics.framework/Versions/A/CoreAnalytics
0x0000000005ed6000 	/System/Library/PrivateFrameworks/AppleSauce.framework/Versions/A/AppleSauce
0x0000000005ed6000 	/usr/lib/libIOReport.dylib
0x0000000005ed6000 	/System/Library/Frameworks/CoreVideo.framework/Versions/A/CoreVideo
0x0000000005ed6000 	/System/Library/PrivateFrameworks/GraphVisualizer.framework/Versions/A/GraphVisualizer
0x0000000005ed6000 	/System/Library/PrivateFrameworks/FaceCore.framework/Versions/A/FaceCore
0x0000000005ed6000 	/System/Library/Frameworks/OpenCL.framework/Versions/A/OpenCL
0x0000000005ed6000 	/usr/lib/libFosl_dynamic.dylib
0x0000000005ed6000 	/System/Library/PrivateFrameworks/OTSVG.framework/Versions/A/OTSVG
0x0000000005ed6000 	/System/Library/Frameworks/ApplicationServices.framework/Versions/A/Frameworks/ATS.framework/Versions/A/Resources/libFontRegistry.dylib
0x0000000005ed6000 	/System/Library/PrivateFrameworks/FontServices.framework/libhvf.dylib
0x0000000005ed6000 	/System/Library/Frameworks/OpenGL.framework/Versions/A/Libraries/libGFXShared.dylib
0x0000000005ed6000 	/System/Library/Frameworks/OpenGL.framework/Versions/A/Libraries/libGLU.dylib
0x0000000005ed6000 	/System/Library/Frameworks/OpenGL.framework/Versions/A/Libraries/libGL.dylib
0x0000000005ed6000 	/System/Library/Frameworks/OpenGL.framework/Versions/A/Libraries/libGLImage.dylib
0x0000000005ed6000 	/System/Library/Frameworks/OpenGL.framework/Versions/A/Libraries/libCVMSPluginSupport.dylib
0x0000000005ed6000 	/System/Library/Frameworks/OpenGL.framework/Versions/A/Libraries/libCoreVMClient.dylib
0x0000000005ed6000 	/usr/lib/libncurses.5.4.dylib
0x0000000005ed6000 	/System/Library/Frameworks/ApplicationServices.framework/Versions/A/Frameworks/ATS.framework/Versions/A/ATS
0x0000000005ed6000 	/System/Library/Frameworks/ApplicationServices.framework/Versions/A/Frameworks/ColorSyncLegacy.framework/Versions/A/ColorSyncLegacy
0x0000000005ed6000 	/System/Library/Frameworks/ApplicationServices.framework/Versions/A/Frameworks/HIServices.framework/Versions/A/HIServices
0x0000000005ed6000 	/System/Library/Frameworks/ApplicationServices.framework/Versions/A/Frameworks/LangAnalysis.framework/Versions/A/LangAnalysis
0x0000000005ed6000 	/System/Library/Frameworks/ApplicationServices.framework/Versions/A/Frameworks/PrintCore.framework/Versions/A/PrintCore
0x0000000005ed6000 	/System/Library/Frameworks/ApplicationServices.framework/Versions/A/Frameworks/QD.framework/Versions/A/QD
0x0000000005ed6000 	/System/Library/Frameworks/ApplicationServices.framework/Versions/A/Frameworks/SpeechSynthesis.framework/Versions/A/SpeechSynthesis
0x0000000005ed6000 	/System/Library/Frameworks/ApplicationServices.framework/Versions/A/Frameworks/ATSUI.framework/Versions/A/ATSUI
0x0000000005ed6000 	/usr/lib/libcups.2.dylib
0x0000000005ed6000 	/System/Library/Frameworks/Kerberos.framework/Versions/A/Kerberos
0x0000000005ed6000 	/System/Library/Frameworks/GSS.framework/Versions/A/GSS
0x0000000005ed6000 	/usr/lib/libresolv.9.dylib
0x0000000005ed6000 	/System/Library/PrivateFrameworks/Heimdal.framework/Versions/A/Heimdal
0x0000000005ed6000 	/System/Library/Frameworks/Kerberos.framework/Versions/A/Libraries/libHeimdalProxy.dylib
0x0000000005ed6000 	/usr/lib/libheimdal-asn1.dylib
0x0000000005ed6000 	/System/Library/PrivateFrameworks/CommonAuth.framework/Versions/A/CommonAuth
0x0000000005ed6000 	/System/Library/PrivateFrameworks/AssertionServices.framework/Versions/A/AssertionServices
0x0000000005ed6000 	/System/Library/PrivateFrameworks/AudioToolboxCore.framework/Versions/A/AudioToolboxCore
0x0000000005ed6000 	/System/Library/PrivateFrameworks/caulk.framework/Versions/A/caulk
0x0000000005ed6000 	/System/Library/PrivateFrameworks/BaseBoard.framework/Versions/A/BaseBoard
0x0000000005ed6000 	/System/Library/PrivateFrameworks/RunningBoardServices.framework/Versions/A/RunningBoardServices
0x0000000005ed6000 	/System/Library/PrivateFrameworks/PersistentConnection.framework/Versions/A/PersistentConnection
0x0000000005ed6000 	/System/Library/PrivateFrameworks/ProtocolBuffer.framework/Versions/A/ProtocolBuffer
0x0000000005ed6000 	/System/Library/PrivateFrameworks/CommonUtilities.framework/Versions/A/CommonUtilities
0x0000000005ed6000 	/System/Library/PrivateFrameworks/Bom.framework/Versions/A/Bom
0x0000000005ed6000 	/usr/lib/libAudioToolboxUtility.dylib
0x0000000005ed6000 	/System/Library/PrivateFrameworks/Backup.framework/Versions/A/Backup
0x0000000005ed6000 	/System/Library/PrivateFrameworks/CrashReporterSupport.framework/Versions/A/CrashReporterSupport
0x0000000005ed6000 	/System/Library/PrivateFrameworks/Sharing.framework/Versions/A/Sharing
0x0000000005ed6000 	/System/Library/PrivateFrameworks/Apple80211.framework/Versions/A/Apple80211
0x0000000005ed6000 	/System/Library/PrivateFrameworks/AuthKit.framework/Versions/A/AuthKit
0x0000000005ed6000 	/System/Library/PrivateFrameworks/CoreUtils.framework/Versions/A/CoreUtils
0x0000000005ed6000 	/System/Library/Frameworks/CoreWLAN.framework/Versions/A/CoreWLAN
0x0000000005ed6000 	/System/Library/Frameworks/IOBluetooth.framework/Versions/A/IOBluetooth
0x0000000005ed6000 	/System/Library/PrivateFrameworks/MobileKeyBag.framework/Versions/A/MobileKeyBag
0x0000000005ed6000 	/System/Library/PrivateFrameworks/CorePhoneNumbers.framework/Versions/A/CorePhoneNumbers
0x0000000005ed6000 	/System/Library/PrivateFrameworks/AppleIDAuthSupport.framework/Versions/A/AppleIDAuthSupport
0x0000000005ed6000 	/System/Library/Frameworks/Network.framework/Versions/A/Network
0x0000000005ed6000 	/System/Library/PrivateFrameworks/KeychainCircle.framework/Versions/A/KeychainCircle
0x0000000005ed6000 	/System/Library/Frameworks/CoreBluetooth.framework/Versions/A/CoreBluetooth
0x0000000005ed6000 	/System/Library/PrivateFrameworks/SpeechRecognitionCore.framework/Versions/A/SpeechRecognitionCore
0x0000000102800000 	/Library/Java/JavaVirtualMachines/jdk1.8.0_161.jdk/Contents/Home/jre/lib/server/libjvm.dylib
0x0000000005ed6000 	/usr/lib/libstdc++.6.dylib
0x0000000101e80000 	/Library/Java/JavaVirtualMachines/jdk1.8.0_161.jdk/Contents/Home/jre/lib/libverify.dylib
0x0000000101e8e000 	/Library/Java/JavaVirtualMachines/jdk1.8.0_161.jdk/Contents/Home/jre/lib/libjava.dylib
0x0000000101f0e000 	/Library/Java/JavaVirtualMachines/jdk1.8.0_161.jdk/Contents/Home/jre/lib/libzip.dylib
0x0000000105b41000 	/Library/Java/JavaVirtualMachines/jdk1.8.0_161.jdk/Contents/Home/jre/lib/libawt.dylib
0x0000000105beb000 	/Library/Java/JavaVirtualMachines/jdk1.8.0_161.jdk/Contents/Home/jre/lib/libmlib_image.dylib
0x0000000005ed6000 	/System/Library/Frameworks/JavaVM.framework/Versions/A/Frameworks/JavaNativeFoundation.framework/Versions/A/JavaNativeFoundation
0x0000000005ed6000 	/System/Library/Frameworks/JavaVM.framework/Versions/A/Frameworks/JavaRuntimeSupport.framework/Versions/A/JavaRuntimeSupport
0x0000000005ed6000 	/System/Library/Frameworks/JavaVM.framework/Versions/A/JavaVM
0x0000000005ed6000 	/System/Library/PrivateFrameworks/JavaLaunching.framework/Versions/A/JavaLaunching
0x0000000005ed6000 	/System/Library/Frameworks/Carbon.framework/Versions/A/Carbon
0x0000000005ed6000 	/System/Library/PrivateFrameworks/CoreSymbolication.framework/Versions/A/CoreSymbolication
0x0000000005ed6000 	/System/Library/Frameworks/Carbon.framework/Versions/A/Frameworks/CommonPanels.framework/Versions/A/CommonPanels
0x0000000005ed6000 	/System/Library/Frameworks/Carbon.framework/Versions/A/Frameworks/Help.framework/Versions/A/Help
0x0000000005ed6000 	/System/Library/Frameworks/Carbon.framework/Versions/A/Frameworks/ImageCapture.framework/Versions/A/ImageCapture
0x0000000005ed6000 	/System/Library/Frameworks/Carbon.framework/Versions/A/Frameworks/OpenScripting.framework/Versions/A/OpenScripting
0x0000000005ed6000 	/System/Library/Frameworks/Carbon.framework/Versions/A/Frameworks/Ink.framework/Versions/A/Ink
0x0000000005ed6000 	/System/Library/Frameworks/Carbon.framework/Versions/A/Frameworks/Print.framework/Versions/A/Print
0x0000000005ed6000 	/System/Library/Frameworks/Carbon.framework/Versions/A/Frameworks/SecurityHI.framework/Versions/A/SecurityHI
0x0000000005ed6000 	/System/Library/PrivateFrameworks/DebugSymbols.framework/Versions/A/DebugSymbols
0x0000000105cb7000 	/Library/Java/JavaVirtualMachines/jdk1.8.0_161.jdk/Contents/Home/jre/lib/libawt_lwawt.dylib
0x0000000101fbf000 	/Library/Java/JavaVirtualMachines/jdk1.8.0_161.jdk/Contents/Home/jre/lib/libosxapp.dylib
0x0000000005ed6000 	/System/Library/Frameworks/ExceptionHandling.framework/Versions/A/ExceptionHandling
0x0000000005ed6000 	/System/Library/PrivateFrameworks/CoreServicesInternal.framework/Versions/A/CoreServicesInternal
0x0000000005ed6000 	/System/Library/Frameworks/FileProvider.framework/Versions/A/FileProvider
0x0000000005ed6000 	/System/Library/Frameworks/Accounts.framework/Versions/A/Accounts
0x0000000005ed6000 	/System/Library/PrivateFrameworks/GenerationalStorage.framework/Versions/A/GenerationalStorage
0x0000000005ed6000 	/System/Library/PrivateFrameworks/SymptomDiagnosticReporter.framework/Versions/A/SymptomDiagnosticReporter
0x0000000005ed6000 	/System/Library/PrivateFrameworks/AppContainer.framework/Versions/A/AppContainer
0x0000000005ed6000 	/usr/lib/libsandbox.1.dylib
0x0000000005ed6000 	/System/Library/PrivateFrameworks/UserManagement.framework/Versions/A/UserManagement
0x0000000005ed6000 	/System/Library/PrivateFrameworks/ChunkingLibrary.framework/Versions/A/ChunkingLibrary
0x0000000005ed6000 	/System/Library/PrivateFrameworks/AppSandbox.framework/Versions/A/AppSandbox
0x0000000005ed6000 	/System/Library/PrivateFrameworks/SecCodeWrapper.framework/Versions/A/SecCodeWrapper
0x0000000005ed6000 	/usr/lib/libMatch.1.dylib
0x0000000005ed6000 	/System/Library/CoreServices/RawCamera.bundle/Contents/MacOS/RawCamera
0x0000000005ed6000 	/System/Library/PrivateFrameworks/MobileAsset.framework/Versions/A/MobileAsset
0x0000000005ed6000 	/System/Library/PrivateFrameworks/StreamingZip.framework/Versions/A/StreamingZip
0x0000000005ed6000 	/System/Library/Frameworks/MediaToolbox.framework/Versions/A/MediaToolbox
0x0000000005ed6000 	/System/Library/PrivateFrameworks/CoreAVCHD.framework/Versions/A/CoreAVCHD
0x0000000005ed6000 	/System/Library/Frameworks/MediaAccessibility.framework/Versions/A/MediaAccessibility
0x0000000005ed6000 	/System/Library/PrivateFrameworks/Mangrove.framework/Versions/A/Mangrove
0x0000000005ed6000 	/System/Library/Frameworks/CoreMedia.framework/Versions/A/CoreMedia
0x0000000005ed6000 	/System/Library/PrivateFrameworks/MediaExperience.framework/Versions/A/MediaExperience
0x0000000005ed6000 	/System/Library/Frameworks/VideoToolbox.framework/Versions/A/VideoToolbox
0x0000000005ed6000 	/System/Library/PrivateFrameworks/CoreAUC.framework/Versions/A/CoreAUC
0x0000000005ed6000 	/usr/lib/libspindump.dylib
0x0000000005ed6000 	/System/Library/PrivateFrameworks/AudioResourceArbitration.framework/Versions/A/AudioResourceArbitration
0x0000000005ed6000 	/System/Library/PrivateFrameworks/AppleVA.framework/Versions/A/AppleVA
0x0000000005ed6000 	/System/Library/Frameworks/Accelerate.framework/Versions/A/Frameworks/vImage.framework/Versions/A/Libraries/libCGInterfaces.dylib
0x0000000106ee3000 	/usr/lib/libobjc-trampolines.dylib
0x0000000005ed6000 	/System/Library/PrivateFrameworks/FontServices.framework/libTrueTypeScaler.dylib
0x0000000005ed6000 	/System/Library/Extensions/AppleIntelKBLGraphicsMTLDriver.bundle/Contents/MacOS/AppleIntelKBLGraphicsMTLDriver
0x0000000005ed6000 	/System/Library/PrivateFrameworks/GPUCompiler.framework/Versions/3902/Libraries/libmetal_timestamp.dylib
0x0000000005ed6000 	/System/Library/PrivateFrameworks/FamilyControls.framework/Versions/A/FamilyControls
0x0000000005ed6000 	/System/Library/PrivateFrameworks/CommerceKit.framework/Versions/A/Frameworks/CommerceCore.framework/Versions/A/CommerceCore
0x0000000005ed6000 	/System/Library/PrivateFrameworks/SystemAdministration.framework/Versions/A/SystemAdministration
0x0000000005ed6000 	/System/Library/PrivateFrameworks/DiskManagement.framework/Versions/A/DiskManagement
0x0000000005ed6000 	/System/Library/Frameworks/DirectoryService.framework/Versions/A/DirectoryService
0x0000000005ed6000 	/System/Library/PrivateFrameworks/DiskImages.framework/Versions/A/DiskImages
0x0000000005ed6000 	/System/Library/PrivateFrameworks/LoginUIKit.framework/Versions/A/Frameworks/LoginUICore.framework/Versions/A/LoginUICore
0x0000000005ed6000 	/usr/lib/libCoreStorage.dylib
0x0000000005ed6000 	/usr/lib/libcsfde.dylib
0x0000000005ed6000 	/usr/lib/libodfde.dylib
0x0000000005ed6000 	/System/Library/PrivateFrameworks/MediaKit.framework/Versions/A/MediaKit
0x0000000005ed6000 	/System/Library/Frameworks/DiscRecording.framework/Versions/A/DiscRecording
0x0000000005ed6000 	/System/Library/PrivateFrameworks/EFILogin.framework/Versions/A/EFILogin
0x0000000005ed6000 	/System/Library/PrivateFrameworks/ProtectedCloudStorage.framework/Versions/A/ProtectedCloudStorage
0x0000000005ed6000 	/usr/lib/libcurl.4.dylib
0x0000000005ed6000 	/usr/lib/libcrypto.44.dylib
0x0000000005ed6000 	/usr/lib/libssl.46.dylib
0x0000000005ed6000 	/System/Library/Frameworks/LDAP.framework/Versions/A/LDAP
0x0000000005ed6000 	/System/Library/PrivateFrameworks/TrustEvaluationAgent.framework/Versions/A/TrustEvaluationAgent
0x0000000005ed6000 	/usr/lib/libsasl2.2.dylib
0x0000000005ed6000 	/System/Library/PrivateFrameworks/CoreDaemon.framework/Versions/B/CoreDaemon
0x0000000005ed6000 	/System/Library/PrivateFrameworks/AppleSRP.framework/Versions/A/AppleSRP
0x0000000005ed6000 	/System/Library/PrivateFrameworks/ViewBridge.framework/Versions/A/ViewBridge
0x0000000005ed6000 	/System/Library/Frameworks/OpenGL.framework/Versions/A/Resources/GLEngine.bundle/GLEngine
0x0000000005ed6000 	/System/Library/Frameworks/OpenGL.framework/Versions/A/Libraries/libGLProgrammability.dylib
0x0000000005ed6000 	/System/Library/Extensions/AppleIntelKBLGraphicsGLDriver.bundle/Contents/MacOS/AppleIntelKBLGraphicsGLDriver
0x0000000005ed6000 	/System/Library/PrivateFrameworks/GPUSupport.framework/Versions/A/Libraries/libGPUSupportMercury.dylib
0x0000000005ed6000 	/System/Library/Frameworks/OpenGL.framework/Versions/A/Resources/GLRendererFloat.bundle/GLRendererFloat
0x0000000005ed6000 	/System/Library/Frameworks/OpenCL.framework/Versions/A/Libraries/libcldcpuengine.dylib
0x0000000005ed6000 	/System/Library/PrivateFrameworks/login.framework/Versions/A/login
0x000000012143d000 	/Library/Java/JavaVirtualMachines/jdk1.8.0_161.jdk/Contents/Home/jre/lib/libfontmanager.dylib
0x0000000005ed6000 	/System/Library/PrivateFrameworks/HDRProcessing.framework/Versions/A/HDRProcessing
0x00000001224b5000 	/Library/Java/JavaVirtualMachines/jdk1.8.0_161.jdk/Contents/Home/jre/lib/libosxui.dylib
0x0000000122a37000 	/Library/Java/JavaVirtualMachines/jdk1.8.0_161.jdk/Contents/Home/jre/lib/libnet.dylib
0x0000000122846000 	/Library/Java/JavaVirtualMachines/jdk1.8.0_161.jdk/Contents/Home/jre/lib/libnio.dylib
0x0000000122555000 	/private/var/folders/j1/0vsbplgs3730b8p3dwn2dx7h0000gn/T/jogamp_0000/file_cache/jln325132468071175215/jln2842789012303155071/libgluegen-rt.jnilib
0x0000000122559000 	/private/var/folders/j1/0vsbplgs3730b8p3dwn2dx7h0000gn/T/jogamp_0000/file_cache/jln325132468071175215/jln2842789012303155071/libnativewindow_awt.jnilib
0x000000019067e000 	/Library/Java/JavaVirtualMachines/jdk1.8.0_161.jdk/Contents/Home/jre/lib/libjawt.dylib
0x0000000190681000 	/private/var/folders/j1/0vsbplgs3730b8p3dwn2dx7h0000gn/T/jogamp_0000/file_cache/jln325132468071175215/jln2842789012303155071/libnativewindow_macosx.jnilib
0x000000019068b000 	/private/var/folders/j1/0vsbplgs3730b8p3dwn2dx7h0000gn/T/jogamp_0000/file_cache/jln325132468071175215/jln2842789012303155071/libjogl_desktop.jnilib

VM Arguments:
jvm_args: -Djava.security.policy=java.policy.applet -Dfile.encoding=UTF-8 
java_command: sun.applet.AppletViewer module4.EarthquakeCityMap1593424377959.html
java_class_path (initial): /Library/Java/JavaVirtualMachines/jdk1.8.0_161.jdk/Contents/Home/jre/lib/resources.jar:/Library/Java/JavaVirtualMachines/jdk1.8.0_161.jdk/Contents/Home/jre/lib/rt.jar:/Library/Java/JavaVirtualMachines/jdk1.8.0_161.jdk/Contents/Home/jre/lib/jsse.jar:/Library/Java/JavaVirtualMachines/jdk1.8.0_161.jdk/Contents/Home/jre/lib/jce.jar:/Library/Java/JavaVirtualMachines/jdk1.8.0_161.jdk/Contents/Home/jre/lib/charsets.jar:/Library/Java/JavaVirtualMachines/jdk1.8.0_161.jdk/Contents/Home/jre/lib/jfr.jar:/Library/Java/JavaVirtualMachines/jdk1.8.0_161.jdk/Contents/Home/jre/lib/ext/sunec.jar:/Library/Java/JavaVirtualMachines/jdk1.8.0_161.jdk/Contents/Home/jre/lib/ext/nashorn.jar:/Library/Java/JavaVirtualMachines/jdk1.8.0_161.jdk/Contents/Home/jre/lib/ext/cldrdata.jar:/Library/Java/JavaVirtualMachines/jdk1.8.0_161.jdk/Contents/Home/jre/lib/ext/jfxrt.jar:/Library/Java/JavaVirtualMachines/jdk1.8.0_161.jdk/Contents/Home/jre/lib/ext/dnsns.jar:/Library/Java/JavaVirtualMachines/jdk1.8.0_161.jdk/Contents/Home/jre/lib/ext/localedata.jar:/Library/Java/JavaVirtualMachines/jdk1.8.0_161.jdk/Contents/Home/jre/lib/ext/sunjce_provider.jar:/Library/Java/JavaVirtualMachines/jdk1.8.0_161.jdk/Contents/Home/jre/lib/ext/sunpkcs11.jar:/Library/Java/JavaVirtualMachines/jdk1.8.0_161.jdk/Contents/Home/jre/lib/ext/jaccess.jar:/Library/Java/JavaVirtualMachines/jdk1.8.0_161.jdk/Contents/Home/jre/lib/ext/zipfs.jar:/System/Library/Java/Extensions/MRJToolkit.jar:/Users/kilingcheung/iCloud Drive (Archive)/Desktop/Desktop/Coursera/Java-Data-Structure/Object-Oriented-Programming/UCSDUnfoldingMaps/build:/Users/kilingcheung/iCloud Drive (Archive)/Desktop/Desktop/Coursera/Java-Data-Structure/Object-Oriented-Programming/UCSDUnfoldingMaps/lib/core.jar:/Users/kilingcheung/iCloud Drive (Archive)/Desktop/Desktop/Coursera/Java-Data-Structure/Object-Oriented-Programming/UCSDUnfoldingMaps/lib/gluegen-rt.jar:/Users/kilingcheung/iCloud Drive (Archive)/Desktop/Desktop/Coursera/Java-Data-Structure/Obj
Launcher Type: SUN_STANDARD

Environment Variables:
PATH=/usr/bin:/bin:/usr/sbin:/sbin
SHELL=/bin/bash

Signal Handlers:
SIGSEGV: [libjvm.dylib+0x5b5439], sa_mask[0]=11111111011111110111111111111111, sa_flags=SA_ONSTACK|SA_RESTART|SA_SIGINFO
SIGBUS: [libjvm.dylib+0x5b5439], sa_mask[0]=11111111011111110111111111111111, sa_flags=SA_RESTART|SA_SIGINFO
SIGFPE: [libjvm.dylib+0x48ae24], sa_mask[0]=11111111011111110111111111111111, sa_flags=SA_RESTART|SA_SIGINFO
SIGPIPE: [libjvm.dylib+0x48ae24], sa_mask[0]=11111111011111110111111111111111, sa_flags=SA_RESTART|SA_SIGINFO
SIGXFSZ: [libjvm.dylib+0x48ae24], sa_mask[0]=11111111011111110111111111111111, sa_flags=SA_RESTART|SA_SIGINFO
SIGILL: [libjvm.dylib+0x48ae24], sa_mask[0]=11111111011111110111111111111111, sa_flags=SA_RESTART|SA_SIGINFO
SIGUSR1: SIG_DFL, sa_mask[0]=00000000000000000000000000000000, sa_flags=none
SIGUSR2: [libjvm.dylib+0x48a942], sa_mask[0]=00100000000000000000000000000000, sa_flags=SA_RESTART|SA_SIGINFO
SIGHUP: [libjvm.dylib+0x488f0d], sa_mask[0]=11111111011111110111111111111111, sa_flags=SA_RESTART|SA_SIGINFO
SIGINT: [libjvm.dylib+0x488f0d], sa_mask[0]=11111111011111110111111111111111, sa_flags=SA_RESTART|SA_SIGINFO
SIGTERM: [libjvm.dylib+0x488f0d], sa_mask[0]=11111111011111110111111111111111, sa_flags=SA_RESTART|SA_SIGINFO
SIGQUIT: [libjvm.dylib+0x488f0d], sa_mask[0]=11111111011111110111111111111111, sa_flags=SA_RESTART|SA_SIGINFO


---------------  S Y S T E M  ---------------

OS:Bsduname:Darwin 19.5.0 Darwin Kernel Version 19.5.0: Thu Apr 30 18:25:59 PDT 2020; root:xnu-6153.121.1~7/RELEASE_X86_64 x86_64
rlimit: STACK 8192k, CORE 0k, NPROC 2784, NOFILE 10240, AS infinity
load average:1.28 1.42 1.51

CPU:total 4 (initial active 4) (2 cores per cpu, 2 threads per core) family 6 model 142 stepping 9, cmov, cx8, fxsr, mmx, sse, sse2, sse3, ssse3, sse4.1, sse4.2, popcnt, avx, avx2, aes, clmul, erms, rtm, 3dnowpref, lzcnt, ht, tsc, tscinvbit, bmi1, bmi2, adx

Memory: 4k page, physical 16777216k(2348588k free)

/proc/meminfo:


vm_info: Java HotSpot(TM) 64-Bit Server VM (25.161-b12) for bsd-amd64 JRE (1.8.0_161-b12), built on Dec 19 2017 16:22:20 by "java_re" with gcc 4.2.1 (Based on Apple Inc. build 5658) (LLVM build 2336.11.00)

time: Mon Jun 29 17:53:31 2020
elapsed time: 33 seconds (0d 0h 0m 33s)

